{"meta": {"format": 3, "version": "7.10.4", "timestamp": "2025-09-05T23:15:57.839736", "branch_coverage": false, "show_contexts": false}, "files": {"solarwindpy/__init__.py": {"executed_lines": [1, 7, 9, 11, 13, 23, 24, 27, 29, 32, 34, 35, 36, 37, 38, 39, 40, 41, 43, 64, 66, 68, 69], "summary": {"covered_lines": 22, "num_statements": 24, "percent_covered": 91.66666666666667, "percent_covered_display": "92", "missing_lines": 2, "excluded_lines": 0}, "missing_lines": [70, 72], "excluded_lines": [], "functions": {"_configure_pandas": {"executed_lines": [29], "summary": {"covered_lines": 1, "num_statements": 1, "percent_covered": 100.0, "percent_covered_display": "100", "missing_lines": 0, "excluded_lines": 0}, "missing_lines": [], "excluded_lines": []}, "": {"executed_lines": [1, 7, 9, 11, 13, 23, 24, 27, 32, 34, 35, 36, 37, 38, 39, 40, 41, 43, 64, 66, 68, 69], "summary": {"covered_lines": 21, "num_statements": 23, "percent_covered": 91.30434782608695, "percent_covered_display": "91", "missing_lines": 2, "excluded_lines": 0}, "missing_lines": [70, 72], "excluded_lines": []}}, "classes": {"": {"executed_lines": [1, 7, 9, 11, 13, 23, 24, 27, 29, 32, 34, 35, 36, 37, 38, 39, 40, 41, 43, 64, 66, 68, 69], "summary": {"covered_lines": 22, "num_statements": 24, "percent_covered": 91.66666666666667, "percent_covered_display": "92", "missing_lines": 2, "excluded_lines": 0}, "missing_lines": [70, 72], "excluded_lines": []}}}, "solarwindpy/core/__init__.py": {"executed_lines": [1, 3, 4, 5, 6, 7, 8, 9, 10, 12], "summary": {"covered_lines": 9, "num_statements": 9, "percent_covered": 100.0, "percent_covered_display": "100", "missing_lines": 0, "excluded_lines": 0}, "missing_lines": [], "excluded_lines": [], "functions": {"": {"executed_lines": [1, 3, 4, 5, 6, 7, 8, 9, 10, 12], "summary": {"covered_lines": 9, "num_statements": 9, "percent_covered": 100.0, "percent_covered_display": "100", "missing_lines": 0, "excluded_lines": 0}, "missing_lines": [], "excluded_lines": []}}, "classes": {"": {"executed_lines": [1, 3, 4, 5, 6, 7, 8, 9, 10, 12], "summary": {"covered_lines": 9, "num_statements": 9, "percent_covered": 100.0, "percent_covered_display": "100", "missing_lines": 0, "excluded_lines": 0}, "missing_lines": [], "excluded_lines": []}}}, "solarwindpy/core/alfvenic_turbulence.py": {"executed_lines": [2, 22, 23, 25, 31, 33, 36, 37, 55, 79, 80, 90, 91, 93, 95, 96, 101, 103, 104, 106, 108, 109, 111, 113, 114, 116, 118, 119, 122, 123, 124, 129, 131, 132, 134, 136, 137, 139, 141, 142, 147, 149, 150, 152, 153, 155, 156, 158, 160, 161, 163, 164, 166, 167, 169, 171, 172, 174, 175, 177, 178, 180, 182, 183, 185, 186, 188, 189, 191, 193, 194, 196, 197, 199, 200, 202, 204, 205, 209, 210, 212, 213, 215, 217, 218, 220, 222, 223, 225, 227, 228, 230, 232, 233, 235, 237, 238, 240, 242, 243, 245, 247, 248, 250, 252, 253, 255, 256, 257, 258, 260, 261, 263, 264, 265, 266, 267, 268, 270, 271, 273, 275, 276, 278, 280, 281, 283, 285, 286, 288, 290, 291, 293, 295, 315, 316, 317, 318, 320, 323, 324, 325, 336, 339, 341, 371, 372, 420, 421, 423, 424, 425, 427, 428, 430, 431, 432, 433, 434, 436, 437, 440, 441, 442, 444, 447], "summary": {"covered_lines": 164, "num_statements": 185, "percent_covered": 88.64864864864865, "percent_covered_display": "89", "missing_lines": 21, "excluded_lines": 0}, "missing_lines": [125, 126, 319, 321, 326, 373, 374, 375, 383, 388, 389, 390, 396, 399, 402, 404, 407, 408, 412, 438, 439], "excluded_lines": [], "functions": {"AlfvenicTurbulence.__init__": {"executed_lines": [79, 80], "summary": {"covered_lines": 2, "num_statements": 2, "percent_covered": 100.0, "percent_covered_display": "100", "missing_lines": 0, "excluded_lines": 0}, "missing_lines": [], "excluded_lines": []}, "AlfvenicTurbulence.data": {"executed_lines": [93], "summary": {"covered_lines": 1, "num_statements": 1, "percent_covered": 100.0, "percent_covered_display": "100", "missing_lines": 0, "excluded_lines": 0}, "missing_lines": [], "excluded_lines": []}, "AlfvenicTurbulence.averaging_info": {"executed_lines": [101], "summary": {"covered_lines": 1, "num_statements": 1, "percent_covered": 100.0, "percent_covered_display": "100", "missing_lines": 0, "excluded_lines": 0}, "missing_lines": [], "excluded_lines": []}, "AlfvenicTurbulence.measurements": {"executed_lines": [106], "summary": {"covered_lines": 1, "num_statements": 1, "percent_covered": 100.0, "percent_covered_display": "100", "missing_lines": 0, "excluded_lines": 0}, "missing_lines": [], "excluded_lines": []}, "AlfvenicTurbulence.velocity": {"executed_lines": [111], "summary": {"covered_lines": 1, "num_statements": 1, "percent_covered": 100.0, "percent_covered_display": "100", "missing_lines": 0, "excluded_lines": 0}, "missing_lines": [], "excluded_lines": []}, "AlfvenicTurbulence.v": {"executed_lines": [116], "summary": {"covered_lines": 1, "num_statements": 1, "percent_covered": 100.0, "percent_covered_display": "100", "missing_lines": 0, "excluded_lines": 0}, "missing_lines": [], "excluded_lines": []}, "AlfvenicTurbulence.bfield": {"executed_lines": [122, 123, 124, 129], "summary": {"covered_lines": 4, "num_statements": 6, "percent_covered": 66.66666666666667, "percent_covered_display": "67", "missing_lines": 2, "excluded_lines": 0}, "missing_lines": [125, 126], "excluded_lines": []}, "AlfvenicTurbulence.b": {"executed_lines": [134], "summary": {"covered_lines": 1, "num_statements": 1, "percent_covered": 100.0, "percent_covered_display": "100", "missing_lines": 0, "excluded_lines": 0}, "missing_lines": [], "excluded_lines": []}, "AlfvenicTurbulence.polarity": {"executed_lines": [139], "summary": {"covered_lines": 1, "num_statements": 1, "percent_covered": 100.0, "percent_covered_display": "100", "missing_lines": 0, "excluded_lines": 0}, "missing_lines": [], "excluded_lines": []}, "AlfvenicTurbulence.species": {"executed_lines": [147], "summary": {"covered_lines": 1, "num_statements": 1, "percent_covered": 100.0, "percent_covered_display": "100", "missing_lines": 0, "excluded_lines": 0}, "missing_lines": [], "excluded_lines": []}, "AlfvenicTurbulence.z_plus": {"executed_lines": [152, 153], "summary": {"covered_lines": 2, "num_statements": 2, "percent_covered": 100.0, "percent_covered_display": "100", "missing_lines": 0, "excluded_lines": 0}, "missing_lines": [], "excluded_lines": []}, "AlfvenicTurbulence.zp": {"executed_lines": [158], "summary": {"covered_lines": 1, "num_statements": 1, "percent_covered": 100.0, "percent_covered_display": "100", "missing_lines": 0, "excluded_lines": 0}, "missing_lines": [], "excluded_lines": []}, "AlfvenicTurbulence.z_minus": {"executed_lines": [163, 164], "summary": {"covered_lines": 2, "num_statements": 2, "percent_covered": 100.0, "percent_covered_display": "100", "missing_lines": 0, "excluded_lines": 0}, "missing_lines": [], "excluded_lines": []}, "AlfvenicTurbulence.zm": {"executed_lines": [169], "summary": {"covered_lines": 1, "num_statements": 1, "percent_covered": 100.0, "percent_covered_display": "100", "missing_lines": 0, "excluded_lines": 0}, "missing_lines": [], "excluded_lines": []}, "AlfvenicTurbulence.e_plus": {"executed_lines": [174, 175], "summary": {"covered_lines": 2, "num_statements": 2, "percent_covered": 100.0, "percent_covered_display": "100", "missing_lines": 0, "excluded_lines": 0}, "missing_lines": [], "excluded_lines": []}, "AlfvenicTurbulence.ep": {"executed_lines": [180], "summary": {"covered_lines": 1, "num_statements": 1, "percent_covered": 100.0, "percent_covered_display": "100", "missing_lines": 0, "excluded_lines": 0}, "missing_lines": [], "excluded_lines": []}, "AlfvenicTurbulence.e_minus": {"executed_lines": [185, 186], "summary": {"covered_lines": 2, "num_statements": 2, "percent_covered": 100.0, "percent_covered_display": "100", "missing_lines": 0, "excluded_lines": 0}, "missing_lines": [], "excluded_lines": []}, "AlfvenicTurbulence.em": {"executed_lines": [191], "summary": {"covered_lines": 1, "num_statements": 1, "percent_covered": 100.0, "percent_covered_display": "100", "missing_lines": 0, "excluded_lines": 0}, "missing_lines": [], "excluded_lines": []}, "AlfvenicTurbulence.kinetic_energy": {"executed_lines": [196, 197], "summary": {"covered_lines": 2, "num_statements": 2, "percent_covered": 100.0, "percent_covered_display": "100", "missing_lines": 0, "excluded_lines": 0}, "missing_lines": [], "excluded_lines": []}, "AlfvenicTurbulence.ev": {"executed_lines": [202], "summary": {"covered_lines": 1, "num_statements": 1, "percent_covered": 100.0, "percent_covered_display": "100", "missing_lines": 0, "excluded_lines": 0}, "missing_lines": [], "excluded_lines": []}, "AlfvenicTurbulence.magnetic_energy": {"executed_lines": [209, 210], "summary": {"covered_lines": 2, "num_statements": 2, "percent_covered": 100.0, "percent_covered_display": "100", "missing_lines": 0, "excluded_lines": 0}, "missing_lines": [], "excluded_lines": []}, "AlfvenicTurbulence.eb": {"executed_lines": [215], "summary": {"covered_lines": 1, "num_statements": 1, "percent_covered": 100.0, "percent_covered_display": "100", "missing_lines": 0, "excluded_lines": 0}, "missing_lines": [], "excluded_lines": []}, "AlfvenicTurbulence.total_energy": {"executed_lines": [220], "summary": {"covered_lines": 1, "num_statements": 1, "percent_covered": 100.0, "percent_covered_display": "100", "missing_lines": 0, "excluded_lines": 0}, "missing_lines": [], "excluded_lines": []}, "AlfvenicTurbulence.etot": {"executed_lines": [225], "summary": {"covered_lines": 1, "num_statements": 1, "percent_covered": 100.0, "percent_covered_display": "100", "missing_lines": 0, "excluded_lines": 0}, "missing_lines": [], "excluded_lines": []}, "AlfvenicTurbulence.residual_energy": {"executed_lines": [230], "summary": {"covered_lines": 1, "num_statements": 1, "percent_covered": 100.0, "percent_covered_display": "100", "missing_lines": 0, "excluded_lines": 0}, "missing_lines": [], "excluded_lines": []}, "AlfvenicTurbulence.eres": {"executed_lines": [235], "summary": {"covered_lines": 1, "num_statements": 1, "percent_covered": 100.0, "percent_covered_display": "100", "missing_lines": 0, "excluded_lines": 0}, "missing_lines": [], "excluded_lines": []}, "AlfvenicTurbulence.normalized_residual_energy": {"executed_lines": [240], "summary": {"covered_lines": 1, "num_statements": 1, "percent_covered": 100.0, "percent_covered_display": "100", "missing_lines": 0, "excluded_lines": 0}, "missing_lines": [], "excluded_lines": []}, "AlfvenicTurbulence.eres_norm": {"executed_lines": [245], "summary": {"covered_lines": 1, "num_statements": 1, "percent_covered": 100.0, "percent_covered_display": "100", "missing_lines": 0, "excluded_lines": 0}, "missing_lines": [], "excluded_lines": []}, "AlfvenicTurbulence.sigma_r": {"executed_lines": [250], "summary": {"covered_lines": 1, "num_statements": 1, "percent_covered": 100.0, "percent_covered_display": "100", "missing_lines": 0, "excluded_lines": 0}, "missing_lines": [], "excluded_lines": []}, "AlfvenicTurbulence.cross_helicity": {"executed_lines": [255, 256, 257, 258], "summary": {"covered_lines": 4, "num_statements": 4, "percent_covered": 100.0, "percent_covered_display": "100", "missing_lines": 0, "excluded_lines": 0}, "missing_lines": [], "excluded_lines": []}, "AlfvenicTurbulence.normalized_cross_helicity": {"executed_lines": [263, 264, 265, 266, 267, 268], "summary": {"covered_lines": 6, "num_statements": 6, "percent_covered": 100.0, "percent_covered_display": "100", "missing_lines": 0, "excluded_lines": 0}, "missing_lines": [], "excluded_lines": []}, "AlfvenicTurbulence.sigma_c": {"executed_lines": [273], "summary": {"covered_lines": 1, "num_statements": 1, "percent_covered": 100.0, "percent_covered_display": "100", "missing_lines": 0, "excluded_lines": 0}, "missing_lines": [], "excluded_lines": []}, "AlfvenicTurbulence.alfven_ratio": {"executed_lines": [278], "summary": {"covered_lines": 1, "num_statements": 1, "percent_covered": 100.0, "percent_covered_display": "100", "missing_lines": 0, "excluded_lines": 0}, "missing_lines": [], "excluded_lines": []}, "AlfvenicTurbulence.rA": {"executed_lines": [283], "summary": {"covered_lines": 1, "num_statements": 1, "percent_covered": 100.0, "percent_covered_display": "100", "missing_lines": 0, "excluded_lines": 0}, "missing_lines": [], "excluded_lines": []}, "AlfvenicTurbulence.elsasser_ratio": {"executed_lines": [288], "summary": {"covered_lines": 1, "num_statements": 1, "percent_covered": 100.0, "percent_covered_display": "100", "missing_lines": 0, "excluded_lines": 0}, "missing_lines": [], "excluded_lines": []}, "AlfvenicTurbulence.rE": {"executed_lines": [293], "summary": {"covered_lines": 1, "num_statements": 1, "percent_covered": 100.0, "percent_covered_display": "100", "missing_lines": 0, "excluded_lines": 0}, "missing_lines": [], "excluded_lines": []}, "AlfvenicTurbulence.set_data": {"executed_lines": [315, 316, 317, 318, 320, 323, 324, 325, 336, 339, 341, 371, 372, 420, 421, 423, 424, 425, 427, 428, 430, 431, 432, 433, 434], "summary": {"covered_lines": 25, "num_statements": 42, "percent_covered": 59.523809523809526, "percent_covered_display": "60", "missing_lines": 17, "excluded_lines": 0}, "missing_lines": [319, 321, 326, 373, 374, 375, 383, 388, 389, 390, 396, 399, 402, 404, 407, 408, 412], "excluded_lines": []}, "AlfvenicTurbulence._clean_species_for_setting": {"executed_lines": [437, 440, 441, 442, 444, 447], "summary": {"covered_lines": 6, "num_statements": 8, "percent_covered": 75.0, "percent_covered_display": "75", "missing_lines": 2, "excluded_lines": 0}, "missing_lines": [438, 439], "excluded_lines": []}, "": {"executed_lines": [2, 22, 23, 25, 31, 33, 36, 37, 55, 90, 91, 95, 96, 103, 104, 108, 109, 113, 114, 118, 119, 131, 132, 136, 137, 141, 142, 149, 150, 155, 156, 160, 161, 166, 167, 171, 172, 177, 178, 182, 183, 188, 189, 193, 194, 199, 200, 204, 205, 212, 213, 217, 218, 222, 223, 227, 228, 232, 233, 237, 238, 242, 243, 247, 248, 252, 253, 260, 261, 270, 271, 275, 276, 280, 281, 285, 286, 290, 291, 295, 436], "summary": {"covered_lines": 79, "num_statements": 79, "percent_covered": 100.0, "percent_covered_display": "100", "missing_lines": 0, "excluded_lines": 0}, "missing_lines": [], "excluded_lines": []}}, "classes": {"AlfvenicTurbulence": {"executed_lines": [79, 80, 93, 101, 106, 111, 116, 122, 123, 124, 129, 134, 139, 147, 152, 153, 158, 163, 164, 169, 174, 175, 180, 185, 186, 191, 196, 197, 202, 209, 210, 215, 220, 225, 230, 235, 240, 245, 250, 255, 256, 257, 258, 263, 264, 265, 266, 267, 268, 273, 278, 283, 288, 293, 315, 316, 317, 318, 320, 323, 324, 325, 336, 339, 341, 371, 372, 420, 421, 423, 424, 425, 427, 428, 430, 431, 432, 433, 434, 437, 440, 441, 442, 444, 447], "summary": {"covered_lines": 85, "num_statements": 106, "percent_covered": 80.18867924528301, "percent_covered_display": "80", "missing_lines": 21, "excluded_lines": 0}, "missing_lines": [125, 126, 319, 321, 326, 373, 374, 375, 383, 388, 389, 390, 396, 399, 402, 404, 407, 408, 412, 438, 439], "excluded_lines": []}, "": {"executed_lines": [2, 22, 23, 25, 31, 33, 36, 37, 55, 90, 91, 95, 96, 103, 104, 108, 109, 113, 114, 118, 119, 131, 132, 136, 137, 141, 142, 149, 150, 155, 156, 160, 161, 166, 167, 171, 172, 177, 178, 182, 183, 188, 189, 193, 194, 199, 200, 204, 205, 212, 213, 217, 218, 222, 223, 227, 228, 232, 233, 237, 238, 242, 243, 247, 248, 252, 253, 260, 261, 270, 271, 275, 276, 280, 281, 285, 286, 290, 291, 295, 436], "summary": {"covered_lines": 79, "num_statements": 79, "percent_covered": 100.0, "percent_covered_display": "100", "missing_lines": 0, "excluded_lines": 0}, "missing_lines": [], "excluded_lines": []}}}, "solarwindpy/core/base.py": {"executed_lines": [2, 8, 9, 10, 11, 13, 14, 15, 17, 20, 21, 38, 39, 40, 41, 43, 53, 66, 67, 68, 69, 70, 71, 72, 79, 80, 88, 90, 91, 99, 101, 102, 110, 112, 113, 121, 123, 124, 126, 127, 129, 130, 132, 133, 153, 154, 155, 156, 157, 158, 164, 165, 167, 168, 169, 170, 173, 175, 176, 177, 181, 182, 187, 188, 201, 202, 203, 205, 206, 219, 220, 222, 223, 236, 237, 239, 241, 242, 243, 246, 247, 249, 257, 259, 267], "summary": {"covered_lines": 82, "num_statements": 87, "percent_covered": 94.25287356321839, "percent_covered_display": "94", "missing_lines": 5, "excluded_lines": 0}, "missing_lines": [51, 74, 75, 76, 77], "excluded_lines": [], "functions": {"Core.__init__": {"executed_lines": [39, 40, 41], "summary": {"covered_lines": 3, "num_statements": 3, "percent_covered": 100.0, "percent_covered_display": "100", "missing_lines": 0, "excluded_lines": 0}, "missing_lines": [], "excluded_lines": []}, "Core.__str__": {"executed_lines": [], "summary": {"covered_lines": 0, "num_statements": 1, "percent_covered": 0.0, "percent_covered_display": "0", "missing_lines": 1, "excluded_lines": 0}, "missing_lines": [51], "excluded_lines": []}, "Core.__eq__": {"executed_lines": [66, 67, 68, 69, 70, 71, 72], "summary": {"covered_lines": 7, "num_statements": 11, "percent_covered": 63.63636363636363, "percent_covered_display": "64", "missing_lines": 4, "excluded_lines": 0}, "missing_lines": [74, 75, 76, 77], "excluded_lines": []}, "Core.logger": {"executed_lines": [88], "summary": {"covered_lines": 1, "num_statements": 1, "percent_covered": 100.0, "percent_covered_display": "100", "missing_lines": 0, "excluded_lines": 0}, "missing_lines": [], "excluded_lines": []}, "Core.units": {"executed_lines": [99], "summary": {"covered_lines": 1, "num_statements": 1, "percent_covered": 100.0, "percent_covered_display": "100", "missing_lines": 0, "excluded_lines": 0}, "missing_lines": [], "excluded_lines": []}, "Core.constants": {"executed_lines": [110], "summary": {"covered_lines": 1, "num_statements": 1, "percent_covered": 100.0, "percent_covered_display": "100", "missing_lines": 0, "excluded_lines": 0}, "missing_lines": [], "excluded_lines": []}, "Core.data": {"executed_lines": [121], "summary": {"covered_lines": 1, "num_statements": 1, "percent_covered": 100.0, "percent_covered_display": "100", "missing_lines": 0, "excluded_lines": 0}, "missing_lines": [], "excluded_lines": []}, "Core._init_logger": {"executed_lines": [124], "summary": {"covered_lines": 1, "num_statements": 1, "percent_covered": 100.0, "percent_covered_display": "100", "missing_lines": 0, "excluded_lines": 0}, "missing_lines": [], "excluded_lines": []}, "Core._init_units": {"executed_lines": [127], "summary": {"covered_lines": 1, "num_statements": 1, "percent_covered": 100.0, "percent_covered_display": "100", "missing_lines": 0, "excluded_lines": 0}, "missing_lines": [], "excluded_lines": []}, "Core._init_constants": {"executed_lines": [130], "summary": {"covered_lines": 1, "num_statements": 1, "percent_covered": 100.0, "percent_covered_display": "100", "missing_lines": 0, "excluded_lines": 0}, "missing_lines": [], "excluded_lines": []}, "Core._conform_species": {"executed_lines": [153, 154, 155, 156, 157, 158, 164, 165], "summary": {"covered_lines": 8, "num_statements": 8, "percent_covered": 100.0, "percent_covered_display": "100", "missing_lines": 0, "excluded_lines": 0}, "missing_lines": [], "excluded_lines": []}, "Core._clean_species_for_setting": {"executed_lines": [169, 170, 173], "summary": {"covered_lines": 3, "num_statements": 3, "percent_covered": 100.0, "percent_covered_display": "100", "missing_lines": 0, "excluded_lines": 0}, "missing_lines": [], "excluded_lines": []}, "Core._verify_datetimeindex": {"executed_lines": [176, 177, 181, 182], "summary": {"covered_lines": 4, "num_statements": 4, "percent_covered": 100.0, "percent_covered_display": "100", "missing_lines": 0, "excluded_lines": 0}, "missing_lines": [], "excluded_lines": []}, "Base.__init__": {"executed_lines": [202, 203], "summary": {"covered_lines": 2, "num_statements": 2, "percent_covered": 100.0, "percent_covered_display": "100", "missing_lines": 0, "excluded_lines": 0}, "missing_lines": [], "excluded_lines": []}, "Base.mi_tuples": {"executed_lines": [219, 220], "summary": {"covered_lines": 2, "num_statements": 2, "percent_covered": 100.0, "percent_covered_display": "100", "missing_lines": 0, "excluded_lines": 0}, "missing_lines": [], "excluded_lines": []}, "Base.set_data": {"executed_lines": [236, 237, 239], "summary": {"covered_lines": 3, "num_statements": 3, "percent_covered": 100.0, "percent_covered_display": "100", "missing_lines": 0, "excluded_lines": 0}, "missing_lines": [], "excluded_lines": []}, "Base._clean_species_for_setting": {"executed_lines": [242, 243, 246, 247], "summary": {"covered_lines": 4, "num_statements": 4, "percent_covered": 100.0, "percent_covered_display": "100", "missing_lines": 0, "excluded_lines": 0}, "missing_lines": [], "excluded_lines": []}, "Base.head": {"executed_lines": [257], "summary": {"covered_lines": 1, "num_statements": 1, "percent_covered": 100.0, "percent_covered_display": "100", "missing_lines": 0, "excluded_lines": 0}, "missing_lines": [], "excluded_lines": []}, "Base.tail": {"executed_lines": [267], "summary": {"covered_lines": 1, "num_statements": 1, "percent_covered": 100.0, "percent_covered_display": "100", "missing_lines": 0, "excluded_lines": 0}, "missing_lines": [], "excluded_lines": []}, "": {"executed_lines": [2, 8, 9, 10, 11, 13, 14, 15, 17, 20, 21, 38, 43, 53, 79, 80, 90, 91, 101, 102, 112, 113, 123, 126, 129, 132, 133, 167, 168, 175, 187, 188, 201, 205, 206, 222, 223, 241, 249, 259], "summary": {"covered_lines": 37, "num_statements": 37, "percent_covered": 100.0, "percent_covered_display": "100", "missing_lines": 0, "excluded_lines": 0}, "missing_lines": [], "excluded_lines": []}}, "classes": {"Core": {"executed_lines": [39, 40, 41, 66, 67, 68, 69, 70, 71, 72, 88, 99, 110, 121, 124, 127, 130, 153, 154, 155, 156, 157, 158, 164, 165, 169, 170, 173, 176, 177, 181, 182], "summary": {"covered_lines": 32, "num_statements": 37, "percent_covered": 86.48648648648648, "percent_covered_display": "86", "missing_lines": 5, "excluded_lines": 0}, "missing_lines": [51, 74, 75, 76, 77], "excluded_lines": []}, "Base": {"executed_lines": [202, 203, 219, 220, 236, 237, 239, 242, 243, 246, 247, 257, 267], "summary": {"covered_lines": 13, "num_statements": 13, "percent_covered": 100.0, "percent_covered_display": "100", "missing_lines": 0, "excluded_lines": 0}, "missing_lines": [], "excluded_lines": []}, "": {"executed_lines": [2, 8, 9, 10, 11, 13, 14, 15, 17, 20, 21, 38, 43, 53, 79, 80, 90, 91, 101, 102, 112, 113, 123, 126, 129, 132, 133, 167, 168, 175, 187, 188, 201, 205, 206, 222, 223, 241, 249, 259], "summary": {"covered_lines": 37, "num_statements": 37, "percent_covered": 100.0, "percent_covered_display": "100", "missing_lines": 0, "excluded_lines": 0}, "missing_lines": [], "excluded_lines": []}}}, "solarwindpy/core/ions.py": {"executed_lines": [2, 8, 9, 11, 12, 13, 16, 17, 34, 77, 78, 80, 97, 110, 112, 114, 127, 129, 130, 131, 132, 135, 143, 146, 148, 149, 151, 153, 154, 156, 158, 159, 161, 163, 164, 166, 168, 169, 171, 173, 174, 176, 178, 179, 181, 183, 184, 186, 187, 188, 190, 191, 193, 195, 196, 204, 205, 206, 207, 208, 210, 211, 219, 220, 221, 222, 223, 224, 226, 227, 235, 236, 237, 238, 239, 241, 242, 250, 251, 252, 253, 254, 255, 257, 258, 271, 272, 273, 274, 275, 276, 277, 279, 280, 282, 284, 285, 306, 307], "summary": {"covered_lines": 97, "num_statements": 110, "percent_covered": 88.18181818181819, "percent_covered_display": "88", "missing_lines": 13, "excluded_lines": 0}, "missing_lines": [93, 94, 95, 111, 133, 144, 298, 299, 300, 301, 303, 304, 309], "excluded_lines": [], "functions": {"Ion.__init__": {"executed_lines": [77, 78], "summary": {"covered_lines": 2, "num_statements": 2, "percent_covered": 100.0, "percent_covered_display": "100", "missing_lines": 0, "excluded_lines": 0}, "missing_lines": [], "excluded_lines": []}, "Ion.__eq__": {"executed_lines": [], "summary": {"covered_lines": 0, "num_statements": 3, "percent_covered": 0.0, "percent_covered_display": "0", "missing_lines": 3, "excluded_lines": 0}, "missing_lines": [93, 94, 95], "excluded_lines": []}, "Ion.set_species": {"executed_lines": [110, 112], "summary": {"covered_lines": 2, "num_statements": 3, "percent_covered": 66.66666666666667, "percent_covered_display": "67", "missing_lines": 1, "excluded_lines": 0}, "missing_lines": [111], "excluded_lines": []}, "Ion.set_data": {"executed_lines": [127, 129, 130, 131, 132, 135, 143, 146], "summary": {"covered_lines": 8, "num_statements": 10, "percent_covered": 80.0, "percent_covered_display": "80", "missing_lines": 2, "excluded_lines": 0}, "missing_lines": [133, 144], "excluded_lines": []}, "Ion.species": {"executed_lines": [151], "summary": {"covered_lines": 1, "num_statements": 1, "percent_covered": 100.0, "percent_covered_display": "100", "missing_lines": 0, "excluded_lines": 0}, "missing_lines": [], "excluded_lines": []}, "Ion.velocity": {"executed_lines": [156], "summary": {"covered_lines": 1, "num_statements": 1, "percent_covered": 100.0, "percent_covered_display": "100", "missing_lines": 0, "excluded_lines": 0}, "missing_lines": [], "excluded_lines": []}, "Ion.v": {"executed_lines": [161], "summary": {"covered_lines": 1, "num_statements": 1, "percent_covered": 100.0, "percent_covered_display": "100", "missing_lines": 0, "excluded_lines": 0}, "missing_lines": [], "excluded_lines": []}, "Ion.thermal_speed": {"executed_lines": [166], "summary": {"covered_lines": 1, "num_statements": 1, "percent_covered": 100.0, "percent_covered_display": "100", "missing_lines": 0, "excluded_lines": 0}, "missing_lines": [], "excluded_lines": []}, "Ion.w": {"executed_lines": [171], "summary": {"covered_lines": 1, "num_statements": 1, "percent_covered": 100.0, "percent_covered_display": "100", "missing_lines": 0, "excluded_lines": 0}, "missing_lines": [], "excluded_lines": []}, "Ion.number_density": {"executed_lines": [176], "summary": {"covered_lines": 1, "num_statements": 1, "percent_covered": 100.0, "percent_covered_display": "100", "missing_lines": 0, "excluded_lines": 0}, "missing_lines": [], "excluded_lines": []}, "Ion.n": {"executed_lines": [181], "summary": {"covered_lines": 1, "num_statements": 1, "percent_covered": 100.0, "percent_covered_display": "100", "missing_lines": 0, "excluded_lines": 0}, "missing_lines": [], "excluded_lines": []}, "Ion.mass_density": {"executed_lines": [186, 187, 188], "summary": {"covered_lines": 3, "num_statements": 3, "percent_covered": 100.0, "percent_covered_display": "100", "missing_lines": 0, "excluded_lines": 0}, "missing_lines": [], "excluded_lines": []}, "Ion.rho": {"executed_lines": [193], "summary": {"covered_lines": 1, "num_statements": 1, "percent_covered": 100.0, "percent_covered_display": "100", "missing_lines": 0, "excluded_lines": 0}, "missing_lines": [], "excluded_lines": []}, "Ion.anisotropy": {"executed_lines": [204, 205, 206, 207, 208], "summary": {"covered_lines": 5, "num_statements": 5, "percent_covered": 100.0, "percent_covered_display": "100", "missing_lines": 0, "excluded_lines": 0}, "missing_lines": [], "excluded_lines": []}, "Ion.temperature": {"executed_lines": [219, 220, 221, 222, 223, 224], "summary": {"covered_lines": 6, "num_statements": 6, "percent_covered": 100.0, "percent_covered_display": "100", "missing_lines": 0, "excluded_lines": 0}, "missing_lines": [], "excluded_lines": []}, "Ion.pth": {"executed_lines": [235, 236, 237, 238, 239], "summary": {"covered_lines": 5, "num_statements": 5, "percent_covered": 100.0, "percent_covered_display": "100", "missing_lines": 0, "excluded_lines": 0}, "missing_lines": [], "excluded_lines": []}, "Ion.cs": {"executed_lines": [250, 251, 252, 253, 254, 255], "summary": {"covered_lines": 6, "num_statements": 6, "percent_covered": 100.0, "percent_covered_display": "100", "missing_lines": 0, "excluded_lines": 0}, "missing_lines": [], "excluded_lines": []}, "Ion.specific_entropy": {"executed_lines": [271, 272, 273, 274, 275, 276, 277], "summary": {"covered_lines": 7, "num_statements": 7, "percent_covered": 100.0, "percent_covered_display": "100", "missing_lines": 0, "excluded_lines": 0}, "missing_lines": [], "excluded_lines": []}, "Ion.S": {"executed_lines": [282], "summary": {"covered_lines": 1, "num_statements": 1, "percent_covered": 100.0, "percent_covered_display": "100", "missing_lines": 0, "excluded_lines": 0}, "missing_lines": [], "excluded_lines": []}, "Ion.kinetic_energy_flux": {"executed_lines": [], "summary": {"covered_lines": 0, "num_statements": 6, "percent_covered": 0.0, "percent_covered_display": "0", "missing_lines": 6, "excluded_lines": 0}, "missing_lines": [298, 299, 300, 301, 303, 304], "excluded_lines": []}, "Ion.Wk": {"executed_lines": [], "summary": {"covered_lines": 0, "num_statements": 1, "percent_covered": 0.0, "percent_covered_display": "0", "missing_lines": 1, "excluded_lines": 0}, "missing_lines": [309], "excluded_lines": []}, "": {"executed_lines": [2, 8, 9, 11, 12, 13, 16, 17, 34, 80, 97, 114, 148, 149, 153, 154, 158, 159, 163, 164, 168, 169, 173, 174, 178, 179, 183, 184, 190, 191, 195, 196, 210, 211, 226, 227, 241, 242, 257, 258, 279, 280, 284, 285, 306, 307], "summary": {"covered_lines": 44, "num_statements": 44, "percent_covered": 100.0, "percent_covered_display": "100", "missing_lines": 0, "excluded_lines": 0}, "missing_lines": [], "excluded_lines": []}}, "classes": {"Ion": {"executed_lines": [77, 78, 110, 112, 127, 129, 130, 131, 132, 135, 143, 146, 151, 156, 161, 166, 171, 176, 181, 186, 187, 188, 193, 204, 205, 206, 207, 208, 219, 220, 221, 222, 223, 224, 235, 236, 237, 238, 239, 250, 251, 252, 253, 254, 255, 271, 272, 273, 274, 275, 276, 277, 282], "summary": {"covered_lines": 53, "num_statements": 66, "percent_covered": 80.3030303030303, "percent_covered_display": "80", "missing_lines": 13, "excluded_lines": 0}, "missing_lines": [93, 94, 95, 111, 133, 144, 298, 299, 300, 301, 303, 304, 309], "excluded_lines": []}, "": {"executed_lines": [2, 8, 9, 11, 12, 13, 16, 17, 34, 80, 97, 114, 148, 149, 153, 154, 158, 159, 163, 164, 168, 169, 173, 174, 178, 179, 183, 184, 190, 191, 195, 196, 210, 211, 226, 227, 241, 242, 257, 258, 279, 280, 284, 285, 306, 307], "summary": {"covered_lines": 44, "num_statements": 44, "percent_covered": 100.0, "percent_covered_display": "100", "missing_lines": 0, "excluded_lines": 0}, "missing_lines": [], "excluded_lines": []}}}, "solarwindpy/core/plasma.py": {"executed_lines": [2, 31, 32, 33, 39, 40, 41, 42, 43, 46, 47, 121, 200, 201, 202, 203, 204, 205, 206, 208, 214, 215, 231, 232, 234, 236, 237, 239, 241, 242, 253, 258, 259, 261, 263, 264, 276, 278, 298, 300, 339, 341, 342, 343, 344, 346, 355, 356, 365, 366, 383, 385, 401, 403, 404, 438, 439, 441, 444, 446, 447, 453, 454, 456, 465, 485, 497, 499, 505, 506, 507, 509, 514, 515, 516, 517, 527, 529, 530, 531, 532, 533, 540, 541, 543, 544, 546, 548, 549, 551, 553, 554, 555, 556, 557, 560, 562, 563, 564, 566, 585, 586, 587, 588, 590, 593, 595, 596, 602, 609, 611, 637, 639, 640, 641, 642, 647, 648, 650, 679, 681, 682, 683, 684, 685, 686, 688, 689, 691, 693, 694, 695, 697, 737, 740, 742, 744, 755, 761, 762, 763, 765, 767, 786, 792, 793, 796, 800, 801, 803, 804, 810, 811, 816, 818, 820, 822, 823, 825, 827, 828, 830, 832, 852, 854, 855, 857, 858, 859, 861, 863, 865, 867, 883, 885, 886, 888, 889, 890, 891, 893, 895, 897, 911, 912, 916, 917, 918, 919, 921, 923, 925, 927, 929, 931, 947, 948, 949, 952, 953, 954, 956, 957, 961, 963, 979, 980, 981, 982, 984, 985, 989, 991, 1029, 1030, 1031, 1034, 1035, 1036, 1038, 1039, 1040, 1041, 1043, 1060, 1062, 1063, 1068, 1070, 1073, 1075, 1076, 1078, 1080, 1098, 1102, 1104, 1105, 1106, 1107, 1110, 1111, 1113, 1114, 1124, 1125, 1126, 1127, 1133, 1136, 1137, 1139, 1141, 1143, 1145, 1168, 1169, 1173, 1175, 1176, 1178, 1179, 1181, 1183, 1204, 1205, 1206, 1207, 1209, 1211, 1213, 1214, 1215, 1221, 1222, 1223, 1225, 1227, 1230, 1231, 1232, 1234, 1235, 1264, 1266, 1268, 1270, 1302, 1306, 1318, 1320, 1321, 1323, 1324, 1325, 1326, 1328, 1329, 1341, 1343, 1368, 1369, 1376, 1378, 1380, 1381, 1383, 1384, 1392, 1393, 1395, 1397, 1398, 1400, 1402, 1403, 1416, 1418, 1446, 1447, 1449, 1450, 1451, 1462, 1464, 1486, 1487, 1489, 1490, 1494, 1496, 1497, 1499, 1500, 1502, 1503, 1505, 1506, 1508, 1509, 1511, 1512, 1514, 1515, 1516, 1518, 1520, 1521, 1542, 1544, 1577, 1579, 1580, 1582, 1589, 1591, 1592, 1594, 1595, 1596, 1597, 1598, 1600, 1601, 1603, 1606, 1608, 1609, 1612, 1613, 1614, 1616, 1619, 1643, 1644, 1645, 1648, 1649, 1650, 1652, 1658, 1660, 1668, 1670, 1690, 1691, 1693, 1694, 1698, 1700, 1702, 1703, 1704, 1705, 1707, 1711, 1712, 1714, 1716, 1717, 1732, 1734, 1777, 1778, 1780, 1781, 1786, 1787, 1793, 1794, 1796, 1797, 1799, 1800, 1801, 1802, 1803, 1805, 1806, 1808, 1809, 1810, 1812, 1814, 1815, 1816, 1837, 1839, 1845, 1847, 1856, 1857, 1861, 1862, 1868, 1870, 1871, 1876, 1877, 1878, 1879, 1881, 1882, 1883, 1884, 1885, 1887, 1890, 1891, 1893, 1897, 1899, 1900, 1901, 1902, 1903, 1905, 1906, 1909, 1910, 1912, 1914, 1947, 1949, 1969, 1970, 1971, 1973, 1974, 1975, 1976, 1977, 1978, 1980, 1981, 1992, 1993, 1994, 1995, 2000, 2001, 2002, 2004, 2006, 2008, 2026, 2028, 2030, 2033, 2034, 2035, 2037, 2038, 2039, 2041, 2042, 2043, 2044, 2047, 2048, 2050, 2052, 2054, 2056, 2058, 2060, 2083, 2084, 2086, 2089, 2091, 2092, 2094, 2099, 2100, 2102, 2104, 2131], "summary": {"covered_lines": 516, "num_statements": 610, "percent_covered": 84.59016393442623, "percent_covered_display": "85", "missing_lines": 94, "excluded_lines": 0}, "missing_lines": [209, 210, 212, 229, 347, 348, 351, 352, 367, 368, 369, 370, 371, 373, 374, 386, 387, 388, 389, 391, 392, 442, 445, 448, 451, 466, 467, 469, 470, 475, 476, 478, 480, 481, 486, 487, 489, 490, 492, 493, 597, 600, 699, 700, 704, 705, 712, 714, 716, 717, 730, 950, 1032, 1064, 1282, 1283, 1284, 1286, 1289, 1290, 1295, 1296, 1298, 1300, 1304, 1583, 1587, 1848, 1854, 1863, 1867, 1869, 1873, 1874, 1915, 1916, 1917, 1918, 1920, 1921, 1922, 1924, 1925, 1926, 1927, 1928, 2120, 2122, 2123, 2125, 2126, 2127, 2129, 2133], "excluded_lines": [], "functions": {"Plasma.__init__": {"executed_lines": [200, 201, 202, 203, 204, 205, 206], "summary": {"covered_lines": 7, "num_statements": 7, "percent_covered": 100.0, "percent_covered_display": "100", "missing_lines": 0, "excluded_lines": 0}, "missing_lines": [], "excluded_lines": []}, "Plasma.__getattr__": {"executed_lines": [], "summary": {"covered_lines": 0, "num_statements": 3, "percent_covered": 0.0, "percent_covered_display": "0", "missing_lines": 3, "excluded_lines": 0}, "missing_lines": [209, 210, 212], "excluded_lines": []}, "Plasma.epoch": {"executed_lines": [], "summary": {"covered_lines": 0, "num_statements": 1, "percent_covered": 0.0, "percent_covered_display": "0", "missing_lines": 1, "excluded_lines": 0}, "missing_lines": [229], "excluded_lines": []}, "Plasma.spacecraft": {"executed_lines": [234], "summary": {"covered_lines": 1, "num_statements": 1, "percent_covered": 100.0, "percent_covered_display": "100", "missing_lines": 0, "excluded_lines": 0}, "missing_lines": [], "excluded_lines": []}, "Plasma.sc": {"executed_lines": [239], "summary": {"covered_lines": 1, "num_statements": 1, "percent_covered": 100.0, "percent_covered_display": "100", "missing_lines": 0, "excluded_lines": 0}, "missing_lines": [], "excluded_lines": []}, "Plasma.auxiliary_data": {"executed_lines": [253], "summary": {"covered_lines": 1, "num_statements": 1, "percent_covered": 100.0, "percent_covered_display": "100", "missing_lines": 0, "excluded_lines": 0}, "missing_lines": [], "excluded_lines": []}, "Plasma.aux": {"executed_lines": [261], "summary": {"covered_lines": 1, "num_statements": 1, "percent_covered": 100.0, "percent_covered_display": "100", "missing_lines": 0, "excluded_lines": 0}, "missing_lines": [], "excluded_lines": []}, "Plasma.log_plasma_at_init": {"executed_lines": [276], "summary": {"covered_lines": 1, "num_statements": 1, "percent_covered": 100.0, "percent_covered_display": "100", "missing_lines": 0, "excluded_lines": 0}, "missing_lines": [], "excluded_lines": []}, "Plasma.set_log_plasma_stats": {"executed_lines": [298], "summary": {"covered_lines": 1, "num_statements": 1, "percent_covered": 100.0, "percent_covered_display": "100", "missing_lines": 0, "excluded_lines": 0}, "missing_lines": [], "excluded_lines": []}, "Plasma.save": {"executed_lines": [339, 341, 342, 343, 344, 346, 355, 356, 365, 366, 383, 385, 401], "summary": {"covered_lines": 13, "num_statements": 30, "percent_covered": 43.333333333333336, "percent_covered_display": "43", "missing_lines": 17, "excluded_lines": 0}, "missing_lines": [347, 348, 351, 352, 367, 368, 369, 370, 371, 373, 374, 386, 387, 388, 389, 391, 392], "excluded_lines": []}, "Plasma.load_from_file": {"executed_lines": [438, 439, 441, 444, 446, 447, 453, 454, 456, 465, 485, 497], "summary": {"covered_lines": 12, "num_statements": 31, "percent_covered": 38.70967741935484, "percent_covered_display": "39", "missing_lines": 19, "excluded_lines": 0}, "missing_lines": [442, 445, 448, 451, 466, 467, 469, 470, 475, 476, 478, 480, 481, 486, 487, 489, 490, 492, 493], "excluded_lines": []}, "Plasma._set_species": {"executed_lines": [505, 506, 507], "summary": {"covered_lines": 3, "num_statements": 3, "percent_covered": 100.0, "percent_covered_display": "100", "missing_lines": 0, "excluded_lines": 0}, "missing_lines": [], "excluded_lines": []}, "Plasma._chk_species": {"executed_lines": [514, 515, 516, 517, 527, 529, 530, 531, 532, 533, 540, 541], "summary": {"covered_lines": 12, "num_statements": 12, "percent_covered": 100.0, "percent_covered_display": "100", "missing_lines": 0, "excluded_lines": 0}, "missing_lines": [], "excluded_lines": []}, "Plasma.species": {"executed_lines": [546], "summary": {"covered_lines": 1, "num_statements": 1, "percent_covered": 100.0, "percent_covered_display": "100", "missing_lines": 0, "excluded_lines": 0}, "missing_lines": [], "excluded_lines": []}, "Plasma.ions": {"executed_lines": [551], "summary": {"covered_lines": 1, "num_statements": 1, "percent_covered": 100.0, "percent_covered_display": "100", "missing_lines": 0, "excluded_lines": 0}, "missing_lines": [], "excluded_lines": []}, "Plasma._set_ions": {"executed_lines": [554, 555, 556, 557, 560, 562, 563, 564], "summary": {"covered_lines": 8, "num_statements": 8, "percent_covered": 100.0, "percent_covered_display": "100", "missing_lines": 0, "excluded_lines": 0}, "missing_lines": [], "excluded_lines": []}, "Plasma.drop_species": {"executed_lines": [585, 586, 587, 588, 590, 593, 595, 596, 602, 609], "summary": {"covered_lines": 10, "num_statements": 12, "percent_covered": 83.33333333333333, "percent_covered_display": "83", "missing_lines": 2, "excluded_lines": 0}, "missing_lines": [597, 600], "excluded_lines": []}, "Plasma.set_spacecraft": {"executed_lines": [637, 639, 640, 641, 642, 647, 648], "summary": {"covered_lines": 7, "num_statements": 7, "percent_covered": 100.0, "percent_covered_display": "100", "missing_lines": 0, "excluded_lines": 0}, "missing_lines": [], "excluded_lines": []}, "Plasma.set_auxiliary_data": {"executed_lines": [679, 681, 682, 683, 684, 685, 686, 688, 689], "summary": {"covered_lines": 9, "num_statements": 9, "percent_covered": 100.0, "percent_covered_display": "100", "missing_lines": 0, "excluded_lines": 0}, "missing_lines": [], "excluded_lines": []}, "Plasma._log_object_at_load": {"executed_lines": [693, 694, 695, 697], "summary": {"covered_lines": 4, "num_statements": 13, "percent_covered": 30.76923076923077, "percent_covered_display": "31", "missing_lines": 9, "excluded_lines": 0}, "missing_lines": [699, 700, 704, 705, 712, 714, 716, 717, 730], "excluded_lines": []}, "Plasma.set_data": {"executed_lines": [740, 742, 744, 755, 761, 762, 763, 765, 767, 786, 792, 793, 796, 800, 801, 803, 804, 810, 811, 816, 818, 820], "summary": {"covered_lines": 22, "num_statements": 22, "percent_covered": 100.0, "percent_covered_display": "100", "missing_lines": 0, "excluded_lines": 0}, "missing_lines": [], "excluded_lines": []}, "Plasma.bfield": {"executed_lines": [825], "summary": {"covered_lines": 1, "num_statements": 1, "percent_covered": 100.0, "percent_covered_display": "100", "missing_lines": 0, "excluded_lines": 0}, "missing_lines": [], "excluded_lines": []}, "Plasma.b": {"executed_lines": [830], "summary": {"covered_lines": 1, "num_statements": 1, "percent_covered": 100.0, "percent_covered_display": "100", "missing_lines": 0, "excluded_lines": 0}, "missing_lines": [], "excluded_lines": []}, "Plasma.number_density": {"executed_lines": [852, 854, 855, 857, 858, 859, 861], "summary": {"covered_lines": 7, "num_statements": 7, "percent_covered": 100.0, "percent_covered_display": "100", "missing_lines": 0, "excluded_lines": 0}, "missing_lines": [], "excluded_lines": []}, "Plasma.n": {"executed_lines": [865], "summary": {"covered_lines": 1, "num_statements": 1, "percent_covered": 100.0, "percent_covered_display": "100", "missing_lines": 0, "excluded_lines": 0}, "missing_lines": [], "excluded_lines": []}, "Plasma.mass_density": {"executed_lines": [883, 885, 886, 888, 889, 890, 891], "summary": {"covered_lines": 7, "num_statements": 7, "percent_covered": 100.0, "percent_covered_display": "100", "missing_lines": 0, "excluded_lines": 0}, "missing_lines": [], "excluded_lines": []}, "Plasma.rho": {"executed_lines": [895], "summary": {"covered_lines": 1, "num_statements": 1, "percent_covered": 100.0, "percent_covered_display": "100", "missing_lines": 0, "excluded_lines": 0}, "missing_lines": [], "excluded_lines": []}, "Plasma.thermal_speed": {"executed_lines": [911, 912, 916, 917, 918, 919, 921, 923, 925], "summary": {"covered_lines": 9, "num_statements": 9, "percent_covered": 100.0, "percent_covered_display": "100", "missing_lines": 0, "excluded_lines": 0}, "missing_lines": [], "excluded_lines": []}, "Plasma.w": {"executed_lines": [929], "summary": {"covered_lines": 1, "num_statements": 1, "percent_covered": 100.0, "percent_covered_display": "100", "missing_lines": 0, "excluded_lines": 0}, "missing_lines": [], "excluded_lines": []}, "Plasma.pth": {"executed_lines": [947, 948, 949, 952, 953, 954, 956, 957, 961], "summary": {"covered_lines": 9, "num_statements": 10, "percent_covered": 90.0, "percent_covered_display": "90", "missing_lines": 1, "excluded_lines": 0}, "missing_lines": [950], "excluded_lines": []}, "Plasma.temperature": {"executed_lines": [979, 980, 981, 982, 984, 985, 989], "summary": {"covered_lines": 7, "num_statements": 7, "percent_covered": 100.0, "percent_covered_display": "100", "missing_lines": 0, "excluded_lines": 0}, "missing_lines": [], "excluded_lines": []}, "Plasma.beta": {"executed_lines": [1029, 1030, 1031, 1034, 1035, 1036, 1038, 1039, 1040, 1041], "summary": {"covered_lines": 10, "num_statements": 11, "percent_covered": 90.9090909090909, "percent_covered_display": "91", "missing_lines": 1, "excluded_lines": 0}, "missing_lines": [1032], "excluded_lines": []}, "Plasma.anisotropy": {"executed_lines": [1060, 1062, 1063, 1068, 1070, 1073, 1075, 1076, 1078], "summary": {"covered_lines": 9, "num_statements": 10, "percent_covered": 90.0, "percent_covered_display": "90", "missing_lines": 1, "excluded_lines": 0}, "missing_lines": [1064], "excluded_lines": []}, "Plasma.velocity": {"executed_lines": [1098, 1102, 1104, 1105, 1106, 1107, 1110, 1111, 1113, 1114, 1124, 1125, 1126, 1127, 1133, 1136, 1137, 1139], "summary": {"covered_lines": 18, "num_statements": 18, "percent_covered": 100.0, "percent_covered_display": "100", "missing_lines": 0, "excluded_lines": 0}, "missing_lines": [], "excluded_lines": []}, "Plasma.v": {"executed_lines": [1143], "summary": {"covered_lines": 1, "num_statements": 1, "percent_covered": 100.0, "percent_covered_display": "100", "missing_lines": 0, "excluded_lines": 0}, "missing_lines": [], "excluded_lines": []}, "Plasma.dv": {"executed_lines": [1168, 1169, 1173, 1175, 1176, 1178, 1179, 1181], "summary": {"covered_lines": 8, "num_statements": 8, "percent_covered": 100.0, "percent_covered_display": "100", "missing_lines": 0, "excluded_lines": 0}, "missing_lines": [], "excluded_lines": []}, "Plasma.pdynamic": {"executed_lines": [1204, 1205, 1206, 1207, 1209, 1211, 1213, 1214, 1215, 1221, 1222, 1223, 1225, 1227, 1230, 1231, 1232, 1234, 1235, 1264], "summary": {"covered_lines": 20, "num_statements": 20, "percent_covered": 100.0, "percent_covered_display": "100", "missing_lines": 0, "excluded_lines": 0}, "missing_lines": [], "excluded_lines": []}, "Plasma.pdv": {"executed_lines": [1268], "summary": {"covered_lines": 1, "num_statements": 1, "percent_covered": 100.0, "percent_covered_display": "100", "missing_lines": 0, "excluded_lines": 0}, "missing_lines": [], "excluded_lines": []}, "Plasma.sound_speed": {"executed_lines": [], "summary": {"covered_lines": 0, "num_statements": 10, "percent_covered": 0.0, "percent_covered_display": "0", "missing_lines": 10, "excluded_lines": 0}, "missing_lines": [1282, 1283, 1284, 1286, 1289, 1290, 1295, 1296, 1298, 1300], "excluded_lines": []}, "Plasma.cs": {"executed_lines": [], "summary": {"covered_lines": 0, "num_statements": 1, "percent_covered": 0.0, "percent_covered_display": "0", "missing_lines": 1, "excluded_lines": 0}, "missing_lines": [1304], "excluded_lines": []}, "Plasma.ca": {"executed_lines": [1318, 1320, 1321, 1323, 1324, 1325, 1326, 1328, 1329, 1341], "summary": {"covered_lines": 10, "num_statements": 10, "percent_covered": 100.0, "percent_covered_display": "100", "missing_lines": 0, "excluded_lines": 0}, "missing_lines": [], "excluded_lines": []}, "Plasma.afsq": {"executed_lines": [1368, 1369, 1376, 1378, 1380, 1381, 1383, 1384, 1392, 1393, 1395, 1397, 1398, 1400, 1402, 1403, 1416], "summary": {"covered_lines": 17, "num_statements": 17, "percent_covered": 100.0, "percent_covered_display": "100", "missing_lines": 0, "excluded_lines": 0}, "missing_lines": [], "excluded_lines": []}, "Plasma.caani": {"executed_lines": [1446, 1447, 1449, 1450, 1451, 1462], "summary": {"covered_lines": 6, "num_statements": 6, "percent_covered": 100.0, "percent_covered_display": "100", "missing_lines": 0, "excluded_lines": 0}, "missing_lines": [], "excluded_lines": []}, "Plasma.lnlambda": {"executed_lines": [1486, 1487, 1489, 1490, 1494, 1496, 1497, 1499, 1500, 1502, 1503, 1505, 1506, 1508, 1509, 1511, 1512, 1514, 1515, 1516, 1518, 1520, 1521, 1542], "summary": {"covered_lines": 24, "num_statements": 24, "percent_covered": 100.0, "percent_covered_display": "100", "missing_lines": 0, "excluded_lines": 0}, "missing_lines": [], "excluded_lines": []}, "Plasma.nuc": {"executed_lines": [1577, 1579, 1580, 1582, 1589, 1591, 1592, 1594, 1595, 1596, 1597, 1598, 1600, 1601, 1603, 1606, 1608, 1609, 1612, 1613, 1614, 1616, 1619, 1643, 1644, 1645, 1648, 1649, 1650, 1652, 1658, 1660, 1668], "summary": {"covered_lines": 33, "num_statements": 35, "percent_covered": 94.28571428571429, "percent_covered_display": "94", "missing_lines": 2, "excluded_lines": 0}, "missing_lines": [1583, 1587], "excluded_lines": []}, "Plasma.nc": {"executed_lines": [1690, 1691, 1693, 1694, 1698, 1700, 1702, 1703, 1704, 1705, 1707, 1711, 1712, 1714, 1716, 1717, 1732], "summary": {"covered_lines": 17, "num_statements": 17, "percent_covered": 100.0, "percent_covered_display": "100", "missing_lines": 0, "excluded_lines": 0}, "missing_lines": [], "excluded_lines": []}, "Plasma.vdf_ratio": {"executed_lines": [1777, 1778, 1780, 1781, 1786, 1787, 1793, 1794, 1796, 1797, 1799, 1800, 1801, 1802, 1803, 1805, 1806, 1808, 1809, 1810, 1812, 1814, 1815, 1816, 1837], "summary": {"covered_lines": 25, "num_statements": 25, "percent_covered": 100.0, "percent_covered_display": "100", "missing_lines": 0, "excluded_lines": 0}, "missing_lines": [], "excluded_lines": []}, "Plasma.estimate_electrons": {"executed_lines": [1845, 1847, 1856, 1857, 1861, 1862, 1868, 1870, 1871, 1876, 1877, 1878, 1879, 1881, 1882, 1883, 1884, 1885, 1887, 1890, 1891, 1893, 1897, 1899, 1900, 1901, 1902, 1903, 1905, 1906, 1909, 1910, 1912, 1914, 1947], "summary": {"covered_lines": 35, "num_statements": 54, "percent_covered": 64.81481481481481, "percent_covered_display": "65", "missing_lines": 19, "excluded_lines": 0}, "missing_lines": [1848, 1854, 1863, 1867, 1869, 1873, 1874, 1915, 1916, 1917, 1918, 1920, 1921, 1922, 1924, 1925, 1926, 1927, 1928], "excluded_lines": []}, "Plasma.heat_flux": {"executed_lines": [1969, 1970, 1971, 1973, 1974, 1975, 1976, 1977, 1978, 1980, 1981, 1992, 1993, 1994, 1995, 2000, 2001, 2002], "summary": {"covered_lines": 18, "num_statements": 18, "percent_covered": 100.0, "percent_covered_display": "100", "missing_lines": 0, "excluded_lines": 0}, "missing_lines": [], "excluded_lines": []}, "Plasma.qpar": {"executed_lines": [2006], "summary": {"covered_lines": 1, "num_statements": 1, "percent_covered": 100.0, "percent_covered_display": "100", "missing_lines": 0, "excluded_lines": 0}, "missing_lines": [], "excluded_lines": []}, "Plasma.build_alfvenic_turbulence": {"executed_lines": [2026, 2028, 2030, 2033, 2034, 2035, 2037, 2038, 2039, 2041, 2042, 2043, 2044, 2047, 2048, 2050, 2052, 2054], "summary": {"covered_lines": 18, "num_statements": 18, "percent_covered": 100.0, "percent_covered_display": "100", "missing_lines": 0, "excluded_lines": 0}, "missing_lines": [], "excluded_lines": []}, "Plasma.S": {"executed_lines": [2058], "summary": {"covered_lines": 1, "num_statements": 1, "percent_covered": 100.0, "percent_covered_display": "100", "missing_lines": 0, "excluded_lines": 0}, "missing_lines": [], "excluded_lines": []}, "Plasma.specific_entropy": {"executed_lines": [2083, 2084, 2086, 2089, 2091, 2092, 2094, 2099, 2100, 2102], "summary": {"covered_lines": 10, "num_statements": 10, "percent_covered": 100.0, "percent_covered_display": "100", "missing_lines": 0, "excluded_lines": 0}, "missing_lines": [], "excluded_lines": []}, "Plasma.kinetic_energy_flux": {"executed_lines": [], "summary": {"covered_lines": 0, "num_statements": 7, "percent_covered": 0.0, "percent_covered_display": "0", "missing_lines": 7, "excluded_lines": 0}, "missing_lines": [2120, 2122, 2123, 2125, 2126, 2127, 2129], "excluded_lines": []}, "Plasma.Wk": {"executed_lines": [], "summary": {"covered_lines": 0, "num_statements": 1, "percent_covered": 0.0, "percent_covered_display": "0", "missing_lines": 1, "excluded_lines": 0}, "missing_lines": [2133], "excluded_lines": []}, "": {"executed_lines": [2, 31, 32, 33, 39, 40, 41, 42, 43, 46, 47, 121, 208, 214, 215, 231, 232, 236, 237, 241, 242, 258, 259, 263, 264, 278, 300, 403, 404, 499, 509, 543, 544, 548, 549, 553, 566, 611, 650, 691, 737, 822, 823, 827, 828, 832, 863, 867, 893, 897, 927, 931, 963, 991, 1043, 1080, 1141, 1145, 1183, 1266, 1270, 1302, 1306, 1343, 1418, 1464, 1544, 1670, 1734, 1839, 1949, 2004, 2008, 2056, 2060, 2104, 2131], "summary": {"covered_lines": 75, "num_statements": 75, "percent_covered": 100.0, "percent_covered_display": "100", "missing_lines": 0, "excluded_lines": 0}, "missing_lines": [], "excluded_lines": []}}, "classes": {"Plasma": {"executed_lines": [200, 201, 202, 203, 204, 205, 206, 234, 239, 253, 261, 276, 298, 339, 341, 342, 343, 344, 346, 355, 356, 365, 366, 383, 385, 401, 438, 439, 441, 444, 446, 447, 453, 454, 456, 465, 485, 497, 505, 506, 507, 514, 515, 516, 517, 527, 529, 530, 531, 532, 533, 540, 541, 546, 551, 554, 555, 556, 557, 560, 562, 563, 564, 585, 586, 587, 588, 590, 593, 595, 596, 602, 609, 637, 639, 640, 641, 642, 647, 648, 679, 681, 682, 683, 684, 685, 686, 688, 689, 693, 694, 695, 697, 740, 742, 744, 755, 761, 762, 763, 765, 767, 786, 792, 793, 796, 800, 801, 803, 804, 810, 811, 816, 818, 820, 825, 830, 852, 854, 855, 857, 858, 859, 861, 865, 883, 885, 886, 888, 889, 890, 891, 895, 911, 912, 916, 917, 918, 919, 921, 923, 925, 929, 947, 948, 949, 952, 953, 954, 956, 957, 961, 979, 980, 981, 982, 984, 985, 989, 1029, 1030, 1031, 1034, 1035, 1036, 1038, 1039, 1040, 1041, 1060, 1062, 1063, 1068, 1070, 1073, 1075, 1076, 1078, 1098, 1102, 1104, 1105, 1106, 1107, 1110, 1111, 1113, 1114, 1124, 1125, 1126, 1127, 1133, 1136, 1137, 1139, 1143, 1168, 1169, 1173, 1175, 1176, 1178, 1179, 1181, 1204, 1205, 1206, 1207, 1209, 1211, 1213, 1214, 1215, 1221, 1222, 1223, 1225, 1227, 1230, 1231, 1232, 1234, 1235, 1264, 1268, 1318, 1320, 1321, 1323, 1324, 1325, 1326, 1328, 1329, 1341, 1368, 1369, 1376, 1378, 1380, 1381, 1383, 1384, 1392, 1393, 1395, 1397, 1398, 1400, 1402, 1403, 1416, 1446, 1447, 1449, 1450, 1451, 1462, 1486, 1487, 1489, 1490, 1494, 1496, 1497, 1499, 1500, 1502, 1503, 1505, 1506, 1508, 1509, 1511, 1512, 1514, 1515, 1516, 1518, 1520, 1521, 1542, 1577, 1579, 1580, 1582, 1589, 1591, 1592, 1594, 1595, 1596, 1597, 1598, 1600, 1601, 1603, 1606, 1608, 1609, 1612, 1613, 1614, 1616, 1619, 1643, 1644, 1645, 1648, 1649, 1650, 1652, 1658, 1660, 1668, 1690, 1691, 1693, 1694, 1698, 1700, 1702, 1703, 1704, 1705, 1707, 1711, 1712, 1714, 1716, 1717, 1732, 1777, 1778, 1780, 1781, 1786, 1787, 1793, 1794, 1796, 1797, 1799, 1800, 1801, 1802, 1803, 1805, 1806, 1808, 1809, 1810, 1812, 1814, 1815, 1816, 1837, 1845, 1847, 1856, 1857, 1861, 1862, 1868, 1870, 1871, 1876, 1877, 1878, 1879, 1881, 1882, 1883, 1884, 1885, 1887, 1890, 1891, 1893, 1897, 1899, 1900, 1901, 1902, 1903, 1905, 1906, 1909, 1910, 1912, 1914, 1947, 1969, 1970, 1971, 1973, 1974, 1975, 1976, 1977, 1978, 1980, 1981, 1992, 1993, 1994, 1995, 2000, 2001, 2002, 2006, 2026, 2028, 2030, 2033, 2034, 2035, 2037, 2038, 2039, 2041, 2042, 2043, 2044, 2047, 2048, 2050, 2052, 2054, 2058, 2083, 2084, 2086, 2089, 2091, 2092, 2094, 2099, 2100, 2102], "summary": {"covered_lines": 441, "num_statements": 535, "percent_covered": 82.42990654205607, "percent_covered_display": "82", "missing_lines": 94, "excluded_lines": 0}, "missing_lines": [209, 210, 212, 229, 347, 348, 351, 352, 367, 368, 369, 370, 371, 373, 374, 386, 387, 388, 389, 391, 392, 442, 445, 448, 451, 466, 467, 469, 470, 475, 476, 478, 480, 481, 486, 487, 489, 490, 492, 493, 597, 600, 699, 700, 704, 705, 712, 714, 716, 717, 730, 950, 1032, 1064, 1282, 1283, 1284, 1286, 1289, 1290, 1295, 1296, 1298, 1300, 1304, 1583, 1587, 1848, 1854, 1863, 1867, 1869, 1873, 1874, 1915, 1916, 1917, 1918, 1920, 1921, 1922, 1924, 1925, 1926, 1927, 1928, 2120, 2122, 2123, 2125, 2126, 2127, 2129, 2133], "excluded_lines": []}, "": {"executed_lines": [2, 31, 32, 33, 39, 40, 41, 42, 43, 46, 47, 121, 208, 214, 215, 231, 232, 236, 237, 241, 242, 258, 259, 263, 264, 278, 300, 403, 404, 499, 509, 543, 544, 548, 549, 553, 566, 611, 650, 691, 737, 822, 823, 827, 828, 832, 863, 867, 893, 897, 927, 931, 963, 991, 1043, 1080, 1141, 1145, 1183, 1266, 1270, 1302, 1306, 1343, 1418, 1464, 1544, 1670, 1734, 1839, 1949, 2004, 2008, 2056, 2060, 2104, 2131], "summary": {"covered_lines": 75, "num_statements": 75, "percent_covered": 100.0, "percent_covered_display": "100", "missing_lines": 0, "excluded_lines": 0}, "missing_lines": [], "excluded_lines": []}}}, "solarwindpy/core/spacecraft.py": {"executed_lines": [2, 7, 8, 14, 15, 18, 19, 32, 77, 78, 79, 80, 82, 83, 85, 87, 88, 90, 92, 93, 101, 102, 104, 105, 114, 116, 117, 119, 121, 122, 135, 136, 137, 138, 139, 141, 142, 144, 146, 147, 149, 150, 151, 152, 154, 155, 157, 158, 160, 161, 162, 163, 166, 169, 173, 174, 175, 182, 183, 184, 186, 187, 191, 206, 207, 209, 211, 214, 215, 217, 225, 227, 230, 231, 233, 235, 236, 237, 238, 239, 240, 241, 242, 244, 245, 246, 247, 248, 249, 250, 251, 253, 255, 256], "summary": {"covered_lines": 92, "num_statements": 95, "percent_covered": 96.84210526315789, "percent_covered_display": "97", "missing_lines": 3, "excluded_lines": 0}, "missing_lines": [178, 210, 212], "excluded_lines": [], "functions": {"Spacecraft.__init__": {"executed_lines": [77, 78, 79, 80], "summary": {"covered_lines": 4, "num_statements": 4, "percent_covered": 100.0, "percent_covered_display": "100", "missing_lines": 0, "excluded_lines": 0}, "missing_lines": [], "excluded_lines": []}, "Spacecraft.frame": {"executed_lines": [85], "summary": {"covered_lines": 1, "num_statements": 1, "percent_covered": 100.0, "percent_covered_display": "100", "missing_lines": 0, "excluded_lines": 0}, "missing_lines": [], "excluded_lines": []}, "Spacecraft.name": {"executed_lines": [90], "summary": {"covered_lines": 1, "num_statements": 1, "percent_covered": 100.0, "percent_covered_display": "100", "missing_lines": 0, "excluded_lines": 0}, "missing_lines": [], "excluded_lines": []}, "Spacecraft.position": {"executed_lines": [101, 102], "summary": {"covered_lines": 2, "num_statements": 2, "percent_covered": 100.0, "percent_covered_display": "100", "missing_lines": 0, "excluded_lines": 0}, "missing_lines": [], "excluded_lines": []}, "Spacecraft.pos": {"executed_lines": [114], "summary": {"covered_lines": 1, "num_statements": 1, "percent_covered": 100.0, "percent_covered_display": "100", "missing_lines": 0, "excluded_lines": 0}, "missing_lines": [], "excluded_lines": []}, "Spacecraft.r": {"executed_lines": [119], "summary": {"covered_lines": 1, "num_statements": 1, "percent_covered": 100.0, "percent_covered_display": "100", "missing_lines": 0, "excluded_lines": 0}, "missing_lines": [], "excluded_lines": []}, "Spacecraft.velocity": {"executed_lines": [135, 136, 137, 138, 139], "summary": {"covered_lines": 5, "num_statements": 5, "percent_covered": 100.0, "percent_covered_display": "100", "missing_lines": 0, "excluded_lines": 0}, "missing_lines": [], "excluded_lines": []}, "Spacecraft.v": {"executed_lines": [144], "summary": {"covered_lines": 1, "num_statements": 1, "percent_covered": 100.0, "percent_covered_display": "100", "missing_lines": 0, "excluded_lines": 0}, "missing_lines": [], "excluded_lines": []}, "Spacecraft.carrington": {"executed_lines": [149, 150, 151, 152], "summary": {"covered_lines": 4, "num_statements": 4, "percent_covered": 100.0, "percent_covered_display": "100", "missing_lines": 0, "excluded_lines": 0}, "missing_lines": [], "excluded_lines": []}, "Spacecraft.distance2sun": {"executed_lines": [157, 158, 160, 161, 162, 163, 166, 169, 173, 174, 175, 182, 183, 184], "summary": {"covered_lines": 14, "num_statements": 15, "percent_covered": 93.33333333333333, "percent_covered_display": "93", "missing_lines": 1, "excluded_lines": 0}, "missing_lines": [178], "excluded_lines": []}, "Spacecraft._log_spacecraft": {"executed_lines": [187], "summary": {"covered_lines": 1, "num_statements": 1, "percent_covered": 100.0, "percent_covered_display": "100", "missing_lines": 0, "excluded_lines": 0}, "missing_lines": [], "excluded_lines": []}, "Spacecraft.set_frame_name": {"executed_lines": [206, 207, 209, 211, 214, 215], "summary": {"covered_lines": 6, "num_statements": 8, "percent_covered": 75.0, "percent_covered_display": "75", "missing_lines": 2, "excluded_lines": 0}, "missing_lines": [210, 212], "excluded_lines": []}, "Spacecraft.set_data": {"executed_lines": [225, 227, 230, 231, 233, 235, 236, 237, 238, 239, 240, 241, 242, 244, 245, 246, 247, 248, 249, 250, 251, 253, 255, 256], "summary": {"covered_lines": 24, "num_statements": 24, "percent_covered": 100.0, "percent_covered_display": "100", "missing_lines": 0, "excluded_lines": 0}, "missing_lines": [], "excluded_lines": []}, "": {"executed_lines": [2, 7, 8, 14, 15, 18, 19, 32, 82, 83, 87, 88, 92, 93, 104, 105, 116, 117, 121, 122, 141, 142, 146, 147, 154, 155, 186, 191, 217], "summary": {"covered_lines": 27, "num_statements": 27, "percent_covered": 100.0, "percent_covered_display": "100", "missing_lines": 0, "excluded_lines": 0}, "missing_lines": [], "excluded_lines": []}}, "classes": {"Spacecraft": {"executed_lines": [77, 78, 79, 80, 85, 90, 101, 102, 114, 119, 135, 136, 137, 138, 139, 144, 149, 150, 151, 152, 157, 158, 160, 161, 162, 163, 166, 169, 173, 174, 175, 182, 183, 184, 187, 206, 207, 209, 211, 214, 215, 225, 227, 230, 231, 233, 235, 236, 237, 238, 239, 240, 241, 242, 244, 245, 246, 247, 248, 249, 250, 251, 253, 255, 256], "summary": {"covered_lines": 65, "num_statements": 68, "percent_covered": 95.58823529411765, "percent_covered_display": "96", "missing_lines": 3, "excluded_lines": 0}, "missing_lines": [178, 210, 212], "excluded_lines": []}, "": {"executed_lines": [2, 7, 8, 14, 15, 18, 19, 32, 82, 83, 87, 88, 92, 93, 104, 105, 116, 117, 121, 122, 141, 142, 146, 147, 154, 155, 186, 191, 217], "summary": {"covered_lines": 27, "num_statements": 27, "percent_covered": 100.0, "percent_covered_display": "100", "missing_lines": 0, "excluded_lines": 0}, "missing_lines": [], "excluded_lines": []}}}, "solarwindpy/core/tensor.py": {"executed_lines": [2, 4, 6, 9, 10, 18, 26, 27, 28, 30, 50, 63, 64, 66, 67, 80, 81, 85, 86], "summary": {"covered_lines": 17, "num_statements": 21, "percent_covered": 80.95238095238095, "percent_covered_display": "81", "missing_lines": 4, "excluded_lines": 0}, "missing_lines": [48, 82, 83, 88], "excluded_lines": [], "functions": {"Tensor.__init__": {"executed_lines": [26, 27, 28], "summary": {"covered_lines": 3, "num_statements": 3, "percent_covered": 100.0, "percent_covered_display": "100", "missing_lines": 0, "excluded_lines": 0}, "missing_lines": [], "excluded_lines": []}, "Tensor.__call__": {"executed_lines": [], "summary": {"covered_lines": 0, "num_statements": 1, "percent_covered": 0.0, "percent_covered_display": "0", "missing_lines": 1, "excluded_lines": 0}, "missing_lines": [48], "excluded_lines": []}, "Tensor.set_data": {"executed_lines": [63, 64], "summary": {"covered_lines": 2, "num_statements": 2, "percent_covered": 100.0, "percent_covered_display": "100", "missing_lines": 0, "excluded_lines": 0}, "missing_lines": [], "excluded_lines": []}, "Tensor._validate_data": {"executed_lines": [80, 81], "summary": {"covered_lines": 2, "num_statements": 4, "percent_covered": 50.0, "percent_covered_display": "50", "missing_lines": 2, "excluded_lines": 0}, "missing_lines": [82, 83], "excluded_lines": []}, "Tensor.magnitude": {"executed_lines": [], "summary": {"covered_lines": 0, "num_statements": 1, "percent_covered": 0.0, "percent_covered_display": "0", "missing_lines": 1, "excluded_lines": 0}, "missing_lines": [88], "excluded_lines": []}, "": {"executed_lines": [2, 4, 6, 9, 10, 18, 30, 50, 66, 67, 85, 86], "summary": {"covered_lines": 10, "num_statements": 10, "percent_covered": 100.0, "percent_covered_display": "100", "missing_lines": 0, "excluded_lines": 0}, "missing_lines": [], "excluded_lines": []}}, "classes": {"Tensor": {"executed_lines": [26, 27, 28, 63, 64, 80, 81], "summary": {"covered_lines": 7, "num_statements": 11, "percent_covered": 63.63636363636363, "percent_covered_display": "64", "missing_lines": 4, "excluded_lines": 0}, "missing_lines": [48, 82, 83, 88], "excluded_lines": []}, "": {"executed_lines": [2, 4, 6, 9, 10, 18, 30, 50, 66, 67, 85, 86], "summary": {"covered_lines": 10, "num_statements": 10, "percent_covered": 100.0, "percent_covered_display": "100", "missing_lines": 0, "excluded_lines": 0}, "missing_lines": [], "excluded_lines": []}}}, "solarwindpy/core/units_constants.py": {"executed_lines": [2, 9, 11, 13, 14, 20, 32, 37, 39, 52, 65, 78, 91, 105, 106, 107, 109, 110, 111, 112, 113, 117, 118, 119, 124, 126, 136, 140, 141, 142, 170, 171, 172, 173, 174, 175, 176, 177, 178, 179, 180, 181, 182, 183, 184, 185, 186, 187, 188, 190, 192, 193, 194, 195, 196, 197, 198, 199], "summary": {"covered_lines": 55, "num_statements": 56, "percent_covered": 98.21428571428571, "percent_covered_display": "98", "missing_lines": 1, "excluded_lines": 0}, "missing_lines": [137], "excluded_lines": [], "functions": {"Constants.__post_init__": {"executed_lines": [126, 136], "summary": {"covered_lines": 2, "num_statements": 3, "percent_covered": 66.66666666666667, "percent_covered_display": "67", "missing_lines": 1, "excluded_lines": 0}, "missing_lines": [137], "excluded_lines": []}, "Units.__post_init__": {"executed_lines": [192, 193, 194, 195, 196, 197, 198, 199], "summary": {"covered_lines": 8, "num_statements": 8, "percent_covered": 100.0, "percent_covered_display": "100", "missing_lines": 0, "excluded_lines": 0}, "missing_lines": [], "excluded_lines": []}, "": {"executed_lines": [2, 9, 11, 13, 14, 20, 32, 37, 39, 52, 65, 78, 91, 105, 106, 107, 109, 110, 111, 112, 113, 117, 118, 119, 124, 140, 141, 142, 170, 171, 172, 173, 174, 175, 176, 177, 178, 179, 180, 181, 182, 183, 184, 185, 186, 187, 188, 190], "summary": {"covered_lines": 45, "num_statements": 45, "percent_covered": 100.0, "percent_covered_display": "100", "missing_lines": 0, "excluded_lines": 0}, "missing_lines": [], "excluded_lines": []}}, "classes": {"Constants": {"executed_lines": [126, 136], "summary": {"covered_lines": 2, "num_statements": 3, "percent_covered": 66.66666666666667, "percent_covered_display": "67", "missing_lines": 1, "excluded_lines": 0}, "missing_lines": [137], "excluded_lines": []}, "Units": {"executed_lines": [192, 193, 194, 195, 196, 197, 198, 199], "summary": {"covered_lines": 8, "num_statements": 8, "percent_covered": 100.0, "percent_covered_display": "100", "missing_lines": 0, "excluded_lines": 0}, "missing_lines": [], "excluded_lines": []}, "": {"executed_lines": [2, 9, 11, 13, 14, 20, 32, 37, 39, 52, 65, 78, 91, 105, 106, 107, 109, 110, 111, 112, 113, 117, 118, 119, 124, 140, 141, 142, 170, 171, 172, 173, 174, 175, 176, 177, 178, 179, 180, 181, 182, 183, 184, 185, 186, 187, 188, 190], "summary": {"covered_lines": 45, "num_statements": 45, "percent_covered": 100.0, "percent_covered_display": "100", "missing_lines": 0, "excluded_lines": 0}, "missing_lines": [], "excluded_lines": []}}}, "solarwindpy/core/vector.py": {"executed_lines": [2, 8, 9, 11, 14, 15, 23, 31, 33, 48, 61, 62, 63, 70, 72, 73, 81, 82, 83, 84, 86, 87, 95, 97, 98, 106, 107, 108, 109, 111, 112, 120, 122, 123, 131, 132, 133, 135, 136, 146, 147, 159, 160, 168, 169, 170, 172, 173, 181, 183, 184, 192, 193, 194, 196, 197, 205, 207, 208, 216, 217, 218, 220, 221, 229, 231, 249, 250, 252, 256, 257, 258, 264, 266, 284, 285, 291, 294, 295, 297, 298, 313, 314, 315, 316, 317, 319, 320, 328], "summary": {"covered_lines": 86, "num_statements": 93, "percent_covered": 92.47311827956989, "percent_covered_display": "92", "missing_lines": 7, "excluded_lines": 0}, "missing_lines": [46, 67, 144, 155, 156, 157, 287], "excluded_lines": [], "functions": {"Vector.__init__": {"executed_lines": [31], "summary": {"covered_lines": 1, "num_statements": 1, "percent_covered": 100.0, "percent_covered_display": "100", "missing_lines": 0, "excluded_lines": 0}, "missing_lines": [], "excluded_lines": []}, "Vector.__call__": {"executed_lines": [], "summary": {"covered_lines": 0, "num_statements": 1, "percent_covered": 0.0, "percent_covered_display": "0", "missing_lines": 1, "excluded_lines": 0}, "missing_lines": [46], "excluded_lines": []}, "Vector.set_data": {"executed_lines": [61, 62, 63, 70], "summary": {"covered_lines": 4, "num_statements": 5, "percent_covered": 80.0, "percent_covered_display": "80", "missing_lines": 1, "excluded_lines": 0}, "missing_lines": [67], "excluded_lines": []}, "Vector.mag": {"executed_lines": [81, 82, 83, 84], "summary": {"covered_lines": 4, "num_statements": 4, "percent_covered": 100.0, "percent_covered_display": "100", "missing_lines": 0, "excluded_lines": 0}, "missing_lines": [], "excluded_lines": []}, "Vector.magnitude": {"executed_lines": [95], "summary": {"covered_lines": 1, "num_statements": 1, "percent_covered": 100.0, "percent_covered_display": "100", "missing_lines": 0, "excluded_lines": 0}, "missing_lines": [], "excluded_lines": []}, "Vector.rho": {"executed_lines": [106, 107, 108, 109], "summary": {"covered_lines": 4, "num_statements": 4, "percent_covered": 100.0, "percent_covered_display": "100", "missing_lines": 0, "excluded_lines": 0}, "missing_lines": [], "excluded_lines": []}, "Vector.colat": {"executed_lines": [120], "summary": {"covered_lines": 1, "num_statements": 1, "percent_covered": 100.0, "percent_covered_display": "100", "missing_lines": 0, "excluded_lines": 0}, "missing_lines": [], "excluded_lines": []}, "Vector.colatitude": {"executed_lines": [131, 132, 133], "summary": {"covered_lines": 3, "num_statements": 3, "percent_covered": 100.0, "percent_covered_display": "100", "missing_lines": 0, "excluded_lines": 0}, "missing_lines": [], "excluded_lines": []}, "Vector.lat": {"executed_lines": [], "summary": {"covered_lines": 0, "num_statements": 1, "percent_covered": 0.0, "percent_covered_display": "0", "missing_lines": 1, "excluded_lines": 0}, "missing_lines": [144], "excluded_lines": []}, "Vector.latitude": {"executed_lines": [], "summary": {"covered_lines": 0, "num_statements": 3, "percent_covered": 0.0, "percent_covered_display": "0", "missing_lines": 3, "excluded_lines": 0}, "missing_lines": [155, 156, 157], "excluded_lines": []}, "Vector.longitude": {"executed_lines": [168, 169, 170], "summary": {"covered_lines": 3, "num_statements": 3, "percent_covered": 100.0, "percent_covered_display": "100", "missing_lines": 0, "excluded_lines": 0}, "missing_lines": [], "excluded_lines": []}, "Vector.lon": {"executed_lines": [181], "summary": {"covered_lines": 1, "num_statements": 1, "percent_covered": 100.0, "percent_covered_display": "100", "missing_lines": 0, "excluded_lines": 0}, "missing_lines": [], "excluded_lines": []}, "Vector.r": {"executed_lines": [192, 193, 194], "summary": {"covered_lines": 3, "num_statements": 3, "percent_covered": 100.0, "percent_covered_display": "100", "missing_lines": 0, "excluded_lines": 0}, "missing_lines": [], "excluded_lines": []}, "Vector.cartesian": {"executed_lines": [205], "summary": {"covered_lines": 1, "num_statements": 1, "percent_covered": 100.0, "percent_covered_display": "100", "missing_lines": 0, "excluded_lines": 0}, "missing_lines": [], "excluded_lines": []}, "Vector.unit_vector": {"executed_lines": [216, 217, 218], "summary": {"covered_lines": 3, "num_statements": 3, "percent_covered": 100.0, "percent_covered_display": "100", "missing_lines": 0, "excluded_lines": 0}, "missing_lines": [], "excluded_lines": []}, "Vector.uv": {"executed_lines": [229], "summary": {"covered_lines": 1, "num_statements": 1, "percent_covered": 100.0, "percent_covered_display": "100", "missing_lines": 0, "excluded_lines": 0}, "missing_lines": [], "excluded_lines": []}, "Vector.project": {"executed_lines": [249, 250, 252, 256, 257, 258, 264], "summary": {"covered_lines": 7, "num_statements": 7, "percent_covered": 100.0, "percent_covered_display": "100", "missing_lines": 0, "excluded_lines": 0}, "missing_lines": [], "excluded_lines": []}, "Vector.cos_theta": {"executed_lines": [284, 285, 291], "summary": {"covered_lines": 3, "num_statements": 4, "percent_covered": 75.0, "percent_covered_display": "75", "missing_lines": 1, "excluded_lines": 0}, "missing_lines": [287], "excluded_lines": []}, "BField.pressure": {"executed_lines": [313, 314, 315, 316, 317], "summary": {"covered_lines": 5, "num_statements": 5, "percent_covered": 100.0, "percent_covered_display": "100", "missing_lines": 0, "excluded_lines": 0}, "missing_lines": [], "excluded_lines": []}, "BField.pb": {"executed_lines": [328], "summary": {"covered_lines": 1, "num_statements": 1, "percent_covered": 100.0, "percent_covered_display": "100", "missing_lines": 0, "excluded_lines": 0}, "missing_lines": [], "excluded_lines": []}, "": {"executed_lines": [2, 8, 9, 11, 14, 15, 23, 33, 48, 72, 73, 86, 87, 97, 98, 111, 112, 122, 123, 135, 136, 146, 147, 159, 160, 172, 173, 183, 184, 196, 197, 207, 208, 220, 221, 231, 266, 294, 295, 297, 298, 319, 320], "summary": {"covered_lines": 40, "num_statements": 40, "percent_covered": 100.0, "percent_covered_display": "100", "missing_lines": 0, "excluded_lines": 0}, "missing_lines": [], "excluded_lines": []}}, "classes": {"Vector": {"executed_lines": [31, 61, 62, 63, 70, 81, 82, 83, 84, 95, 106, 107, 108, 109, 120, 131, 132, 133, 168, 169, 170, 181, 192, 193, 194, 205, 216, 217, 218, 229, 249, 250, 252, 256, 257, 258, 264, 284, 285, 291], "summary": {"covered_lines": 40, "num_statements": 47, "percent_covered": 85.1063829787234, "percent_covered_display": "85", "missing_lines": 7, "excluded_lines": 0}, "missing_lines": [46, 67, 144, 155, 156, 157, 287], "excluded_lines": []}, "BField": {"executed_lines": [313, 314, 315, 316, 317, 328], "summary": {"covered_lines": 6, "num_statements": 6, "percent_covered": 100.0, "percent_covered_display": "100", "missing_lines": 0, "excluded_lines": 0}, "missing_lines": [], "excluded_lines": []}, "": {"executed_lines": [2, 8, 9, 11, 14, 15, 23, 33, 48, 72, 73, 86, 87, 97, 98, 111, 112, 122, 123, 135, 136, 146, 147, 159, 160, 172, 173, 183, 184, 196, 197, 207, 208, 220, 221, 231, 266, 294, 295, 297, 298, 319, 320], "summary": {"covered_lines": 40, "num_statements": 40, "percent_covered": 100.0, "percent_covered_display": "100", "missing_lines": 0, "excluded_lines": 0}, "missing_lines": [], "excluded_lines": []}}}, "solarwindpy/fitfunctions/__init__.py": {"executed_lines": [1, 3, 4, 5, 6, 7, 8, 11, 13, 14, 15, 16, 17, 18, 20], "summary": {"covered_lines": 14, "num_statements": 14, "percent_covered": 100.0, "percent_covered_display": "100", "missing_lines": 0, "excluded_lines": 0}, "missing_lines": [], "excluded_lines": [], "functions": {"": {"executed_lines": [1, 3, 4, 5, 6, 7, 8, 11, 13, 14, 15, 16, 17, 18, 20], "summary": {"covered_lines": 14, "num_statements": 14, "percent_covered": 100.0, "percent_covered_display": "100", "missing_lines": 0, "excluded_lines": 0}, "missing_lines": [], "excluded_lines": []}}, "classes": {"": {"executed_lines": [1, 3, 4, 5, 6, 7, 8, 11, 13, 14, 15, 16, 17, 18, 20], "summary": {"covered_lines": 14, "num_statements": 14, "percent_covered": 100.0, "percent_covered_display": "100", "missing_lines": 0, "excluded_lines": 0}, "missing_lines": [], "excluded_lines": []}}}, "solarwindpy/fitfunctions/core.py": {"executed_lines": [2, 10, 11, 12, 13, 15, 16, 17, 20, 22, 23, 34, 35, 37, 38, 40, 41, 42, 43, 44, 63, 64, 73, 111, 112, 114, 115, 116, 118, 134, 135, 137, 148, 149, 155, 161, 163, 164, 165, 167, 170, 171, 173, 174, 183, 184, 188, 189, 193, 194, 196, 198, 199, 201, 203, 204, 218, 219, 223, 224, 226, 228, 229, 230, 232, 233, 236, 237, 238, 242, 243, 251, 253, 254, 256, 258, 259, 260, 262, 263, 265, 270, 271, 273, 275, 276, 277, 279, 280, 281, 283, 284, 287, 288, 289, 295, 297, 298, 300, 302, 303, 308, 309, 310, 311, 312, 313, 315, 317, 318, 320, 321, 322, 323, 325, 327, 328, 330, 335, 340, 341, 342, 343, 345, 346, 352, 359, 361, 364, 366, 367, 368, 370, 371, 372, 374, 376, 379, 380, 382, 383, 384, 385, 386, 388, 390, 396, 397, 399, 400, 401, 402, 406, 407, 414, 422, 423, 425, 429, 430, 434, 435, 439, 447, 448, 450, 469, 494, 498, 499, 500, 501, 503, 504, 505, 507, 509, 511, 512, 514, 515, 516, 517, 518, 520, 521, 522, 523, 525, 528, 529, 530, 531, 532, 533, 534, 539, 548, 549, 551, 558, 559, 562, 563, 567, 568, 569, 573, 574, 578, 579, 591, 594, 596, 599, 611, 614, 615, 616, 617, 620, 622, 625, 626, 627, 631, 632, 633, 636, 637, 638, 639, 640, 641, 642, 645, 646, 647, 648, 649, 651, 652, 654, 655, 657, 658, 659, 661, 662, 667, 672, 674, 676, 703, 704, 705, 707, 709, 711, 712, 715, 716, 717, 720, 721, 723, 725, 727, 728, 729, 730, 731, 733, 734], "summary": {"covered_lines": 272, "num_statements": 308, "percent_covered": 88.31168831168831, "percent_covered_display": "88", "missing_lines": 36, "excluded_lines": 2}, "missing_lines": [181, 186, 191, 220, 221, 239, 240, 353, 403, 404, 431, 432, 436, 437, 461, 464, 465, 467, 541, 543, 544, 545, 546, 554, 555, 560, 582, 583, 585, 586, 587, 589, 597, 612, 708, 713], "excluded_lines": [28, 29], "functions": {"FitFunction.__init__": {"executed_lines": [111, 112, 114, 115, 116, 118], "summary": {"covered_lines": 6, "num_statements": 6, "percent_covered": 100.0, "percent_covered_display": "100", "missing_lines": 0, "excluded_lines": 0}, "missing_lines": [], "excluded_lines": []}, "FitFunction.__str__": {"executed_lines": [135], "summary": {"covered_lines": 1, "num_statements": 1, "percent_covered": 100.0, "percent_covered_display": "100", "missing_lines": 0, "excluded_lines": 0}, "missing_lines": [], "excluded_lines": []}, "FitFunction.__call__": {"executed_lines": [148, 149, 155, 161], "summary": {"covered_lines": 4, "num_statements": 4, "percent_covered": 100.0, "percent_covered_display": "100", "missing_lines": 0, "excluded_lines": 0}, "missing_lines": [], "excluded_lines": []}, "FitFunction.logger": {"executed_lines": [165], "summary": {"covered_lines": 1, "num_statements": 1, "percent_covered": 100.0, "percent_covered_display": "100", "missing_lines": 0, "excluded_lines": 0}, "missing_lines": [], "excluded_lines": []}, "FitFunction._init_logger": {"executed_lines": [170, 171], "summary": {"covered_lines": 2, "num_statements": 2, "percent_covered": 100.0, "percent_covered_display": "100", "missing_lines": 0, "excluded_lines": 0}, "missing_lines": [], "excluded_lines": []}, "FitFunction.function": {"executed_lines": [], "summary": {"covered_lines": 0, "num_statements": 1, "percent_covered": 0.0, "percent_covered_display": "0", "missing_lines": 1, "excluded_lines": 0}, "missing_lines": [181], "excluded_lines": []}, "FitFunction.p0": {"executed_lines": [], "summary": {"covered_lines": 0, "num_statements": 1, "percent_covered": 0.0, "percent_covered_display": "0", "missing_lines": 1, "excluded_lines": 0}, "missing_lines": [186], "excluded_lines": []}, "FitFunction.TeX_function": {"executed_lines": [], "summary": {"covered_lines": 0, "num_statements": 1, "percent_covered": 0.0, "percent_covered_display": "0", "missing_lines": 1, "excluded_lines": 0}, "missing_lines": [191], "excluded_lines": []}, "FitFunction.argnames": {"executed_lines": [196], "summary": {"covered_lines": 1, "num_statements": 1, "percent_covered": 100.0, "percent_covered_display": "100", "missing_lines": 0, "excluded_lines": 0}, "missing_lines": [], "excluded_lines": []}, "FitFunction.fit_bounds": {"executed_lines": [201], "summary": {"covered_lines": 1, "num_statements": 1, "percent_covered": 100.0, "percent_covered_display": "100", "missing_lines": 0, "excluded_lines": 0}, "missing_lines": [], "excluded_lines": []}, "FitFunction.chisq_dof": {"executed_lines": [218, 219], "summary": {"covered_lines": 2, "num_statements": 4, "percent_covered": 50.0, "percent_covered_display": "50", "missing_lines": 2, "excluded_lines": 0}, "missing_lines": [220, 221], "excluded_lines": []}, "FitFunction.dof": {"executed_lines": [226], "summary": {"covered_lines": 1, "num_statements": 1, "percent_covered": 100.0, "percent_covered_display": "100", "missing_lines": 0, "excluded_lines": 0}, "missing_lines": [], "excluded_lines": []}, "FitFunction.fit_result": {"executed_lines": [230], "summary": {"covered_lines": 1, "num_statements": 1, "percent_covered": 100.0, "percent_covered_display": "100", "missing_lines": 0, "excluded_lines": 0}, "missing_lines": [], "excluded_lines": []}, "FitFunction.initial_guess_info": {"executed_lines": [236, 237, 238, 242, 243, 251], "summary": {"covered_lines": 6, "num_statements": 8, "percent_covered": 75.0, "percent_covered_display": "75", "missing_lines": 2, "excluded_lines": 0}, "missing_lines": [239, 240], "excluded_lines": []}, "FitFunction.nobs": {"executed_lines": [256], "summary": {"covered_lines": 1, "num_statements": 1, "percent_covered": 100.0, "percent_covered_display": "100", "missing_lines": 0, "excluded_lines": 0}, "missing_lines": [], "excluded_lines": []}, "FitFunction.observations": {"executed_lines": [260], "summary": {"covered_lines": 1, "num_statements": 1, "percent_covered": 100.0, "percent_covered_display": "100", "missing_lines": 0, "excluded_lines": 0}, "missing_lines": [], "excluded_lines": []}, "FitFunction.plotter": {"executed_lines": [265], "summary": {"covered_lines": 1, "num_statements": 1, "percent_covered": 100.0, "percent_covered_display": "100", "missing_lines": 0, "excluded_lines": 0}, "missing_lines": [], "excluded_lines": []}, "FitFunction.popt": {"executed_lines": [273], "summary": {"covered_lines": 1, "num_statements": 1, "percent_covered": 100.0, "percent_covered_display": "100", "missing_lines": 0, "excluded_lines": 0}, "missing_lines": [], "excluded_lines": []}, "FitFunction.psigma": {"executed_lines": [277], "summary": {"covered_lines": 1, "num_statements": 1, "percent_covered": 100.0, "percent_covered_display": "100", "missing_lines": 0, "excluded_lines": 0}, "missing_lines": [], "excluded_lines": []}, "FitFunction.psigma_relative": {"executed_lines": [281], "summary": {"covered_lines": 1, "n
[...]
LISIRD_ID": {"executed_lines": [84, 88, 92, 104], "summary": {"covered_lines": 4, "num_statements": 4, "percent_covered": 100.0, "percent_covered_display": "100", "missing_lines": 0, "excluded_lines": 0}, "missing_lines": [], "excluded_lines": []}, "LISIRDLoader": {"executed_lines": [], "summary": {"covered_lines": 0, "num_statements": 63, "percent_covered": 0.0, "percent_covered_display": "0", "missing_lines": 63, "excluded_lines": 0}, "missing_lines": [110, 114, 117, 118, 119, 120, 122, 123, 124, 125, 126, 129, 133, 135, 138, 139, 140, 142, 143, 145, 146, 151, 152, 154, 155, 158, 159, 160, 162, 163, 165, 166, 168, 169, 170, 171, 172, 173, 174, 176, 177, 179, 180, 182, 183, 184, 186, 187, 188, 189, 190, 191, 192, 193, 194, 195, 198, 203, 204, 208, 209, 211, 212], "excluded_lines": []}, "LISIRD": {"executed_lines": [], "summary": {"covered_lines": 0, "num_statements": 16, "percent_covered": 0.0, "percent_covered_display": "0", "missing_lines": 16, "excluded_lines": 0}, "missing_lines": [226, 227, 228, 229, 232, 236, 240, 243, 288, 289, 290, 293, 302, 303, 304, 305], "excluded_lines": []}, "LISIRDExtrema": {"executed_lines": [], "summary": {"covered_lines": 0, "num_statements": 5, "percent_covered": 0.0, "percent_covered_display": "0", "missing_lines": 5, "excluded_lines": 0}, "missing_lines": [312, 316, 317, 318, 319], "excluded_lines": []}, "": {"executed_lines": [2, 8, 9, 10, 11, 12, 14, 18, 24, 26, 44, 45, 86, 87, 90, 91, 107, 108, 109, 112, 113, 116, 137, 157, 197, 215, 216, 218, 231, 234, 235, 238, 239, 242, 285, 287, 292, 308, 309, 310, 314], "summary": {"covered_lines": 39, "num_statements": 39, "percent_covered": 100.0, "percent_covered_display": "100", "missing_lines": 0, "excluded_lines": 0}, "missing_lines": [], "excluded_lines": []}}}, "solarwindpy/solar_activity/plots.py": {"executed_lines": [1, 3, 4, 10, 12, 17, 18, 30, 36, 37, 38, 39, 40, 42, 43, 44, 45, 47, 48, 50, 52, 53, 54, 56, 57, 58, 60, 61, 62, 64, 65, 66, 67, 68, 69, 71, 88, 89, 90, 91, 93, 94, 95, 97, 98, 99, 101, 104, 105, 107, 111, 112, 113], "summary": {"covered_lines": 50, "num_statements": 65, "percent_covered": 76.92307692307692, "percent_covered_display": "77", "missing_lines": 15, "excluded_lines": 0}, "missing_lines": [32, 33, 34, 72, 74, 75, 78, 79, 81, 82, 83, 84, 86, 108, 109], "excluded_lines": [], "functions": {"IndicatorPlot.__init__": {"executed_lines": [], "summary": {"covered_lines": 0, "num_statements": 3, "percent_covered": 0.0, "percent_covered_display": "0", "missing_lines": 3, "excluded_lines": 0}, "missing_lines": [32, 33, 34], "excluded_lines": []}, "IndicatorPlot._format_axis": {"executed_lines": [38, 39, 40, 42, 43, 44, 45, 47, 48, 50], "summary": {"covered_lines": 10, "num_statements": 10, "percent_covered": 100.0, "percent_covered_display": "100", "missing_lines": 0, "excluded_lines": 0}, "missing_lines": [], "excluded_lines": []}, "IndicatorPlot.indicator": {"executed_lines": [54], "summary": {"covered_lines": 1, "num_statements": 1, "percent_covered": 100.0, "percent_covered_display": "100", "missing_lines": 0, "excluded_lines": 0}, "missing_lines": [], "excluded_lines": []}, "IndicatorPlot.plasma_index": {"executed_lines": [58], "summary": {"covered_lines": 1, "num_statements": 1, "percent_covered": 100.0, "percent_covered_display": "100", "missing_lines": 0, "excluded_lines": 0}, "missing_lines": [], "excluded_lines": []}, "IndicatorPlot.ykey": {"executed_lines": [62], "summary": {"covered_lines": 1, "num_statements": 1, "percent_covered": 100.0, "percent_covered_display": "100", "missing_lines": 0, "excluded_lines": 0}, "missing_lines": [], "excluded_lines": []}, "IndicatorPlot.plot_data": {"executed_lines": [66, 67, 68, 69], "summary": {"covered_lines": 4, "num_statements": 4, "percent_covered": 100.0, "percent_covered_display": "100", "missing_lines": 0, "excluded_lines": 0}, "missing_lines": [], "excluded_lines": []}, "IndicatorPlot.set_path": {"executed_lines": [], "summary": {"covered_lines": 0, "num_statements": 10, "percent_covered": 0.0, "percent_covered_display": "0", "missing_lines": 10, "excluded_lines": 0}, "missing_lines": [72, 74, 75, 78, 79, 81, 82, 83, 84, 86], "excluded_lines": []}, "IndicatorPlot.set_data": {"executed_lines": [89, 90, 91], "summary": {"covered_lines": 3, "num_statements": 3, "percent_covered": 100.0, "percent_covered_display": "100", "missing_lines": 0, "excluded_lines": 0}, "missing_lines": [], "excluded_lines": []}, "IndicatorPlot.make_plot": {"executed_lines": [94, 95, 97, 98, 99, 101], "summary": {"covered_lines": 6, "num_statements": 6, "percent_covered": 100.0, "percent_covered_display": "100", "missing_lines": 0, "excluded_lines": 0}, "missing_lines": [], "excluded_lines": []}, "SSNPlot.__init__": {"executed_lines": [], "summary": {"covered_lines": 0, "num_statements": 2, "percent_covered": 0.0, "percent_covered_display": "0", "missing_lines": 2, "excluded_lines": 0}, "missing_lines": [108, 109], "excluded_lines": []}, "SSNPlot._format_axis": {"executed_lines": [112, 113], "summary": {"covered_lines": 2, "num_statements": 2, "percent_covered": 100.0, "percent_covered_display": "100", "missing_lines": 0, "excluded_lines": 0}, "missing_lines": [], "excluded_lines": []}, "": {"executed_lines": [1, 3, 4, 10, 12, 17, 18, 30, 36, 37, 52, 53, 56, 57, 60, 61, 64, 65, 71, 88, 93, 104, 105, 107, 111], "summary": {"covered_lines": 22, "num_statements": 22, "percent_covered": 100.0, "percent_covered_display": "100", "missing_lines": 0, "excluded_lines": 0}, "missing_lines": [], "excluded_lines": []}}, "classes": {"IndicatorPlot": {"executed_lines": [38, 39, 40, 42, 43, 44, 45, 47, 48, 50, 54, 58, 62, 66, 67, 68, 69, 89, 90, 91, 94, 95, 97, 98, 99, 101], "summary": {"covered_lines": 26, "num_statements": 39, "percent_covered": 66.66666666666667, "percent_covered_display": "67", "missing_lines": 13, "excluded_lines": 0}, "missing_lines": [32, 33, 34, 72, 74, 75, 78, 79, 81, 82, 83, 84, 86], "excluded_lines": []}, "SSNPlot": {"executed_lines": [112, 113], "summary": {"covered_lines": 2, "num_statements": 4, "percent_covered": 50.0, "percent_covered_display": "50", "missing_lines": 2, "excluded_lines": 0}, "missing_lines": [108, 109], "excluded_lines": []}, "": {"executed_lines": [1, 3, 4, 10, 12, 17, 18, 30, 36, 37, 52, 53, 56, 57, 60, 61, 64, 65, 71, 88, 93, 104, 105, 107, 111], "summary": {"covered_lines": 22, "num_statements": 22, "percent_covered": 100.0, "percent_covered_display": "100", "missing_lines": 0, "excluded_lines": 0}, "missing_lines": [], "excluded_lines": []}}}, "solarwindpy/solar_activity/sunspot_number/__init__.py": {"executed_lines": [1, 3], "summary": {"covered_lines": 1, "num_statements": 1, "percent_covered": 100.0, "percent_covered_display": "100", "missing_lines": 0, "excluded_lines": 0}, "missing_lines": [], "excluded_lines": [], "functions": {"": {"executed_lines": [1, 3], "summary": {"covered_lines": 1, "num_statements": 1, "percent_covered": 100.0, "percent_covered_display": "100", "missing_lines": 0, "excluded_lines": 0}, "missing_lines": [], "excluded_lines": []}}, "classes": {"": {"executed_lines": [1, 3], "summary": {"covered_lines": 1, "num_statements": 1, "percent_covered": 100.0, "percent_covered_display": "100", "missing_lines": 0, "excluded_lines": 0}, "missing_lines": [], "excluded_lines": []}}}, "solarwindpy/solar_activity/sunspot_number/sidc.py": {"executed_lines": [2, 4, 5, 6, 7, 9, 10, 12, 14, 15, 16, 17, 18, 19, 23, 26, 31, 36, 41, 48, 81, 114, 150, 152, 163, 164, 182, 184, 185, 186, 188, 189, 190, 199, 202, 203, 204, 205, 207, 210, 216, 217, 219, 220, 221, 222, 281, 299, 300, 308, 309, 310, 311, 312, 313, 314, 320, 321, 322, 324, 325, 326, 328, 329, 330, 331, 333, 334, 336, 337, 340, 341, 343, 353, 354, 355, 356, 357, 358, 359, 360, 362, 363, 364, 365, 367, 369, 371, 373, 374, 376, 377, 378, 379, 380, 382, 383, 384, 386, 388, 393, 394, 395, 397, 398, 399, 401, 402, 403, 406, 408, 409, 410, 411, 412, 413, 415, 417, 418, 419, 421, 423, 424, 426, 428, 429, 436, 437, 439, 440, 442, 443, 447, 448, 450, 452, 454, 457, 458, 459, 461, 462, 464, 465, 466, 467, 468, 469, 488, 489, 490, 491, 493, 545, 546, 547, 548, 552, 553, 554, 555, 556], "summary": {"covered_lines": 160, "num_statements": 248, "percent_covered": 64.51612903225806, "percent_covered_display": "65", "missing_lines": 88, "excluded_lines": 0}, "missing_lines": [208, 226, 227, 229, 230, 231, 232, 234, 235, 236, 238, 239, 241, 242, 245, 249, 250, 251, 253, 256, 257, 259, 261, 264, 267, 268, 270, 271, 273, 274, 275, 276, 277, 278, 279, 282, 284, 286, 287, 288, 289, 293, 294, 296, 431, 433, 434, 444, 445, 473, 474, 476, 477, 478, 479, 480, 484, 486, 496, 498, 499, 502, 503, 505, 507, 509, 510, 514, 515, 516, 517, 518, 522, 523, 524, 525, 526, 529, 530, 531, 532, 536, 537, 538, 539, 540, 541, 542], "excluded_lines": [], "functions": {"SIDC_ID.__init__": {"executed_lines": [182], "summary": {"covered_lines": 1, "num_statements": 1, "percent_covered": 100.0, "percent_covered_display": "100", "missing_lines": 0, "excluded_lines": 0}, "missing_lines": [], "excluded_lines": []}, "SIDC_ID._url_base": {"executed_lines": [186], "summary": {"covered_lines": 1, "num_statements": 1, "percent_covered": 100.0, "percent_covered_display": "100", "missing_lines": 0, "excluded_lines": 0}, "missing_lines": [], "excluded_lines": []}, "SIDC_ID._trans_url": {"executed_lines": [190, 199], "summary": {"covered_lines": 2, "num_statements": 2, "percent_covered": 100.0, "percent_covered_display": "100", "missing_lines": 0, "excluded_lines": 0}, "missing_lines": [], "excluded_lines": []}, "SIDCLoader.data_path": {"executed_lines": [205], "summary": {"covered_lines": 1, "num_statements": 1, "percent_covered": 100.0, "percent_covered_display": "100", "missing_lines": 0, "excluded_lines": 0}, "missing_lines": [], "excluded_lines": []}, "SIDCLoader.convert_nans": {"executed_lines": [], "summary": {"covered_lines": 0, "num_statements": 1, "percent_covered": 0.0, "percent_covered_display": "0", "missing_lines": 1, "excluded_lines": 0}, "missing_lines": [208], "excluded_lines": []}, "SIDCLoader.download_data": {"executed_lines": [216, 217, 219, 220, 221, 222], "summary": {"covered_lines": 6, "num_statements": 40, "percent_covered": 15.0, "percent_covered_display": "15", "missing_lines": 34, "excluded_lines": 0}, "missing_lines": [226, 227, 229, 230, 231, 232, 234, 235, 236, 238, 239, 241, 242, 245, 249, 250, 251, 253, 256, 257, 259, 261, 264, 267, 268, 270, 271, 273, 274, 275, 276, 277, 278, 279], "excluded_lines": []}, "SIDCLoader.load_data": {"executed_lines": [], "summary": {"covered_lines": 0, "num_statements": 9, "percent_covered": 0.0, "percent_covered_display": "0", "missing_lines": 9, "excluded_lines": 0}, "missing_lines": [282, 284, 286, 287, 288, 289, 293, 294, 296], "excluded_lines": []}, "SIDC.__init__": {"executed_lines": [309, 310, 311, 312, 313, 314], "summary": {"covered_lines": 6, "num_statements": 6, "percent_covered": 100.0, "percent_covered_display": "100", "missing_lines": 0, "excluded_lines": 0}, "missing_lines": [], "excluded_lines": []}, "SIDC.spec_by_ssn_band": {"executed_lines": [322], "summary": {"covered_lines": 1, "num_statements": 1, "percent_covered": 100.0, "percent_covered_display": "100", "missing_lines": 0, "excluded_lines": 0}, "missing_lines": [], "excluded_lines": []}, "SIDC.ssn_band_intervals": {"executed_lines": [326], "summary": {"covered_lines": 1, "num_statements": 1, "percent_covered": 100.0, "percent_covered_display": "100", "missing_lines": 0, "excluded_lines": 0}, "missing_lines": [], "excluded_lines": []}, "SIDC.load_data": {"executed_lines": [329, 330, 331], "summary": {"covered_lines": 3, "num_statements": 3, "percent_covered": 100.0, "percent_covered_display": "100", "missing_lines": 0, "excluded_lines": 0}, "missing_lines": [], "excluded_lines": []}, "SIDC.set_extrema": {"executed_lines": [334], "summary": {"covered_lines": 1, "num_statements": 1, "percent_covered": 100.0, "percent_covered_display": "100", "missing_lines": 0, "excluded_lines": 0}, "missing_lines": [], "excluded_lines": []}, "SIDC.interpolate_data": {"executed_lines": [337, 340, 341], "summary": {"covered_lines": 3, "num_statements": 3, "percent_covered": 100.0, "percent_covered_display": "100", "missing_lines": 0, "excluded_lines": 0}, "missing_lines": [], "excluded_lines": []}, "SIDC.calculate_extrema_kind": {"executed_lines": [353, 354, 355, 356, 357, 358, 359, 360, 362, 363, 364, 365, 367, 369], "summary": {"covered_lines": 14, "num_statements": 14, "percent_covered": 100.0, "percent_covered_display": "100", "missing_lines": 0, "excluded_lines": 0}, "missing_lines": [], "excluded_lines": []}, "SIDC.calculate_edge": {"executed_lines": [373, 374, 376, 377, 378, 379, 380, 382, 383, 384, 386, 388], "summary": {"covered_lines": 12, "num_statements": 12, "percent_covered": 100.0, "percent_covered_display": "100", "missing_lines": 0, "excluded_lines": 0}, "missing_lines": [], "excluded_lines": []}, "SIDC.normalized": {"executed_lines": [395, 397, 398, 399], "summary": {"covered_lines": 4, "num_statements": 4, "percent_covered": 100.0, "percent_covered_display": "100", "missing_lines": 0, "excluded_lines": 0}, "missing_lines": [], "excluded_lines": []}, "SIDC._run_normalization": {"executed_lines": [402, 403, 406, 408, 409, 410, 411, 412, 413], "summary": {"covered_lines": 9, "num_statements": 9, "percent_covered": 100.0, "percent_covered_display": "100", "missing_lines": 0, "excluded_lines": 0}, "missing_lines": [], "excluded_lines": []}, "SIDC.run_normalization": {"executed_lines": [417, 418, 419, 421, 423, 426, 428, 429, 436, 437, 439, 440, 442, 443, 447, 448, 450], "summary": {"covered_lines": 17, "num_statements": 22, "percent_covered": 77.27272727272727, "percent_covered_display": "77", "missing_lines": 5, "excluded_lines": 0}, "missing_lines": [431, 433, 434, 444, 445], "excluded_lines": []}, "SIDC.run_normalization.norm_fcn": {"executed_lines": [424], "summary": {"covered_lines": 1, "num_statements": 1, "percent_covered": 100.0, "percent_covered_display": "100", "missing_lines": 0, "excluded_lines": 0}, "missing_lines": [], "excluded_lines": []}, "SIDC.cut_spec_by_ssn_band": {"executed_lines": [457, 458, 459, 461, 462, 464, 465, 466, 467, 468, 469, 488, 489, 490, 491], "summary": {"covered_lines": 15, "num_statements": 24, "percent_covered": 62.5, "percent_covered_display": "62", "missing_lines": 9, "excluded_lines": 0}, "missing_lines": [473, 474, 476, 477, 478, 479, 480, 484, 486], "excluded_lines": []}, "SIDC.plot_on_colorbar": {"executed_lines": [], "summary": {"covered_lines": 0, "num_statements": 30, "percent_covered": 0.0, "percent_covered_display": "0", "missing_lines": 30, "excluded_lines": 0}, "missing_lines": [496, 498, 499, 502, 503, 505, 507, 509, 510, 514, 515, 516, 517, 518, 522, 523, 524, 525, 526, 529, 530, 531, 532, 536, 537, 538, 539, 540, 541, 542], "excluded_lines": []}, "SSNExtrema.load_or_set_data": {"executed_lines": [547, 548, 552, 553, 554, 555, 556], "summary": {"covered_lines": 7, "num_statements": 7, "percent_covered": 100.0, "percent_covered_display": "100", "missing_lines": 0, "excluded_lines": 0}, "missing_lines": [], "excluded_lines": []}, "": {"executed_lines": [2, 4, 5, 6, 7, 9, 10, 12, 14, 15, 16, 17, 18, 19, 23, 26, 31, 36, 41, 48, 81, 114, 150, 152, 163, 164, 184, 185, 188, 189, 202, 203, 204, 207, 210, 281, 299, 300, 308, 320, 321, 324, 325, 328, 333, 336, 343, 371, 393, 394, 401, 415, 452, 454, 493, 545, 546], "summary": {"covered_lines": 55, "num_statements": 55, "percent_covered": 100.0, "percent_covered_display": "100", "missing_lines": 0, "excluded_lines": 0}, "missing_lines": [], "excluded_lines": []}}, "classes": {"SIDC_ID": {"executed_lines": [182, 186, 190, 199], "summary": {"covered_lines": 4, "num_statements": 4, "percent_covered": 100.0, "percent_covered_display": "100", "missing_lines": 0, "excluded_lines": 0}, "missing_lines": [], "excluded_lines": []}, "SIDCLoader": {"executed_lines": [205, 216, 217, 219, 220, 221, 222], "summary": {"covered_lines": 7, "num_statements": 51, "percent_covered": 13.72549019607843, "percent_covered_display": "14", "missing_lines": 44, "excluded_lines": 0}, "missing_lines": [208, 226, 227, 229, 230, 231, 232, 234, 235, 236, 238, 239, 241, 242, 245, 249, 250, 251, 253, 256, 257, 259, 261, 264, 267, 268, 270, 271, 273, 274, 275, 276, 277, 278, 279, 282, 284, 286, 287, 288, 289, 293, 294, 296], "excluded_lines": []}, "SIDC": {"executed_lines": [309, 310, 311, 312, 313, 314, 322, 326, 329, 330, 331, 334, 337, 340, 341, 353, 354, 355, 356, 357, 358, 359, 360, 362, 363, 364, 365, 367, 369, 373, 374, 376, 377, 378, 379, 380, 382, 383, 384, 386, 388, 395, 397, 398, 399, 402, 403, 406, 408, 409, 410, 411, 412, 413, 417, 418, 419, 421, 423, 424, 426, 428, 429, 436, 437, 439, 440, 442, 443, 447, 448, 450, 457, 458, 459, 461, 462, 464, 465, 466, 467, 468, 469, 488, 489, 490, 491], "summary": {"covered_lines": 87, "num_statements": 131, "percent_covered": 66.41221374045801, "percent_covered_display": "66", "missing_lines": 44, "excluded_lines": 0}, "missing_lines": [431, 433, 434, 444, 445, 473, 474, 476, 477, 478, 479, 480, 484, 486, 496, 498, 499, 502, 503, 505, 507, 509, 510, 514, 515, 516, 517, 518, 522, 523, 524, 525, 526, 529, 530, 531, 532, 536, 537, 538, 539, 540, 541, 542], "excluded_lines": []}, "SSNExtrema": {"executed_lines": [547, 548, 552, 553, 554, 555, 556], "summary": {"covered_lines": 7, "num_statements": 7, "percent_covered": 100.0, "percent_covered_display": "100", "missing_lines": 0, "excluded_lines": 0}, "missing_lines": [], "excluded_lines": []}, "": {"executed_lines": [2, 4, 5, 6, 7, 9, 10, 12, 14, 15, 16, 17, 18, 19, 23, 26, 31, 36, 41, 48, 81, 114, 150, 152, 163, 164, 184, 185, 188, 189, 202, 203, 204, 207, 210, 281, 299, 300, 308, 320, 321, 324, 325, 328, 333, 336, 343, 371, 393, 394, 401, 415, 452, 454, 493, 545, 546], "summary": {"covered_lines": 55, "num_statements": 55, "percent_covered": 100.0, "percent_covered_display": "100", "missing_lines": 0, "excluded_lines": 0}, "missing_lines": [], "excluded_lines": []}}}, "solarwindpy/tools/__init__.py": {"executed_lines": [2, 30, 31, 32, 33, 36, 116], "summary": {"covered_lines": 6, "num_statements": 40, "percent_covered": 15.0, "percent_covered_display": "15", "missing_lines": 34, "excluded_lines": 0}, "missing_lines": [68, 69, 71, 72, 74, 75, 77, 78, 80, 82, 84, 90, 94, 97, 99, 100, 101, 102, 104, 105, 107, 108, 111, 113, 151, 152, 153, 154, 156, 157, 158, 159, 160, 162], "excluded_lines": [], "functions": {"swap_protons": {"executed_lines": [], "summary": {"covered_lines": 0, "num_statements": 24, "percent_covered": 0.0, "percent_covered_display": "0", "missing_lines": 24, "excluded_lines": 0}, "missing_lines": [68, 69, 71, 72, 74, 75, 77, 78, 80, 82, 84, 90, 94, 97, 99, 100, 101, 102, 104, 105, 107, 108, 111, 113], "excluded_lines": []}, "normal_parameters": {"executed_lines": [], "summary": {"covered_lines": 0, "num_statements": 10, "percent_covered": 0.0, "percent_covered_display": "0", "missing_lines": 10, "excluded_lines": 0}, "missing_lines": [151, 152, 153, 154, 156, 157, 158, 159, 160, 162], "excluded_lines": []}, "": {"executed_lines": [2, 30, 31, 32, 33, 36, 116], "summary": {"covered_lines": 6, "num_statements": 6, "percent_covered": 100.0, "percent_covered_display": "100", "missing_lines": 0, "excluded_lines": 0}, "missing_lines": [], "excluded_lines": []}}, "classes": {"": {"executed_lines": [2, 30, 31, 32, 33, 36, 116], "summary": {"covered_lines": 6, "num_statements": 40, "percent_covered": 15.0, "percent_covered_display": "15", "missing_lines": 34, "excluded_lines": 0}, "missing_lines": [68, 69, 71, 72, 74, 75, 77, 78, 80, 82, 84, 90, 94, 97, 99, 100, 101, 102, 104, 105, 107, 108, 111, 113, 151, 152, 153, 154, 156, 157, 158, 159, 160, 162], "excluded_lines": []}}}}, "totals": {"covered_lines": 5394, "num_statements": 6967, "percent_covered": 77.42213291230085, "percent_covered_display": "77", "missing_lines": 1573, "excluded_lines": 4}}