{"meta": {"format": 3, "version": "7.10.4", "timestamp": "2025-08-21T03:10:35.767048", "branch_coverage": false, "show_contexts": false}, "files": {"solarwindpy/__init__.py": {"executed_lines": [1, 8, 10, 11, 15, 17, 27, 28, 31, 33, 36, 38, 39, 40, 41, 42, 43, 44, 45, 47, 68, 70, 72, 73, 74, 76], "summary": {"covered_lines": 25, "num_statements": 25, "percent_covered": 100.0, "percent_covered_display": "100", "missing_lines": 0, "excluded_lines": 2}, "missing_lines": [], "excluded_lines": [12, 13], "functions": {"_configure_pandas": {"executed_lines": [33], "summary": {"covered_lines": 1, "num_statements": 1, "percent_covered": 100.0, "percent_covered_display": "100", "missing_lines": 0, "excluded_lines": 0}, "missing_lines": [], "excluded_lines": []}, "": {"executed_lines": [1, 8, 10, 11, 15, 17, 27, 28, 31, 36, 38, 39, 40, 41, 42, 43, 44, 45, 47, 68, 70, 72, 73, 74, 76], "summary": {"covered_lines": 24, "num_statements": 24, "percent_covered": 100.0, "percent_covered_display": "100", "missing_lines": 0, "excluded_lines": 2}, "missing_lines": [], "excluded_lines": [12, 13]}}, "classes": {"": {"executed_lines": [1, 8, 10, 11, 15, 17, 27, 28, 31, 33, 36, 38, 39, 40, 41, 42, 43, 44, 45, 47, 68, 70, 72, 73, 74, 76], "summary": {"covered_lines": 25, "num_statements": 25, "percent_covered": 100.0, "percent_covered_display": "100", "missing_lines": 0, "excluded_lines": 2}, "missing_lines": [], "excluded_lines": [12, 13]}}}, "solarwindpy/core/__init__.py": {"executed_lines": [1, 3, 4, 5, 6, 7, 8, 9, 10, 12], "summary": {"covered_lines": 9, "num_statements": 9, "percent_covered": 100.0, "percent_covered_display": "100", "missing_lines": 0, "excluded_lines": 0}, "missing_lines": [], "excluded_lines": [], "functions": {"": {"executed_lines": [1, 3, 4, 5, 6, 7, 8, 9, 10, 12], "summary": {"covered_lines": 9, "num_statements": 9, "percent_covered": 100.0, "percent_covered_display": "100", "missing_lines": 0, "excluded_lines": 0}, "missing_lines": [], "excluded_lines": []}}, "classes": {"": {"executed_lines": [1, 3, 4, 5, 6, 7, 8, 9, 10, 12], "summary": {"covered_lines": 9, "num_statements": 9, "percent_covered": 100.0, "percent_covered_display": "100", "missing_lines": 0, "excluded_lines": 0}, "missing_lines": [], "excluded_lines": []}}}, "solarwindpy/core/alfvenic_turbulence.py": {"executed_lines": [2, 22, 23, 25, 31, 33, 36, 37, 55, 79, 80, 90, 91, 93, 95, 96, 100, 102, 103, 105, 107, 108, 110, 112, 113, 115, 117, 118, 121, 122, 123, 128, 130, 131, 133, 135, 136, 139, 141, 142, 146, 148, 149, 151, 152, 154, 155, 157, 159, 160, 162, 163, 165, 166, 168, 170, 171, 173, 174, 176, 177, 179, 181, 182, 184, 185, 187, 188, 190, 192, 193, 195, 196, 198, 199, 201, 203, 204, 206, 207, 209, 210, 212, 214, 215, 217, 219, 220, 222, 224, 225, 227, 229, 230, 232, 234, 235, 237, 239, 240, 242, 244, 245, 247, 249, 250, 252, 253, 254, 255, 257, 258, 260, 261, 262, 263, 264, 265, 267, 268, 270, 272, 273, 275, 277, 278, 280, 282, 283, 285, 287, 288, 290, 292, 310, 311, 312, 313, 315, 318, 319, 320, 331, 334, 336, 366, 367, 415, 416, 418, 419, 420, 422, 423, 425, 426, 427, 428, 429, 431, 432, 435, 436, 437, 439, 442], "summary": {"covered_lines": 164, "num_statements": 185, "percent_covered": 88.64864864864865, "percent_covered_display": "89", "missing_lines": 21, "excluded_lines": 0}, "missing_lines": [124, 125, 314, 316, 321, 368, 369, 370, 378, 383, 384, 385, 391, 394, 397, 399, 402, 403, 407, 433, 434], "excluded_lines": [], "functions": {"AlfvenicTurbulence.__init__": {"executed_lines": [79, 80], "summary": {"covered_lines": 2, "num_statements": 2, "percent_covered": 100.0, "percent_covered_display": "100", "missing_lines": 0, "excluded_lines": 0}, "missing_lines": [], "excluded_lines": []}, "AlfvenicTurbulence.data": {"executed_lines": [93], "summary": {"covered_lines": 1, "num_statements": 1, "percent_covered": 100.0, "percent_covered_display": "100", "missing_lines": 0, "excluded_lines": 0}, "missing_lines": [], "excluded_lines": []}, "AlfvenicTurbulence.averaging_info": {"executed_lines": [100], "summary": {"covered_lines": 1, "num_statements": 1, "percent_covered": 100.0, "percent_covered_display": "100", "missing_lines": 0, "excluded_lines": 0}, "missing_lines": [], "excluded_lines": []}, "AlfvenicTurbulence.measurements": {"executed_lines": [105], "summary": {"covered_lines": 1, "num_statements": 1, "percent_covered": 100.0, "percent_covered_display": "100", "missing_lines": 0, "excluded_lines": 0}, "missing_lines": [], "excluded_lines": []}, "AlfvenicTurbulence.velocity": {"executed_lines": [110], "summary": {"covered_lines": 1, "num_statements": 1, "percent_covered": 100.0, "percent_covered_display": "100", "missing_lines": 0, "excluded_lines": 0}, "missing_lines": [], "excluded_lines": []}, "AlfvenicTurbulence.v": {"executed_lines": [115], "summary": {"covered_lines": 1, "num_statements": 1, "percent_covered": 100.0, "percent_covered_display": "100", "missing_lines": 0, "excluded_lines": 0}, "missing_lines": [], "excluded_lines": []}, "AlfvenicTurbulence.bfield": {"executed_lines": [121, 122, 123, 128], "summary": {"covered_lines": 4, "num_statements": 6, "percent_covered": 66.66666666666667, "percent_covered_display": "67", "missing_lines": 2, "excluded_lines": 0}, "missing_lines": [124, 125], "excluded_lines": []}, "AlfvenicTurbulence.b": {"executed_lines": [133], "summary": {"covered_lines": 1, "num_statements": 1, "percent_covered": 100.0, "percent_covered_display": "100", "missing_lines": 0, "excluded_lines": 0}, "missing_lines": [], "excluded_lines": []}, "AlfvenicTurbulence.polarity": {"executed_lines": [139], "summary": {"covered_lines": 1, "num_statements": 1, "percent_covered": 100.0, "percent_covered_display": "100", "missing_lines": 0, "excluded_lines": 0}, "missing_lines": [], "excluded_lines": []}, "AlfvenicTurbulence.species": {"executed_lines": [146], "summary": {"covered_lines": 1, "num_statements": 1, "percent_covered": 100.0, "percent_covered_display": "100", "missing_lines": 0, "excluded_lines": 0}, "missing_lines": [], "excluded_lines": []}, "AlfvenicTurbulence.z_plus": {"executed_lines": [151, 152], "summary": {"covered_lines": 2, "num_statements": 2, "percent_covered": 100.0, "percent_covered_display": "100", "missing_lines": 0, "excluded_lines": 0}, "missing_lines": [], "excluded_lines": []}, "AlfvenicTurbulence.zp": {"executed_lines": [157], "summary": {"covered_lines": 1, "num_statements": 1, "percent_covered": 100.0, "percent_covered_display": "100", "missing_lines": 0, "excluded_lines": 0}, "missing_lines": [], "excluded_lines": []}, "AlfvenicTurbulence.z_minus": {"executed_lines": [162, 163], "summary": {"covered_lines": 2, "num_statements": 2, "percent_covered": 100.0, "percent_covered_display": "100", "missing_lines": 0, "excluded_lines": 0}, "missing_lines": [], "excluded_lines": []}, "AlfvenicTurbulence.zm": {"executed_lines": [168], "summary": {"covered_lines": 1, "num_statements": 1, "percent_covered": 100.0, "percent_covered_display": "100", "missing_lines": 0, "excluded_lines": 0}, "missing_lines": [], "excluded_lines": []}, "AlfvenicTurbulence.e_plus": {"executed_lines": [173, 174], "summary": {"covered_lines": 2, "num_statements": 2, "percent_covered": 100.0, "percent_covered_display": "100", "missing_lines": 0, "excluded_lines": 0}, "missing_lines": [], "excluded_lines": []}, "AlfvenicTurbulence.ep": {"executed_lines": [179], "summary": {"covered_lines": 1, "num_statements": 1, "percent_covered": 100.0, "percent_covered_display": "100", "missing_lines": 0, "excluded_lines": 0}, "missing_lines": [], "excluded_lines": []}, "AlfvenicTurbulence.e_minus": {"executed_lines": [184, 185], "summary": {"covered_lines": 2, "num_statements": 2, "percent_covered": 100.0, "percent_covered_display": "100", "missing_lines": 0, "excluded_lines": 0}, "missing_lines": [], "excluded_lines": []}, "AlfvenicTurbulence.em": {"executed_lines": [190], "summary": {"covered_lines": 1, "num_statements": 1, "percent_covered": 100.0, "percent_covered_display": "100", "missing_lines": 0, "excluded_lines": 0}, "missing_lines": [], "excluded_lines": []}, "AlfvenicTurbulence.kinetic_energy": {"executed_lines": [195, 196], "summary": {"covered_lines": 2, "num_statements": 2, "percent_covered": 100.0, "percent_covered_display": "100", "missing_lines": 0, "excluded_lines": 0}, "missing_lines": [], "excluded_lines": []}, "AlfvenicTurbulence.ev": {"executed_lines": [201], "summary": {"covered_lines": 1, "num_statements": 1, "percent_covered": 100.0, "percent_covered_display": "100", "missing_lines": 0, "excluded_lines": 0}, "missing_lines": [], "excluded_lines": []}, "AlfvenicTurbulence.magnetic_energy": {"executed_lines": [206, 207], "summary": {"covered_lines": 2, "num_statements": 2, "percent_covered": 100.0, "percent_covered_display": "100", "missing_lines": 0, "excluded_lines": 0}, "missing_lines": [], "excluded_lines": []}, "AlfvenicTurbulence.eb": {"executed_lines": [212], "summary": {"covered_lines": 1, "num_statements": 1, "percent_covered": 100.0, "percent_covered_display": "100", "missing_lines": 0, "excluded_lines": 0}, "missing_lines": [], "excluded_lines": []}, "AlfvenicTurbulence.total_energy": {"executed_lines": [217], "summary": {"covered_lines": 1, "num_statements": 1, "percent_covered": 100.0, "percent_covered_display": "100", "missing_lines": 0, "excluded_lines": 0}, "missing_lines": [], "excluded_lines": []}, "AlfvenicTurbulence.etot": {"executed_lines": [222], "summary": {"covered_lines": 1, "num_statements": 1, "percent_covered": 100.0, "percent_covered_display": "100", "missing_lines": 0, "excluded_lines": 0}, "missing_lines": [], "excluded_lines": []}, "AlfvenicTurbulence.residual_energy": {"executed_lines": [227], "summary": {"covered_lines": 1, "num_statements": 1, "percent_covered": 100.0, "percent_covered_display": "100", "missing_lines": 0, "excluded_lines": 0}, "missing_lines": [], "excluded_lines": []}, "AlfvenicTurbulence.eres": {"executed_lines": [232], "summary": {"covered_lines": 1, "num_statements": 1, "percent_covered": 100.0, "percent_covered_display": "100", "missing_lines": 0, "excluded_lines": 0}, "missing_lines": [], "excluded_lines": []}, "AlfvenicTurbulence.normalized_residual_energy": {"executed_lines": [237], "summary": {"covered_lines": 1, "num_statements": 1, "percent_covered": 100.0, "percent_covered_display": "100", "missing_lines": 0, "excluded_lines": 0}, "missing_lines": [], "excluded_lines": []}, "AlfvenicTurbulence.eres_norm": {"executed_lines": [242], "summary": {"covered_lines": 1, "num_statements": 1, "percent_covered": 100.0, "percent_covered_display": "100", "missing_lines": 0, "excluded_lines": 0}, "missing_lines": [], "excluded_lines": []}, "AlfvenicTurbulence.sigma_r": {"executed_lines": [247], "summary": {"covered_lines": 1, "num_statements": 1, "percent_covered": 100.0, "percent_covered_display": "100", "missing_lines": 0, "excluded_lines": 0}, "missing_lines": [], "excluded_lines": []}, "AlfvenicTurbulence.cross_helicity": {"executed_lines": [252, 253, 254, 255], "summary": {"covered_lines": 4, "num_statements": 4, "percent_covered": 100.0, "percent_covered_display": "100", "missing_lines": 0, "excluded_lines": 0}, "missing_lines": [], "excluded_lines": []}, "AlfvenicTurbulence.normalized_cross_helicity": {"executed_lines": [260, 261, 262, 263, 264, 265], "summary": {"covered_lines": 6, "num_statements": 6, "percent_covered": 100.0, "percent_covered_display": "100", "missing_lines": 0, "excluded_lines": 0}, "missing_lines": [], "excluded_lines": []}, "AlfvenicTurbulence.sigma_c": {"executed_lines": [270], "summary": {"covered_lines": 1, "num_statements": 1, "percent_covered": 100.0, "percent_covered_display": "100", "missing_lines": 0, "excluded_lines": 0}, "missing_lines": [], "excluded_lines": []}, "AlfvenicTurbulence.alfven_ratio": {"executed_lines": [275], "summary": {"covered_lines": 1, "num_statements": 1, "percent_covered": 100.0, "percent_covered_display": "100", "missing_lines": 0, "excluded_lines": 0}, "missing_lines": [], "excluded_lines": []}, "AlfvenicTurbulence.rA": {"executed_lines": [280], "summary": {"covered_lines": 1, "num_statements": 1, "percent_covered": 100.0, "percent_covered_display": "100", "missing_lines": 0, "excluded_lines": 0}, "missing_lines": [], "excluded_lines": []}, "AlfvenicTurbulence.elsasser_ratio": {"executed_lines": [285], "summary": {"covered_lines": 1, "num_statements": 1, "percent_covered": 100.0, "percent_covered_display": "100", "missing_lines": 0, "excluded_lines": 0}, "missing_lines": [], "excluded_lines": []}, "AlfvenicTurbulence.rE": {"executed_lines": [290], "summary": {"covered_lines": 1, "num_statements": 1, "percent_covered": 100.0, "percent_covered_display": "100", "missing_lines": 0, "excluded_lines": 0}, "missing_lines": [], "excluded_lines": []}, "AlfvenicTurbulence.set_data": {"executed_lines": [310, 311, 312, 313, 315, 318, 319, 320, 331, 334, 336, 366, 367, 415, 416, 418, 419, 420, 422, 423, 425, 426, 427, 428, 429], "summary": {"covered_lines": 25, "num_statements": 42, "percent_covered": 59.523809523809526, "percent_covered_display": "60", "missing_lines": 17, "excluded_lines": 0}, "missing_lines": [314, 316, 321, 368, 369, 370, 378, 383, 384, 385, 391, 394, 397, 399, 402, 403, 407], "excluded_lines": []}, "AlfvenicTurbulence._clean_species_for_setting": {"executed_lines": [432, 435, 436, 437, 439, 442], "summary": {"covered_lines": 6, "num_statements": 8, "percent_covered": 75.0, "percent_covered_display": "75", "missing_lines": 2, "excluded_lines": 0}, "missing_lines": [433, 434], "excluded_lines": []}, "": {"executed_lines": [2, 22, 23, 25, 31, 33, 36, 37, 55, 90, 91, 95, 96, 102, 103, 107, 108, 112, 113, 117, 118, 130, 131, 135, 136, 141, 142, 148, 149, 154, 155, 159, 160, 165, 166, 170, 171, 176, 177, 181, 182, 187, 188, 192, 193, 198, 199, 203, 204, 209, 210, 214, 215, 219, 220, 224, 225, 229, 230, 234, 235, 239, 240, 244, 245, 249, 250, 257, 258, 267, 268, 272, 273, 277, 278, 282, 283, 287, 288, 292, 431], "summary": {"covered_lines": 79, "num_statements": 79, "percent_covered": 100.0, "percent_covered_display": "100", "missing_lines": 0, "excluded_lines": 0}, "missing_lines": [], "excluded_lines": []}}, "classes": {"AlfvenicTurbulence": {"executed_lines": [79, 80, 93, 100, 105, 110, 115, 121, 122, 123, 128, 133, 139, 146, 151, 152, 157, 162, 163, 168, 173, 174, 179, 184, 185, 190, 195, 196, 201, 206, 207, 212, 217, 222, 227, 232, 237, 242, 247, 252, 253, 254, 255, 260, 261, 262, 263, 264, 265, 270, 275, 280, 285, 290, 310, 311, 312, 313, 315, 318, 319, 320, 331, 334, 336, 366, 367, 415, 416, 418, 419, 420, 422, 423, 425, 426, 427, 428, 429, 432, 435, 436, 437, 439, 442], "summary": {"covered_lines": 85, "num_statements": 106, "percent_covered": 80.18867924528301, "percent_covered_display": "80", "missing_lines": 21, "excluded_lines": 0}, "missing_lines": [124, 125, 314, 316, 321, 368, 369, 370, 378, 383, 384, 385, 391, 394, 397, 399, 402, 403, 407, 433, 434], "excluded_lines": []}, "": {"executed_lines": [2, 22, 23, 25, 31, 33, 36, 37, 55, 90, 91, 95, 96, 102, 103, 107, 108, 112, 113, 117, 118, 130, 131, 135, 136, 141, 142, 148, 149, 154, 155, 159, 160, 165, 166, 170, 171, 176, 177, 181, 182, 187, 188, 192, 193, 198, 199, 203, 204, 209, 210, 214, 215, 219, 220, 224, 225, 229, 230, 234, 235, 239, 240, 244, 245, 249, 250, 257, 258, 267, 268, 272, 273, 277, 278, 282, 283, 287, 288, 292, 431], "summary": {"covered_lines": 79, "num_statements": 79, "percent_covered": 100.0, "percent_covered_display": "100", "missing_lines": 0, "excluded_lines": 0}, "missing_lines": [], "excluded_lines": []}}}, "solarwindpy/core/base.py": {"executed_lines": [2, 8, 9, 10, 11, 13, 14, 15, 17, 20, 21, 38, 39, 40, 41, 43, 53, 66, 67, 68, 69, 70, 71, 72, 79, 80, 88, 90, 91, 99, 101, 102, 110, 112, 113, 121, 123, 124, 126, 127, 129, 130, 132, 133, 154, 155, 156, 157, 158, 159, 165, 166, 168, 169, 170, 171, 174, 176, 177, 178, 182, 183, 188, 189, 202, 203, 204, 206, 207, 221, 222, 224, 225, 239, 240, 242, 244, 245, 246, 249, 250, 252, 260, 262, 270], "summary": {"covered_lines": 82, "num_statements": 87, "percent_covered": 94.25287356321839, "percent_covered_display": "94", "missing_lines": 5, "excluded_lines": 0}, "missing_lines": [51, 74, 75, 76, 77], "excluded_lines": [], "functions": {"Core.__init__": {"executed_lines": [39, 40, 41], "summary": {"covered_lines": 3, "num_statements": 3, "percent_covered": 100.0, "percent_covered_display": "100", "missing_lines": 0, "excluded_lines": 0}, "missing_lines": [], "excluded_lines": []}, "Core.__str__": {"executed_lines": [], "summary": {"covered_lines": 0, "num_statements": 1, "percent_covered": 0.0, "percent_covered_display": "0", "missing_lines": 1, "excluded_lines": 0}, "missing_lines": [51], "excluded_lines": []}, "Core.__eq__": {"executed_lines": [66, 67, 68, 69, 70, 71, 72], "summary": {"covered_lines": 7, "num_statements": 11, "percent_covered": 63.63636363636363, "percent_covered_display": "64", "missing_lines": 4, "excluded_lines": 0}, "missing_lines": [74, 75, 76, 77], "excluded_lines": []}, "Core.logger": {"executed_lines": [88], "summary": {"covered_lines": 1, "num_statements": 1, "percent_covered": 100.0, "percent_covered_display": "100", "missing_lines": 0, "excluded_lines": 0}, "missing_lines": [], "excluded_lines": []}, "Core.units": {"executed_lines": [99], "summary": {"covered_lines": 1, "num_statements": 1, "percent_covered": 100.0, "percent_covered_display": "100", "missing_lines": 0, "excluded_lines": 0}, "missing_lines": [], "excluded_lines": []}, "Core.constants": {"executed_lines": [110], "summary": {"covered_lines": 1, "num_statements": 1, "percent_covered": 100.0, "percent_covered_display": "100", "missing_lines": 0, "excluded_lines": 0}, "missing_lines": [], "excluded_lines": []}, "Core.data": {"executed_lines": [121], "summary": {"covered_lines": 1, "num_statements": 1, "percent_covered": 100.0, "percent_covered_display": "100", "missing_lines": 0, "excluded_lines": 0}, "missing_lines": [], "excluded_lines": []}, "Core._init_logger": {"executed_lines": [124], "summary": {"covered_lines": 1, "num_statements": 1, "percent_covered": 100.0, "percent_covered_display": "100", "missing_lines": 0, "excluded_lines": 0}, "missing_lines": [], "excluded_lines": []}, "Core._init_units": {"executed_lines": [127], "summary": {"covered_lines": 1, "num_statements": 1, "percent_covered": 100.0, "percent_covered_display": "100", "missing_lines": 0, "excluded_lines": 0}, "missing_lines": [], "excluded_lines": []}, "Core._init_constants": {"executed_lines": [130], "summary": {"covered_lines": 1, "num_statements": 1, "percent_covered": 100.0, "percent_covered_display": "100", "missing_lines": 0, "excluded_lines": 0}, "missing_lines": [], "excluded_lines": []}, "Core._conform_species": {"executed_lines": [154, 155, 156, 157, 158, 159, 165, 166], "summary": {"covered_lines": 8, "num_statements": 8, "percent_covered": 100.0, "percent_covered_display": "100", "missing_lines": 0, "excluded_lines": 0}, "missing_lines": [], "excluded_lines": []}, "Core._clean_species_for_setting": {"executed_lines": [170, 171, 174], "summary": {"covered_lines": 3, "num_statements": 3, "percent_covered": 100.0, "percent_covered_display": "100", "missing_lines": 0, "excluded_lines": 0}, "missing_lines": [], "excluded_lines": []}, "Core._verify_datetimeindex": {"executed_lines": [177, 178, 182, 183], "summary": {"covered_lines": 4, "num_statements": 4, "percent_covered": 100.0, "percent_covered_display": "100", "missing_lines": 0, "excluded_lines": 0}, "missing_lines": [], "excluded_lines": []}, "Base.__init__": {"executed_lines": [203, 204], "summary": {"covered_lines": 2, "num_statements": 2, "percent_covered": 100.0, "percent_covered_display": "100", "missing_lines": 0, "excluded_lines": 0}, "missing_lines": [], "excluded_lines": []}, "Base.mi_tuples": {"executed_lines": [221, 222], "summary": {"covered_lines": 2, "num_statements": 2, "percent_covered": 100.0, "percent_covered_display": "100", "missing_lines": 0, "excluded_lines": 0}, "missing_lines": [], "excluded_lines": []}, "Base.set_data": {"executed_lines": [239, 240, 242], "summary": {"covered_lines": 3, "num_statements": 3, "percent_covered": 100.0, "percent_covered_display": "100", "missing_lines": 0, "excluded_lines": 0}, "missing_lines": [], "excluded_lines": []}, "Base._clean_species_for_setting": {"executed_lines": [245, 246, 249, 250], "summary": {"covered_lines": 4, "num_statements": 4, "percent_covered": 100.0, "percent_covered_display": "100", "missing_lines": 0, "excluded_lines": 0}, "missing_lines": [], "excluded_lines": []}, "Base.head": {"executed_lines": [260], "summary": {"covered_lines": 1, "num_statements": 1, "percent_covered": 100.0, "percent_covered_display": "100", "missing_lines": 0, "excluded_lines": 0}, "missing_lines": [], "excluded_lines": []}, "Base.tail": {"executed_lines": [270], "summary": {"covered_lines": 1, "num_statements": 1, "percent_covered": 100.0, "percent_covered_display": "100", "missing_lines": 0, "excluded_lines": 0}, "missing_lines": [], "excluded_lines": []}, "": {"executed_lines": [2, 8, 9, 10, 11, 13, 14, 15, 17, 20, 21, 38, 43, 53, 79, 80, 90, 91, 101, 102, 112, 113, 123, 126, 129, 132, 133, 168, 169, 176, 188, 189, 202, 206, 207, 224, 225, 244, 252, 262], "summary": {"covered_lines": 37, "num_statements": 37, "percent_covered": 100.0, "percent_covered_display": "100", "missing_lines": 0, "excluded_lines": 0}, "missing_lines": [], "excluded_lines": []}}, "classes": {"Core": {"executed_lines": [39, 40, 41, 66, 67, 68, 69, 70, 71, 72, 88, 99, 110, 121, 124, 127, 130, 154, 155, 156, 157, 158, 159, 165, 166, 170, 171, 174, 177, 178, 182, 183], "summary": {"covered_lines": 32, "num_statements": 37, "percent_covered": 86.48648648648648, "percent_covered_display": "86", "missing_lines": 5, "excluded_lines": 0}, "missing_lines": [51, 74, 75, 76, 77], "excluded_lines": []}, "Base": {"executed_lines": [203, 204, 221, 222, 239, 240, 242, 245, 246, 249, 250, 260, 270], "summary": {"covered_lines": 13, "num_statements": 13, "percent_covered": 100.0, "percent_covered_display": "100", "missing_lines": 0, "excluded_lines": 0}, "missing_lines": [], "excluded_lines": []}, "": {"executed_lines": [2, 8, 9, 10, 11, 13, 14, 15, 17, 20, 21, 38, 43, 53, 79, 80, 90, 91, 101, 102, 112, 113, 123, 126, 129, 132, 133, 168, 169, 176, 188, 189, 202, 206, 207, 224, 225, 244, 252, 262], "summary": {"covered_lines": 37, "num_statements": 37, "percent_covered": 100.0, "percent_covered_display": "100", "missing_lines": 0, "excluded_lines": 0}, "missing_lines": [], "excluded_lines": []}}}, "solarwindpy/core/ions.py": {"executed_lines": [2, 8, 9, 11, 12, 13, 16, 17, 34, 72, 73, 75, 92, 106, 108, 110, 124, 126, 127, 128, 129, 132, 140, 143, 145, 146, 148, 150, 151, 153, 155, 156, 158, 160, 161, 163, 165, 166, 168, 170, 171, 173, 175, 176, 178, 180, 181, 183, 184, 185, 187, 188, 190, 192, 193, 202, 203, 204, 205, 206, 208, 209, 218, 219, 220, 221, 222, 223, 225, 226, 235, 236, 237, 238, 239, 241, 242, 251, 252, 253, 254, 255, 256, 258, 259, 273, 274, 275, 276, 277, 278, 279, 281, 282, 284, 286, 287, 308, 309], "summary": {"covered_lines": 97, "num_statements": 110, "percent_covered": 88.18181818181819, "percent_covered_display": "88", "missing_lines": 13, "excluded_lines": 0}, "missing_lines": [88, 89, 90, 107, 130, 141, 300, 301, 302, 303, 305, 306, 311], "excluded_lines": [], "functions": {"Ion.__init__": {"executed_lines": [72, 73], "summary": {"covered_lines": 2, "num_statements": 2, "percent_covered": 100.0, "percent_covered_display": "100", "missing_lines": 0, "excluded_lines": 0}, "missing_lines": [], "excluded_lines": []}, "Ion.__eq__": {"executed_lines": [], "summary": {"covered_lines": 0, "num_statements": 3, "percent_covered": 0.0, "percent_covered_display": "0", "missing_lines": 3, "excluded_lines": 0}, "missing_lines": [88, 89, 90], "excluded_lines": []}, "Ion.set_species": {"executed_lines": [106, 108], "summary": {"covered_lines": 2, "num_statements": 3, "percent_covered": 66.66666666666667, "percent_covered_display": "67", "missing_lines": 1, "excluded_lines": 0}, "missing_lines": [107], "excluded_lines": []}, "Ion.set_data": {"executed_lines": [124, 126, 127, 128, 129, 132, 140, 143], "summary": {"covered_lines": 8, "num_statements": 10, "percent_covered": 80.0, "percent_covered_display": "80", "missing_lines": 2, "excluded_lines": 0}, "missing_lines": [130, 141], "excluded_lines": []}, "Ion.species": {"executed_lines": [148], "summary": {"covered_lines": 1, "num_statements": 1, "percent_covered": 100.0, "percent_covered_display": "100", "missing_lines": 0, "excluded_lines": 0}, "missing_lines": [], "excluded_lines": []}, "Ion.velocity": {"executed_lines": [153], "summary": {"covered_lines": 1, "num_statements": 1, "percent_covered": 100.0, "percent_covered_display": "100", "missing_lines": 0, "excluded_lines": 0}, "missing_lines": [], "excluded_lines": []}, "Ion.v": {"executed_lines": [158], "summary": {"covered_lines": 1, "num_statements": 1, "percent_covered": 100.0, "percent_covered_display": "100", "missing_lines": 0, "excluded_lines": 0}, "missing_lines": [], "excluded_lines": []}, "Ion.thermal_speed": {"executed_lines": [163], "summary": {"covered_lines": 1, "num_statements": 1, "percent_covered": 100.0, "percent_covered_display": "100", "missing_lines": 0, "excluded_lines": 0}, "missing_lines": [], "excluded_lines": []}, "Ion.w": {"executed_lines": [168], "summary": {"covered_lines": 1, "num_statements": 1, "percent_covered": 100.0, "percent_covered_display": "100", "missing_lines": 0, "excluded_lines": 0}, "missing_lines": [], "excluded_lines": []}, "Ion.number_density": {"executed_lines": [173], "summary": {"covered_lines": 1, "num_statements": 1, "percent_covered": 100.0, "percent_covered_display": "100", "missing_lines": 0, "excluded_lines": 0}, "missing_lines": [], "excluded_lines": []}, "Ion.n": {"executed_lines": [178], "summary": {"covered_lines": 1, "num_statements": 1, "percent_covered": 100.0, "percent_covered_display": "100", "missing_lines": 0, "excluded_lines": 0}, "missing_lines": [], "excluded_lines": []}, "Ion.mass_density": {"executed_lines": [183, 184, 185], "summary": {"covered_lines": 3, "num_statements": 3, "percent_covered": 100.0, "percent_covered_display": "100", "missing_lines": 0, "excluded_lines": 0}, "missing_lines": [], "excluded_lines": []}, "Ion.rho": {"executed_lines": [190], "summary": {"covered_lines": 1, "num_statements": 1, "percent_covered": 100.0, "percent_covered_display": "100", "missing_lines": 0, "excluded_lines": 0}, "missing_lines": [], "excluded_lines": []}, "Ion.anisotropy": {"executed_lines": [202, 203, 204, 205, 206], "summary": {"covered_lines": 5, "num_statements": 5, "percent_covered": 100.0, "percent_covered_display": "100", "missing_lines": 0, "excluded_lines": 0}, "missing_lines": [], "excluded_lines": []}, "Ion.temperature": {"executed_lines": [218, 219, 220, 221, 222, 223], "summary": {"covered_lines": 6, "num_statements": 6, "percent_covered": 100.0, "percent_covered_display": "100", "missing_lines": 0, "excluded_lines": 0}, "missing_lines": [], "excluded_lines": []}, "Ion.pth": {"executed_lines": [235, 236, 237, 238, 239], "summary": {"covered_lines": 5, "num_statements": 5, "percent_covered": 100.0, "percent_covered_display": "100", "missing_lines": 0, "excluded_lines": 0}, "missing_lines": [], "excluded_lines": []}, "Ion.cs": {"executed_lines": [251, 252, 253, 254, 255, 256], "summary": {"covered_lines": 6, "num_statements": 6, "percent_covered": 100.0, "percent_covered_display": "100", "missing_lines": 0, "excluded_lines": 0}, "missing_lines": [], "excluded_lines": []}, "Ion.specific_entropy": {"executed_lines": [273, 274, 275, 276, 277, 278, 279], "summary": {"covered_lines": 7, "num_statements": 7, "percent_covered": 100.0, "percent_covered_display": "100", "missing_lines": 0, "excluded_lines": 0}, "missing_lines": [], "excluded_lines": []}, "Ion.S": {"executed_lines": [284], "summary": {"covered_lines": 1, "num_statements": 1, "percent_covered": 100.0, "percent_covered_display": "100", "missing_lines": 0, "excluded_lines": 0}, "missing_lines": [], "excluded_lines": []}, "Ion.kinetic_energy_flux": {"executed_lines": [], "summary": {"covered_lines": 0, "num_statements": 6, "percent_covered": 0.0, "percent_covered_display": "0", "missing_lines": 6, "excluded_lines": 0}, "missing_lines": [300, 301, 302, 303, 305, 306], "excluded_lines": []}, "Ion.Wk": {"executed_lines": [], "summary": {"covered_lines": 0, "num_statements": 1, "percent_covered": 0.0, "percent_covered_display": "0", "missing_lines": 1, "excluded_lines": 0}, "missing_lines": [311], "excluded_lines": []}, "": {"executed_lines": [2, 8, 9, 11, 12, 13, 16, 17, 34, 75, 92, 110, 145, 146, 150, 151, 155, 156, 160, 161, 165, 166, 170, 171, 175, 176, 180, 181, 187, 188, 192, 193, 208, 209, 225, 226, 241, 242, 258, 259, 281, 282, 286, 287, 308, 309], "summary": {"covered_lines": 44, "num_statements": 44, "percent_covered": 100.0, "percent_covered_display": "100", "missing_lines": 0, "excluded_lines": 0}, "missing_lines": [], "excluded_lines": []}}, "classes": {"Ion": {"executed_lines": [72, 73, 106, 108, 124, 126, 127, 128, 129, 132, 140, 143, 148, 153, 158, 163, 168, 173, 178, 183, 184, 185, 190, 202, 203, 204, 205, 206, 218, 219, 220, 221, 222, 223, 235, 236, 237, 238, 239, 251, 252, 253, 254, 255, 256, 273, 274, 275, 276, 277, 278, 279, 284], "summary": {"covered_lines": 53, "num_statements": 66, "percent_covered": 80.3030303030303, "percent_covered_display": "80", "missing_lines": 13, "excluded_lines": 0}, "missing_lines": [88, 89, 90, 107, 130, 141, 300, 301, 302, 303, 305, 306, 311], "excluded_lines": []}, "": {"executed_lines": [2, 8, 9, 11, 12, 13, 16, 17, 34, 75, 92, 110, 145, 146, 150, 151, 155, 156, 160, 161, 165, 166, 170, 171, 175, 176, 180, 181, 187, 188, 192, 193, 208, 209, 225, 226, 241, 242, 258, 259, 281, 282, 286, 287, 308, 309], "summary": {"covered_lines": 44, "num_statements": 44, "percent_covered": 100.0, "percent_covered_display": "100", "missing_lines": 0, "excluded_lines": 0}, "missing_lines": [], "excluded_lines": []}}}, "solarwindpy/core/plasma.py": {"executed_lines": [2, 31, 32, 33, 39, 40, 41, 42, 43, 46, 47, 109, 188, 189, 190, 191, 192, 193, 194, 196, 202, 203, 219, 220, 222, 224, 225, 227, 229, 230, 240, 245, 246, 248, 250, 251, 263, 265, 285, 287, 327, 329, 330, 331, 332, 334, 343, 344, 353, 354, 371, 373, 389, 391, 392, 427, 428, 430, 433, 435, 436, 442, 443, 445, 454, 474, 486, 488, 493, 494, 495, 497, 501, 502, 503, 504, 514, 516, 517, 518, 519, 520, 527, 528, 530, 531, 533, 535, 536, 538, 540, 541, 542, 543, 544, 547, 549, 550, 551, 553, 572, 573, 574, 575, 577, 580, 582, 583, 589, 596, 598, 624, 626, 627, 628, 629, 634, 635, 637, 666, 668, 669, 670, 671, 672, 673, 675, 676, 678, 680, 681, 682, 684, 724, 727, 729, 731, 742, 748, 749, 750, 752, 754, 773, 779, 780, 783, 787, 788, 790, 791, 797, 798, 803, 805, 807, 809, 810, 812, 814, 815, 819, 821, 842, 844, 845, 847, 848, 849, 851, 853, 857, 859, 876, 878, 879, 881, 882, 883, 884, 886, 888, 890, 904, 905, 909, 910, 911, 912, 914, 916, 918, 920, 922, 924, 941, 942, 943, 946, 947, 948, 950, 951, 955, 957, 974, 975, 976, 977, 979, 980, 984, 986, 1025, 1026, 1027, 1030, 1031, 1032, 1034, 1035, 1036, 1037, 1039, 1057, 1059, 1060, 1065, 1067, 1070, 1072, 1073, 1075, 1077, 1096, 1100, 1102, 1103, 1104, 1105, 1108, 1109, 1111, 1112, 1122, 1123, 1124, 1125, 1131, 1134, 1135, 1137, 1139, 1143, 1145, 1167, 1168, 1172, 1174, 1175, 1177, 1178, 1180, 1182, 1204, 1205, 1206, 1207, 1209, 1211, 1213, 1214, 1215, 1221, 1222, 1223, 1225, 1227, 1230, 1231, 1232, 1234, 1235, 1264, 1266, 1268, 1270, 1302, 1306, 1319, 1321, 1322, 1324, 1325, 1326, 1327, 1329, 1330, 1342, 1344, 1369, 1370, 1377, 1379, 1381, 1382, 1384, 1385, 1393, 1394, 1396, 1398, 1399, 1401, 1403, 1404, 1417, 1419, 1447, 1448, 1450, 1451, 1452, 1463, 1465, 1488, 1489, 1491, 1492, 1496, 1498, 1499, 1501, 1502, 1504, 1505, 1507, 1508, 1510, 1511, 1513, 1514, 1516, 1517, 1518, 1520, 1522, 1523, 1544, 1546, 1580, 1582, 1583, 1585, 1592, 1594, 1595, 1597, 1598, 1599, 1600, 1601, 1603, 1604, 1606, 1609, 1611, 1612, 1615, 1616, 1617, 1619, 1622, 1646, 1647, 1648, 1651, 1652, 1653, 1655, 1661, 1663, 1671, 1673, 1694, 1695, 1697, 1698, 1702, 1704, 1706, 1707, 1708, 1709, 1711, 1715, 1716, 1718, 1720, 1721, 1736, 1738, 1780, 1781, 1783, 1784, 1789, 1790, 1796, 1797, 1799, 1800, 1802, 1803, 1804, 1805, 1806, 1808, 1809, 1811, 1812, 1813, 1815, 1817, 1818, 1819, 1840, 1842, 1849, 1851, 1860, 1861, 1865, 1866, 1872, 1874, 1875, 1880, 1881, 1882, 1883, 1885, 1886, 1887, 1888, 1889, 1891, 1894, 1895, 1897, 1901, 1903, 1904, 1905, 1906, 1907, 1909, 1910, 1913, 1914, 1916, 1918, 1951, 1953, 1974, 1975, 1976, 1978, 1979, 1980, 1981, 1982, 1983, 1985, 1986, 1997, 1998, 1999, 2000, 2005, 2006, 2007, 2009, 2013, 2015, 2033, 2035, 2037, 2040, 2041, 2042, 2044, 2045, 2046, 2048, 2049, 2050, 2051, 2054, 2055, 2057, 2059, 2061, 2063, 2065, 2067, 2090, 2091, 2093, 2096, 2098, 2099, 2101, 2106, 2107, 2109, 2111, 2139], "summary": {"covered_lines": 516, "num_statements": 610, "percent_covered": 84.59016393442623, "percent_covered_display": "85", "missing_lines": 94, "excluded_lines": 0}, "missing_lines": [197, 198, 200, 217, 335, 336, 339, 340, 355, 356, 357, 358, 359, 361, 362, 374, 375, 376, 377, 379, 380, 431, 434, 437, 440, 455, 456, 458, 459, 464, 465, 467, 469, 470, 475, 476, 478, 479, 481, 482, 584, 587, 686, 687, 691, 692, 699, 701, 703, 704, 717, 944, 1028, 1061, 1282, 1283, 1284, 1286, 1289, 1290, 1295, 1296, 1298, 1300, 1304, 1586, 1590, 1852, 1858, 1867, 1871, 1873, 1877, 1878, 1919, 1920, 1921, 1922, 1924, 1925, 1926, 1928, 1929, 1930, 1931, 1932, 2128, 2130, 2131, 2133, 2134, 2135, 2137, 2142], "excluded_lines": [], "functions": {"Plasma.__init__": {"executed_lines": [188, 189, 190, 191, 192, 193, 194], "summary": {"covered_lines": 7, "num_statements": 7, "percent_covered": 100.0, "percent_covered_display": "100", "missing_lines": 0, "excluded_lines": 0}, "missing_lines": [], "excluded_lines": []}, "Plasma.__getattr__": {"executed_lines": [], "summary": {"covered_lines": 0, "num_statements": 3, "percent_covered": 0.0, "percent_covered_display": "0", "missing_lines": 3, "excluded_lines": 0}, "missing_lines": [197, 198, 200], "excluded_lines": []}, "Plasma.epoch": {"executed_lines": [], "summary": {"covered_lines": 0, "num_statements": 1, "percent_covered": 0.0, "percent_covered_display": "0", "missing_lines": 1, "excluded_lines": 0}, "missing_lines": [217], "excluded_lines": []}, "Plasma.spacecraft": {"executed_lines": [222], "summary": {"covered_lines": 1, "num_statements": 1, "percent_covered": 100.0, "percent_covered_display": "100", "missing_lines": 0, "excluded_lines": 0}, "missing_lines": [], "excluded_lines": []}, "Plasma.sc": {"executed_lines": [227], "summary": {"covered_lines": 1, "num_statements": 1, "percent_covered": 100.0, "percent_covered_display": "100", "missing_lines": 0, "excluded_lines": 0}, "missing_lines": [], "excluded_lines": []}, "Plasma.auxiliary_data": {"executed_lines": [240], "summary": {"covered_lines": 1, "num_statements": 1, "percent_covered": 100.0, "percent_covered_display": "100", "missing_lines": 0, "excluded_lines": 0}, "missing_lines": [], "excluded_lines": []}, "Plasma.aux": {"executed_lines": [248], "summary": {"covered_lines": 1, "num_statements": 1, "percent_covered": 100.0, "percent_covered_display": "100", "missing_lines": 0, "excluded_lines": 0}, "missing_lines": [], "excluded_lines": []}, "Plasma.log_plasma_at_init": {"executed_lines": [263], "summary": {"covered_lines": 1, "num_statements": 1, "percent_covered": 100.0, "percent_covered_display": "100", "missing_lines": 0, "excluded_lines": 0}, "missing_lines": [], "excluded_lines": []}, "Plasma.set_log_plasma_stats": {"executed_lines": [285], "summary": {"covered_lines": 1, "num_statements": 1, "percent_covered": 100.0, "percent_covered_display": "100", "missing_lines": 0, "excluded_lines": 0}, "missing_lines": [], "excluded_lines": []}, "Plasma.save": {"executed_lines": [327, 329, 330, 331, 332, 334, 343, 344, 353, 354, 371, 373, 389], "summary": {"covered_lines": 13, "num_statements": 30, "percent_covered": 43.333333333333336, "percent_covered_display": "43", "missing_lines": 17, "excluded_lines": 0}, "missing_lines": [335, 336, 339, 340, 355, 356, 357, 358, 359, 361, 362, 374, 375, 376, 377, 379, 380], "excluded_lines": []}, "Plasma.load_from_file": {"executed_lines": [427, 428, 430, 433, 435, 436, 442, 443, 445, 454, 474, 486], "summary": {"covered_lines": 12, "num_statements": 31, "percent_covered": 38.70967741935484, "percent_covered_display": "39", "missing_lines": 19, "excluded_lines": 0}, "missing_lines": [431, 434, 437, 440, 455, 456, 458, 459, 464, 465, 467, 469, 470, 475, 476, 478, 479, 481, 482], "excluded_lines": []}, "Plasma._set_species": {"executed_lines": [493, 494, 495], "summary": {"covered_lines": 3, "num_statements": 3, "percent_covered": 100.0, "percent_covered_display": "100", "missing_lines": 0, "excluded_lines": 0}, "missing_lines": [], "excluded_lines": []}, "Plasma._chk_species": {"executed_lines": [501, 502, 503, 504, 514, 516, 517, 518, 519, 520, 527, 528], "summary": {"covered_lines": 12, "num_statements": 12, "percent_covered": 100.0, "percent_covered_display": "100", "missing_lines": 0, "excluded_lines": 0}, "missing_lines": [], "excluded_lines": []}, "Plasma.species": {"executed_lines": [533], "summary": {"covered_lines": 1, "num_statements": 1, "percent_covered": 100.0, "percent_covered_display": "100", "missing_lines": 0, "excluded_lines": 0}, "missing_lines": [], "excluded_lines": []}, "Plasma.ions": {"executed_lines": [538], "summary": {"covered_lines": 1, "num_statements": 1, "percent_covered": 100.0, "percent_covered_display": "100", "missing_lines": 0, "excluded_lines": 0}, "missing_lines": [], "excluded_lines": []}, "Plasma._set_ions": {"executed_lines": [541, 542, 543, 544, 547, 549, 550, 551], "summary": {"covered_lines": 8, "num_statements": 8, "percent_covered": 100.0, "percent_covered_display": "100", "missing_lines": 0, "excluded_lines": 0}, "missing_lines": [], "excluded_lines": []}, "Plasma.drop_species": {"executed_lines": [572, 573, 574, 575, 577, 580, 582, 583, 589, 596], "summary": {"covered_lines": 10, "num_statements": 12, "percent_covered": 83.33333333333333, "percent_covered_display": "83", "missing_lines": 2, "excluded_lines": 0}, "missing_lines": [584, 587], "excluded_lines": []}, "Plasma.set_spacecraft": {"executed_lines": [624, 626, 627, 628, 629, 634, 635], "summary": {"covered_lines": 7, "num_statements": 7, "percent_covered": 100.0, "percent_covered_display": "100", "missing_lines": 0, "excluded_lines": 0}, "missing_lines": [], "excluded_lines": []}, "Plasma.set_auxiliary_data": {"executed_lines": [666, 668, 669, 670, 671, 672, 673, 675, 676], "summary": {"covered_lines": 9, "num_statements": 9, "percent_covered": 100.0, "percent_covered_display": "100", "missing_lines": 0, "excluded_lines": 0}, "missing_lines": [], "excluded_lines": []}, "Plasma._log_object_at_load": {"executed_lines": [680, 681, 682, 684], "summary": {"covered_lines": 4, "num_statements": 13, "percent_covered": 30.76923076923077, "percent_covered_display": "31", "missing_lines": 9, "excluded_lines": 0}, "missing_lines": [686, 687, 691, 692, 699, 701, 703, 704, 717], "excluded_lines": []}, "Plasma.set_data": {"executed_lines": [727, 729, 731, 742, 748, 749, 750, 752, 754, 773, 779, 780, 783, 787, 788, 790, 791, 797, 798, 803, 805, 807], "summary": {"covered_lines": 22, "num_statements": 22, "percent_covered": 100.0, "percent_covered_display": "100", "missing_lines": 0, "excluded_lines": 0}, "missing_lines": [], "excluded_lines": []}, "Plasma.bfield": {"executed_lines": [812], "summary": {"covered_lines": 1, "num_statements": 1, "percent_covered": 100.0, "percent_covered_display": "100", "missing_lines": 0, "excluded_lines": 0}, "missing_lines": [], "excluded_lines": []}, "Plasma.b": {"executed_lines": [819], "summary": {"covered_lines": 1, "num_statements": 1, "percent_covered": 100.0, "percent_covered_display": "100", "missing_lines": 0, "excluded_lines": 0}, "missing_lines": [], "excluded_lines": []}, "Plasma.number_density": {"executed_lines": [842, 844, 845, 847, 848, 849, 851], "summary": {"covered_lines": 7, "num_statements": 7, "percent_covered": 100.0, "percent_covered_display": "100", "missing_lines": 0, "excluded_lines": 0}, "missing_lines": [], "excluded_lines": []}, "Plasma.n": {"executed_lines": [857], "summary": {"covered_lines": 1, "num_statements": 1, "percent_covered": 100.0, "percent_covered_display": "100", "missing_lines": 0, "excluded_lines": 0}, "missing_lines": [], "excluded_lines": []}, "Plasma.mass_density": {"executed_lines": [876, 878, 879, 881, 882, 883, 884], "summary": {"covered_lines": 7, "num_statements": 7, "percent_covered": 100.0, "percent_covered_display": "100", "missing_lines": 0, "excluded_lines": 0}, "missing_lines": [], "excluded_lines": []}, "Plasma.rho": {"executed_lines": [888], "summary": {"covered_lines": 1, "num_statements": 1, "percent_covered": 100.0, "percent_covered_display": "100", "missing_lines": 0, "excluded_lines": 0}, "missing_lines": [], "excluded_lines": []}, "Plasma.thermal_speed": {"executed_lines": [904, 905, 909, 910, 911, 912, 914, 916, 918], "summary": {"covered_lines": 9, "num_statements": 9, "percent_covered": 100.0, "percent_covered_display": "100", "missing_lines": 0, "excluded_lines": 0}, "missing_lines": [], "excluded_lines": []}, "Plasma.w": {"executed_lines": [922], "summary": {"covered_lines": 1, "num_statements": 1, "percent_covered": 100.0, "percent_covered_display": "100", "missing_lines": 0, "excluded_lines": 0}, "missing_lines": [], "excluded_lines": []}, "Plasma.pth": {"executed_lines": [941, 942, 943, 946, 947, 948, 950, 951, 955], "summary": {"covered_lines": 9, "num_statements": 10, "percent_covered": 90.0, "percent_covered_display": "90", "missing_lines": 1, "excluded_lines": 0}, "missing_lines": [944], "excluded_lines": []}, "Plasma.temperature": {"executed_lines": [974, 975, 976, 977, 979, 980, 984], "summary": {"covered_lines": 7, "num_statements": 7, "percent_covered": 100.0, "percent_covered_display": "100", "missing_lines": 0, "excluded_lines": 0}, "missing_lines": [], "excluded_lines": []}, "Plasma.beta": {"executed_lines": [1025, 1026, 1027, 1030, 1031, 1032, 1034, 1035, 1036, 1037], "summary": {"covered_lines": 10, "num_statements": 11, "percent_covered": 90.9090909090909, "percent_covered_display": "91", "missing_lines": 1, "excluded_lines": 0}, "missing_lines": [1028], "excluded_lines": []}, "Plasma.anisotropy": {"executed_lines": [1057, 1059, 1060, 1065, 1067, 1070, 1072, 1073, 1075], "summary": {"covered_lines": 9, "num_statements": 10, "percent_covered": 90.0, "percent_covered_display": "90", "missing_lines": 1, "excluded_lines": 0}, "missing_lines": [1061], "excluded_lines": []}, "Plasma.velocity": {"executed_lines": [1096, 1100, 1102, 1103, 1104, 1105, 1108, 1109, 1111, 1112, 1122, 1123, 1124, 1125, 1131, 1134, 1135, 1137], "summary": {"covered_lines": 18, "num_statements": 18, "percent_covered": 100.0, "percent_covered_display": "100", "missing_lines": 0, "excluded_lines": 0}, "missing_lines": [], "excluded_lines": []}, "Plasma.v": {"executed_lines": [1143], "summary": {"covered_lines": 1, "num_statements": 1, "percent_covered": 100.0, "percent_covered_display": "100", "missing_lines": 0, "excluded_lines": 0}, "missing_lines": [], "excluded_lines": []}, "Plasma.dv": {"executed_lines": [1167, 1168, 1172, 1174, 1175, 1177, 1178, 1180], "summary": {"covered_lines": 8, "num_statements": 8, "percent_covered": 100.0, "percent_covered_display": "100", "missing_lines": 0, "excluded_lines": 0}, "missing_lines": [], "excluded_lines": []}, "Plasma.pdynamic": {"executed_lines": [1204, 1205, 1206, 1207, 1209, 1211, 1213, 1214, 1215, 1221, 1222, 1223, 1225, 1227, 1230, 1231, 1232, 1234, 1235, 1264], "summary": {"covered_lines": 20, "num_statements": 20, "percent_covered": 100.0, "percent_covered_display": "100", "missing_lines": 0, "excluded_lines": 0}, "missing_lines": [], "excluded_lines": []}, "Plasma.pdv": {"executed_lines": [1268], "summary": {"covered_lines": 1, "num_statements": 1, "percent_covered": 100.0, "percent_covered_display": "100", "missing_lines": 0, "excluded_lines": 0}, "missing_lines": [], "excluded_lines": []}, "Plasma.sound_speed": {"executed_lines": [], "summary": {"covered_lines": 0, "num_statements": 10, "percent_covered": 0.0, "percent_covered_display": "0", "missing_lines": 10, "excluded_lines": 0}, "missing_lines": [1282, 1283, 1284, 1286, 1289, 1290, 1295, 1296, 1298, 1300], "excluded_lines": []}, "Plasma.cs": {"executed_lines": [], "summary": {"covered_lines": 0, "num_statements": 1, "percent_covered": 0.0, "percent_covered_display": "0", "missing_lines": 1, "excluded_lines": 0}, "missing_lines": [1304], "excluded_lines": []}, "Plasma.ca": {"executed_lines": [1319, 1321, 1322, 1324, 1325, 1326, 1327, 1329, 1330, 1342], "summary": {"covered_lines": 10, "num_statements": 10, "percent_covered": 100.0, "percent_covered_display": "100", "missing_lines": 0, "excluded_lines": 0}, "missing_lines": [], "excluded_lines": []}, "Plasma.afsq": {"executed_lines": [1369, 1370, 1377, 1379, 1381, 1382, 1384, 1385, 1393, 1394, 1396, 1398, 1399, 1401, 1403, 1404, 1417], "summary": {"covered_lines": 17, "num_statements": 17, "percent_covered": 100.0, "percent_covered_display": "100", "missing_lines": 0, "excluded_lines": 0}, "missing_lines": [], "excluded_lines": []}, "Plasma.caani": {"executed_lines": [1447, 1448, 1450, 1451, 1452, 1463], "summary": {"covered_lines": 6, "num_statements": 6, "percent_covered": 100.0, "percent_covered_display": "100", "missing_lines": 0, "excluded_lines": 0}, "missing_lines": [], "excluded_lines": []}, "Plasma.lnlambda": {"executed_lines": [1488, 1489, 1491, 1492, 1496, 1498, 1499, 1501, 1502, 1504, 1505, 1507, 1508, 1510, 1511, 1513, 1514, 1516, 1517, 1518, 1520, 1522, 1523, 1544], "summary": {"covered_lines": 24, "num_statements": 24, "percent_covered": 100.0, "percent_covered_display": "100", "missing_lines": 0, "excluded_lines": 0}, "missing_lines": [], "excluded_lines": []}, "Plasma.nuc": {"executed_lines": [1580, 1582, 1583, 1585, 1592, 1594, 1595, 1597, 1598, 1599, 1600, 1601, 1603, 1604, 1606, 1609, 1611, 1612, 1615, 1616, 1617, 1619, 1622, 1646, 1647, 1648, 1651, 1652, 1653, 1655, 1661, 1663, 1671], "summary": {"covered_lines": 33, "num_statements": 35, "percent_covered": 94.28571428571429, "percent_covered_display": "94", "missing_lines": 2, "excluded_lines": 0}, "missing_lines": [1586, 1590], "excluded_lines": []}, "Plasma.nc": {"executed_lines": [1694, 1695, 1697, 1698, 1702, 1704, 1706, 1707, 1708, 1709, 1711, 1715, 1716, 1718, 1720, 1721, 1736], "summary": {"covered_lines": 17, "num_statements": 17, "percent_covered": 100.0, "percent_covered_display": "100", "missing_lines": 0, "excluded_lines": 0}, "missing_lines": [], "excluded_lines": []}, "Plasma.vdf_ratio": {"executed_lines": [1780, 1781, 1783, 1784, 1789, 1790, 1796, 1797, 1799, 1800, 1802, 1803, 1804, 1805, 1806, 1808, 1809, 1811, 1812, 1813, 1815, 1817, 1818, 1819, 1840], "summary": {"covered_lines": 25, "num_statements": 25, "percent_covered": 100.0, "percent_covered_display": "100", "missing_lines": 0, "excluded_lines": 0}, "missing_lines": [], "excluded_lines": []}, "Plasma.estimate_electrons": {"executed_lines": [1849, 1851, 1860, 1861, 1865, 1866, 1872, 1874, 1875, 1880, 1881, 1882, 1883, 1885, 1886, 1887, 1888, 1889, 1891, 1894, 1895, 1897, 1901, 1903, 1904, 1905, 1906, 1907, 1909, 1910, 1913, 1914, 1916, 1918, 1951], "summary": {"covered_lines": 35, "num_statements": 54, "percent_covered": 64.81481481481481, "percent_covered_display": "65", "missing_lines": 19, "excluded_lines": 0}, "missing_lines": [1852, 1858, 1867, 1871, 1873, 1877, 1878, 1919, 1920, 1921, 1922, 1924, 1925, 1926, 1928, 1929, 1930, 1931, 1932], "excluded_lines": []}, "Plasma.heat_flux": {"executed_lines": [1974, 1975, 1976, 1978, 1979, 1980, 1981, 1982, 1983, 1985, 1986, 1997, 1998, 1999, 2000, 2005, 2006, 2007], "summary": {"covered_lines": 18, "num_statements": 18, "percent_covered": 100.0, "percent_covered_display": "100", "missing_lines": 0, "excluded_lines": 0}, "missing_lines": [], "excluded_lines": []}, "Plasma.qpar": {"executed_lines": [2013], "summary": {"covered_lines": 1, "num_statements": 1, "percent_covered": 100.0, "percent_covered_display": "100", "missing_lines": 0, "excluded_lines": 0}, "missing_lines": [], "excluded_lines": []}, "Plasma.build_alfvenic_turbulence": {"executed_lines": [2033, 2035, 2037, 2040, 2041, 2042, 2044, 2045, 2046, 2048, 2049, 2050, 2051, 2054, 2055, 2057, 2059, 2061], "summary": {"covered_lines": 18, "num_statements": 18, "percent_covered": 100.0, "percent_covered_display": "100", "missing_lines": 0, "excluded_lines": 0}, "missing_lines": [], "excluded_lines": []}, "Plasma.S": {"executed_lines": [2065], "summary": {"covered_lines": 1, "num_statements": 1, "percent_covered": 100.0, "percent_covered_display": "100", "missing_lines": 0, "excluded_lines": 0}, "missing_lines": [], "excluded_lines": []}, "Plasma.specific_entropy": {"executed_lines": [2090, 2091, 2093, 2096, 2098, 2099, 2101, 2106, 2107, 2109], "summary": {"covered_lines": 10, "num_statements": 10, "percent_covered": 100.0, "percent_covered_display": "100", "missing_lines": 0, "excluded_lines": 0}, "missing_lines": [], "excluded_lines": []}, "Plasma.kinetic_energy_flux": {"executed_lines": [], "summary": {"covered_lines": 0, "num_statements": 7, "percent_covered": 0.0, "percent_covered_display": "0", "missing_lines": 7, "excluded_lines": 0}, "missing_lines": [2128, 2130, 2131, 2133, 2134, 2135, 2137], "excluded_lines": []}, "Plasma.Wk": {"executed_lines": [], "summary": {"covered_lines": 0, "num_statements": 1, "percent_covered": 0.0, "percent_covered_display": "0", "missing_lines": 1, "excluded_lines": 0}, "missing_lines": [2142], "excluded_lines": []}, "": {"executed_lines": [2, 31, 32, 33, 39, 40, 41, 42, 43, 46, 47, 109, 196, 202, 203, 219, 220, 224, 225, 229, 230, 245, 246, 250, 251, 265, 287, 391, 392, 488, 497, 530, 531, 535, 536, 540, 553, 598, 637, 678, 724, 809, 810, 814, 815, 821, 853, 859, 886, 890, 920, 924, 957, 986, 1039, 1077, 1139, 1145, 1182, 1266, 1270, 1302, 1306, 1344, 1419, 1465, 1546, 1673, 1738, 1842, 1953, 2009, 2015, 2063, 2067, 2111, 2139], "summary": {"covered_lines": 75, "num_statements": 75, "percent_covered": 100.0, "percent_covered_display": "100", "missing_lines": 0, "excluded_lines": 0}, "missing_lines": [], "excluded_lines": []}}, "classes": {"Plasma": {"executed_lines": [188, 189, 190, 191, 192, 193, 194, 222, 227, 240, 248, 263, 285, 327, 329, 330, 331, 332, 334, 343, 344, 353, 354, 371, 373, 389, 427, 428, 430, 433, 435, 436, 442, 443, 445, 454, 474, 486, 493, 494, 495, 501, 502, 503, 504, 514, 516, 517, 518, 519, 520, 527, 528, 533, 538, 541, 542, 543, 544, 547, 549, 550, 551, 572, 573, 574, 575, 577, 580, 582, 583, 589, 596, 624, 626, 627, 628, 629, 634, 635, 666, 668, 669, 670, 671, 672, 673, 675, 676, 680, 681, 682, 684, 727, 729, 731, 742, 748, 749, 750, 752, 754, 773, 779, 780, 783, 787, 788, 790, 791, 797, 798, 803, 805, 807, 812, 819, 842, 844, 845, 847, 848, 849, 851, 857, 876, 878, 879, 881, 882, 883, 884, 888, 904, 905, 909, 910, 911, 912, 914, 916, 918, 922, 941, 942, 943, 946, 947, 948, 950, 951, 955, 974, 975, 976, 977, 979, 980, 984, 1025, 1026, 1027, 1030, 1031, 1032, 1034, 1035, 1036, 1037, 1057, 1059, 1060, 1065, 1067, 1070, 1072, 1073, 1075, 1096, 1100, 1102, 1103, 1104, 1105, 1108, 1109, 1111, 1112, 1122, 1123, 1124, 1125, 1131, 1134, 1135, 1137, 1143, 1167, 1168, 1172, 1174, 1175, 1177, 1178, 1180, 1204, 1205, 1206, 1207, 1209, 1211, 1213, 1214, 1215, 1221, 1222, 1223, 1225, 1227, 1230, 1231, 1232, 1234, 1235, 1264, 1268, 1319, 1321, 1322, 1324, 1325, 1326, 1327, 1329, 1330, 1342, 1369, 1370, 1377, 1379, 1381, 1382, 1384, 1385, 1393, 1394, 1396, 1398, 1399, 1401, 1403, 1404, 1417, 1447, 1448, 1450, 1451, 1452, 1463, 1488, 1489, 1491, 1492, 1496, 1498, 1499, 1501, 1502, 1504, 1505, 1507, 1508, 1510, 1511, 1513, 1514, 1516, 1517, 1518, 1520, 1522, 1523, 1544, 1580, 1582, 1583, 1585, 1592, 1594, 1595, 1597, 1598, 1599, 1600, 1601, 1603, 1604, 1606, 1609, 1611, 1612, 1615, 1616, 1617, 1619, 1622, 1646, 1647, 1648, 1651, 1652, 1653, 1655, 1661, 1663, 1671, 1694, 1695, 1697, 1698, 1702, 1704, 1706, 1707, 1708, 1709, 1711, 1715, 1716, 1718, 1720, 1721, 1736, 1780, 1781, 1783, 1784, 1789, 1790, 1796, 1797, 1799, 1800, 1802, 1803, 1804, 1805, 1806, 1808, 1809, 1811, 1812, 1813, 1815, 1817, 1818, 1819, 1840, 1849, 1851, 1860, 1861, 1865, 1866, 1872, 1874, 1875, 1880, 1881, 1882, 1883, 1885, 1886, 1887, 1888, 1889, 1891, 1894, 1895, 1897, 1901, 1903, 1904, 1905, 1906, 1907, 1909, 1910, 1913, 1914, 1916, 1918, 1951, 1974, 1975, 1976, 1978, 1979, 1980, 1981, 1982, 1983, 1985, 1986, 1997, 1998, 1999, 2000, 2005, 2006, 2007, 2013, 2033, 2035, 2037, 2040, 2041, 2042, 2044, 2045, 2046, 2048, 2049, 2050, 2051, 2054, 2055, 2057, 2059, 2061, 2065, 2090, 2091, 2093, 2096, 2098, 2099, 2101, 2106, 2107, 2109], "summary": {"covered_lines": 441, "num_statements": 535, "percent_covered": 82.42990654205607, "percent_covered_display": "82", "missing_lines": 94, "excluded_lines": 0}, "missing_lines": [197, 198, 200, 217, 335, 336, 339, 340, 355, 356, 357, 358, 359, 361, 362, 374, 375, 376, 377, 379, 380, 431, 434, 437, 440, 455, 456, 458, 459, 464, 465, 467, 469, 470, 475, 476, 478, 479, 481, 482, 584, 587, 686, 687, 691, 692, 699, 701, 703, 704, 717, 944, 1028, 1061, 1282, 1283, 1284, 1286, 1289, 1290, 1295, 1296, 1298, 1300, 1304, 1586, 1590, 1852, 1858, 1867, 1871, 1873, 1877, 1878, 1919, 1920, 1921, 1922, 1924, 1925, 1926, 1928, 1929, 1930, 1931, 1932, 2128, 2130, 2131, 2133, 2134, 2135, 2137, 2142], "excluded_lines": []}, "": {"executed_lines": [2, 31, 32, 33, 39, 40, 41, 42, 43, 46, 47, 109, 196, 202, 203, 219, 220, 224, 225, 229, 230, 245, 246, 250, 251, 265, 287, 391, 392, 488, 497, 530, 531, 535, 536, 540, 553, 598, 637, 678, 724, 809, 810, 814, 815, 821, 853, 859, 886, 890, 920, 924, 957, 986, 1039, 1077, 1139, 1145, 1182, 1266, 1270, 1302, 1306, 1344, 1419, 1465, 1546, 1673, 1738, 1842, 1953, 2009, 2015, 2063, 2067, 2111, 2139], "summary": {"covered_lines": 75, "num_statements": 75, "percent_covered": 100.0, "percent_covered_display": "100", "missing_lines": 0, "excluded_lines": 0}, "missing_lines": [], "excluded_lines": []}}}, "solarwindpy/core/spacecraft.py": {"executed_lines": [2, 7, 8, 14, 15, 18, 19, 32, 77, 78, 79, 80, 82, 83, 85, 87, 88, 90, 92, 93, 101, 102, 104, 105, 114, 116, 117, 119, 121, 122, 135, 136, 137, 138, 139, 141, 142, 144, 146, 147, 149, 150, 151, 152, 154, 155, 157, 158, 160, 161, 162, 163, 166, 169, 173, 174, 175, 182, 183, 184, 186, 187, 191, 206, 207, 209, 211, 214, 215, 217, 225, 227, 230, 231, 233, 235, 236, 237, 238, 239, 240, 241, 242, 244, 245, 246, 247, 248, 249, 250, 251, 253, 255, 256], "summary": {"covered_lines": 92, "num_statements": 95, "percent_covered": 96.84210526315789, "percent_covered_display": "97", "missing_lines": 3, "excluded_lines": 0}, "missing_lines": [178, 210, 212], "excluded_lines": [], "functions": {"Spacecraft.__init__": {"executed_lines": [77, 78, 79, 80], "summary": {"covered_lines": 4, "num_statements": 4, "percent_covered": 100.0, "percent_covered_display": "100", "missing_lines": 0, "excluded_lines": 0}, "missing_lines": [], "excluded_lines": []}, "Spacecraft.frame": {"executed_lines": [85], "summary": {"covered_lines": 1, "num_statements": 1, "percent_covered": 100.0, "percent_covered_display": "100", "missing_lines": 0, "excluded_lines": 0}, "missing_lines": [], "excluded_lines": []}, "Spacecraft.name": {"executed_lines": [90], "summary": {"covered_lines": 1, "num_statements": 1, "percent_covered": 100.0, "percent_covered_display": "100", "missing_lines": 0, "excluded_lines": 0}, "missing_lines": [], "excluded_lines": []}, "Spacecraft.position": {"executed_lines": [101, 102], "summary": {"covered_lines": 2, "num_statements": 2, "percent_covered": 100.0, "percent_covered_display": "100", "missing_lines": 0, "excluded_lines": 0}, "missing_lines": [], "excluded_lines": []}, "Spacecraft.pos": {"executed_lines": [114], "summary": {"covered_lines": 1, "num_statements": 1, "percent_covered": 100.0, "percent_covered_display": "100", "missing_lines": 0, "excluded_lines": 0}, "missing_lines": [], "excluded_lines": []}, "Spacecraft.r": {"executed_lines": [119], "summary": {"covered_lines": 1, "num_statements": 1, "percent_covered": 100.0, "percent_covered_display": "100", "missing_lines": 0, "excluded_lines": 0}, "missing_lines": [], "excluded_lines": []}, "Spacecraft.velocity": {"executed_lines": [135, 136, 137, 138, 139], "summary": {"covered_lines": 5, "num_statements": 5, "percent_covered": 100.0, "percent_covered_display": "100", "missing_lines": 0, "excluded_lines": 0}, "missing_lines": [], "excluded_lines": []}, "Spacecraft.v": {"executed_lines": [144], "summary": {"covered_lines": 1, "num_statements": 1, "percent_covered": 100.0, "percent_covered_display": "100", "missing_lines": 0, "excluded_lines": 0}, "missing_lines": [], "excluded_lines": []}, "Spacecraft.carrington": {"executed_lines": [149, 150, 151, 152], "summary": {"covered_lines": 4, "num_statements": 4, "percent_covered": 100.0, "percent_covered_display": "100", "missing_lines": 0, "excluded_lines": 0}, "missing_lines": [], "excluded_lines": []}, "Spacecraft.distance2sun": {"executed_lines": [157, 158, 160, 161, 162, 163, 166, 169, 173, 174, 175, 182, 183, 184], "summary": {"covered_lines": 14, "num_statements": 15, "percent_covered": 93.33333333333333, "percent_covered_display": "93", "missing_lines": 1, "excluded_lines": 0}, "missing_lines": [178], "excluded_lines": []}, "Spacecraft._log_spacecraft": {"executed_lines": [187], "summary": {"covered_lines": 1, "num_statements": 1, "percent_covered": 100.0, "percent_covered_display": "100", "missing_lines": 0, "excluded_lines": 0}, "missing_lines": [], "excluded_lines": []}, "Spacecraft.set_frame_name": {"executed_lines": [206, 207, 209, 211, 214, 215], "summary": {"covered_lines": 6, "num_statements": 8, "percent_covered": 75.0, "percent_covered_display": "75", "missing_lines": 2, "excluded_lines": 0}, "missing_lines": [210, 212], "excluded_lines": []}, "Spacecraft.set_data": {"executed_lines": [225, 227, 230, 231, 233, 235, 236, 237, 238, 239, 240, 241, 242, 244, 245, 246, 247, 248, 249, 250, 251, 253, 255, 256], "summary": {"covered_lines": 24, "num_statements": 24, "percent_covered": 100.0, "percent_covered_display": "100", "missing_lines": 0, "excluded_lines": 0}, "missing_lines": [], "excluded_lines": []}, "": {"executed_lines": [2, 7, 8, 14, 15, 18, 19, 32, 82, 83, 87, 88, 92, 93, 104, 105, 116, 117, 121, 122, 141, 142, 146, 147, 154, 155, 186, 191, 217], "summary": {"covered_lines": 27, "num_statements": 27, "percent_covered": 100.0, "percent_covered_display": "100", "missing_lines": 0, "excluded_lines": 0}, "missing_lines": [], "excluded_lines": []}}, "classes": {"Spacecraft": {"executed_lines": [77, 78, 79, 80, 85, 90, 101, 102, 114, 119, 135, 136, 137, 138, 139, 144, 149, 150, 151, 152, 157, 158, 160, 161, 162, 163, 166, 169, 173, 174, 175, 182, 183, 184, 187, 206, 207, 209, 211, 214, 215, 225, 227, 230, 231, 233, 235, 236, 237, 238, 239, 240, 241, 242, 244, 245, 246, 247, 248, 249, 250, 251, 253, 255, 256], "summary": {"covered_lines": 65, "num_statements": 68, "percent_covered": 95.58823529411765, "percent_covered_display": "96", "missing_lines": 3, "excluded_lines": 0}, "missing_lines": [178, 210, 212], "excluded_lines": []}, "": {"executed_lines": [2, 7, 8, 14, 15, 18, 19, 32, 82, 83, 87, 88, 92, 93, 104, 105, 116, 117, 121, 122, 141, 142, 146, 147, 154, 155, 186, 191, 217], "summary": {"covered_lines": 27, "num_statements": 27, "percent_covered": 100.0, "percent_covered_display": "100", "missing_lines": 0, "excluded_lines": 0}, "missing_lines": [], "excluded_lines": []}}}, "solarwindpy/core/tensor.py": {"executed_lines": [2, 4, 5, 7, 10, 11, 19, 27, 28, 29, 31, 51, 64, 65, 67, 68, 81, 82, 86, 87], "summary": {"covered_lines": 18, "num_statements": 22, "percent_covered": 81.81818181818181, "percent_covered_display": "82", "missing_lines": 4, "excluded_lines": 0}, "missing_lines": [49, 83, 84, 89], "excluded_lines": [], "functions": {"Tensor.__init__": {"executed_lines": [27, 28, 29], "summary": {"covered_lines": 3, "num_statements": 3, "percent_covered": 100.0, "percent_covered_display": "100", "missing_lines": 0, "excluded_lines": 0}, "missing_lines": [], "excluded_lines": []}, "Tensor.__call__": {"executed_lines": [], "summary": {"covered_lines": 0, "num_statements": 1, "percent_covered": 0.0, "percent_covered_display": "0", "missing_lines": 1, "excluded_lines": 0}, "missing_lines": [49], "excluded_lines": []}, "Tensor.set_data": {"executed_lines": [64, 65], "summary": {"covered_lines": 2, "num_statements": 2, "percent_covered": 100.0, "percent_covered_display": "100", "missing_lines": 0, "excluded_lines": 0}, "missing_lines": [], "excluded_lines": []}, "Tensor._validate_data": {"executed_lines": [81, 82], "summary": {"covered_lines": 2, "num_statements": 4, "percent_covered": 50.0, "percent_covered_display": "50", "missing_lines": 2, "excluded_lines": 0}, "missing_lines": [83, 84], "excluded_lines": []}, "Tensor.magnitude": {"executed_lines": [], "summary": {"covered_lines": 0, "num_statements": 1, "percent_covered": 0.0, "percent_covered_display": "0", "missing_lines": 1, "excluded_lines": 0}, "missing_lines": [89], "excluded_lines": []}, "": {"executed_lines": [2, 4, 5, 7, 10, 11, 19, 31, 51, 67, 68, 86, 87], "summary": {"covered_lines": 11, "num_statements": 11, "percent_covered": 100.0, "percent_covered_display": "100", "missing_lines": 0, "excluded_lines": 0}, "missing_lines": [], "excluded_lines": []}}, "classes": {"Tensor": {"executed_lines": [27, 28, 29, 64, 65, 81, 82], "summary": {"covered_lines": 7, "num_statements": 11, "percent_covered": 63.63636363636363, "percent_covered_display": "64", "missing_lines": 4, "excluded_lines": 0}, "missing_lines": [49, 83, 84, 89], "excluded_lines": []}, "": {"executed_lines": [2, 4, 5, 7, 10, 11, 19, 31, 51, 67, 68, 86, 87], "summary": {"covered_lines": 11, "num_statements": 11, "percent_covered": 100.0, "percent_covered_display": "100", "missing_lines": 0, "excluded_lines": 0}, "missing_lines": [], "excluded_lines": []}}}, "solarwindpy/core/units_constants.py": {"executed_lines": [2, 9, 11, 13, 14, 20, 32, 37, 39, 52, 65, 78, 91, 105, 106, 107, 109, 110, 111, 112, 113, 117, 118, 119, 124, 126, 136, 140, 141, 142, 170, 171, 172, 173, 174, 175, 176, 177, 178, 179, 180, 181, 182, 183, 184, 185, 186, 187, 188, 190, 192, 193, 194, 195, 196, 197, 198, 199], "summary": {"covered_lines": 55, "num_statements": 56, "percent_covered": 98.21428571428571, "percent_covered_display": "98", "missing_lines": 1, "excluded_lines": 0}, "missing_lines": [137], "excluded_lines": [], "functions": {"Constants.__post_init__": {"executed_lines": [126, 136], "summary": {"covered_lines": 2, "num_statements": 3, "percent_covered": 66.66666666666667, "percent_covered_display": "67", "missing_lines": 1, "excluded_lines": 0}, "missing_lines": [137], "excluded_lines": []}, "Units.__post_init__": {"executed_lines": [192, 193, 194, 195, 196, 197, 198, 199], "summary": {"covered_lines": 8, "num_statements": 8, "percent_covered": 100.0, "percent_covered_display": "100", "missing_lines": 0, "excluded_lines": 0}, "missing_lines": [], "excluded_lines": []}, "": {"executed_lines": [2, 9, 11, 13, 14, 20, 32, 37, 39, 52, 65, 78, 91, 105, 106, 107, 109, 110, 111, 112, 113, 117, 118, 119, 124, 140, 141, 142, 170, 171, 172, 173, 174, 175, 176, 177, 178, 179, 180, 181, 182, 183, 184, 185, 186, 187, 188, 190], "summary": {"covered_lines": 45, "num_statements": 45, "percent_covered": 100.0, "percent_covered_display": "100", "missing_lines": 0, "excluded_lines": 0}, "missing_lines": [], "excluded_lines": []}}, "classes": {"Constants": {"executed_lines": [126, 136], "summary": {"covered_lines": 2, "num_statements": 3, "percent_covered": 66.66666666666667, "percent_covered_display": "67", "missing_lines": 1, "excluded_lines": 0}, "missing_lines": [137], "excluded_lines": []}, "Units": {"executed_lines": [192, 193, 194, 195, 196, 197, 198, 199], "summary": {"covered_lines": 8, "num_statements": 8, "percent_covered": 100.0, "percent_covered_display": "100", "missing_lines": 0, "excluded_lines": 0}, "missing_lines": [], "excluded_lines": []}, "": {"executed_lines": [2, 9, 11, 13, 14, 20, 32, 37, 39, 52, 65, 78, 91, 105, 106, 107, 109, 110, 111, 112, 113, 117, 118, 119, 124, 140, 141, 142, 170, 171, 172, 173, 174, 175, 176, 177, 178, 179, 180, 181, 182, 183, 184, 185, 186, 187, 188, 190], "summary": {"covered_lines": 45, "num_statements": 45, "percent_covered": 100.0, "percent_covered_display": "100", "missing_lines": 0, "excluded_lines": 0}, "missing_lines": [], "excluded_lines": []}}}, "solarwindpy/core/vector.py": {"executed_lines": [2, 8, 9, 10, 12, 15, 16, 24, 32, 34, 49, 62, 63, 64, 71, 73, 74, 82, 83, 84, 85, 87, 88, 96, 98, 99, 107, 108, 109, 110, 112, 113, 121, 123, 124, 132, 133, 134, 136, 137, 147, 148, 160, 161, 169, 170, 171, 173, 174, 182, 184, 185, 193, 194, 195, 197, 198, 206, 208, 209, 217, 218, 219, 221, 222, 230, 232, 250, 251, 253, 257, 258, 259, 265, 267, 285, 286, 292, 295, 296, 298, 299, 314, 315, 316, 317, 318, 320, 321, 329], "summary": {"covered_lines": 87, "num_statements": 94, "percent_covered": 92.55319148936171, "percent_covered_display": "93", "missing_lines": 7, "excluded_lines": 0}, "missing_lines": [47, 68, 145, 156, 157, 158, 288], "excluded_lines": [], "functions": {"Vector.__init__": {"executed_lines": [32], "summary": {"covered_lines": 1, "num_statements": 1, "percent_covered": 100.0, "percent_covered_display": "100", "missing_lines": 0, "excluded_lines": 0}, "missing_lines": [], "excluded_lines": []}, "Vector.__call__": {"executed_lines": [], "summary": {"covered_lines": 0, "num_statements": 1, "percent_covered": 0.0, "percent_covered_display": "0", "missing_lines": 1, "excluded_lines": 0}, "missing_lines": [47], "excluded_lines": []}, "Vector.set_data": {"executed_lines": [62, 63, 64, 71], "summary": {"covered_lines": 4, "num_statements": 5, "percent_covered": 80.0, "percent_covered_display": "80", "missing_lines": 1, "excluded_lines": 0}, "missing_lines": [68], "excluded_lines": []}, "Vector.mag": {"executed_lines": [82, 83, 84, 85], "summary": {"covered_lines": 4, "num_statements": 4, "percent_covered": 100.0, "percent_covered_display": "100", "missing_lines": 0, "excluded_lines": 0}, "missing_lines": [], "excluded_lines": []}, "Vector.magnitude": {"executed_lines": [96], "summary": {"covered_lines": 1, "num_statements": 1, "percent_covered": 100.0, "percent_covered_display": "100", "missing_lines": 0, "excluded_lines": 0}, "missing_lines": [], "excluded_lines": []}, "Vector.rho": {"executed_lines": [107, 108, 109, 110], "summary": {"covered_lines": 4, "num_statements": 4, "percent_covered": 100.0, "percent_covered_display": "100", "missing_lines": 0, "excluded_lines": 0}, "missing_lines": [], "excluded_lines": []}, "Vector.colat": {"executed_lines": [121], "summary": {"covered_lines": 1, "num_statements": 1, "percent_covered": 100.0, "percent_covered_display": "100", "missing_lines": 0, "excluded_lines": 0}, "missing_lines": [], "excluded_lines": []}, "Vector.colatitude": {"executed_lines": [132, 133, 134], "summary": {"covered_lines": 3, "num_statements": 3, "percent_covered": 100.0, "percent_covered_display": "100", "missing_lines": 0, "excluded_lines": 0}, "missing_lines": [], "excluded_lines": []}, "Vector.lat": {"executed_lines": [], "summary": {"covered_lines": 0, "num_statements": 1, "percent_covered": 0.0, "percent_covered_display": "0", "missing_lines": 1, "excluded_lines": 0}, "missing_lines": [145], "excluded_lines": []}, "Vector.latitude": {"executed_lines": [], "summary": {"covered_lines": 0, "num_statements": 3, "percent_covered": 0.0, "percent_covered_display": "0", "missing_lines": 3, "excluded_lines": 0}, "missing_lines": [156, 157, 158], "excluded_lines": []}, "Vector.longitude": {"executed_lines": [169, 170, 171], "summary": {"covered_lines": 3, "num_statements": 3, "percent_covered": 100.0, "percent_covered_display": "100", "missing_lines": 0, "excluded_lines": 0}, "missing_lines": [], "excluded_lines": []}, "Vector.lon": {"executed_lines": [182], "summary": {"covered_lines": 1, "num_statements": 1, "percent_covered": 100.0, "percent_covered_display": "100", "missing_lines": 0, "excluded_lines": 0}, "missing_lines": [], "excluded_lines": []}, "Vector.r": {"executed_lines": [193, 194, 195], "summary": {"covered_lines": 3, "num_statements": 3, "percent_covered": 100.0, "percent_covered_display": "100", "missing_lines": 0, "excluded_lines": 0}, "missing_lines": [], "excluded_lines": []}, "Vector.cartesian": {"executed_lines": [206], "summary": {"covered_lines": 1, "num_statements": 1, "percent_covered": 100.0, "percent_covered_display": "100", "missing_lines": 0, "excluded_lines": 0}, "missing_lines": [], "excluded_lines": []}, "Vector.unit_vector": {"executed_lines": [217, 218, 219], "summary": {"covered_lines": 3, "num_statements": 3, "percent_covered": 100.0, "percent_covered_display": "100", "missing_lines": 0, "excluded_lines": 0}, "missing_lines": [], "excluded_lines": []}, "Vector.uv": {"executed_lines": [230], "summary": {"covered_lines": 1, "num_statements": 1, "percent_covered": 100.0, "percent_covered_display": "100", "missing_lines": 0, "excluded_lines": 0}, "missing_lines": [], "excluded_lines": []}, "Vector.project": {"executed_lines": [250, 251, 253, 257, 258, 259, 265], "summary": {"covered_lines": 7, "num_statements": 7, "percent_covered": 100.0, "percent_covered_display": "100", "missing_lines": 0, "excluded_lines": 0}, "missing_lines": [], "excluded_lines": []}, "Vector.cos_theta": {"executed_lines": [285, 286, 292], "summary": {"covered_lines": 3, "num_statements": 4, "percent_covered": 75.0, "percent_covered_display": "75", "missing_lines": 1, "excluded_lines": 0}, "missing_lines": [288], "excluded_lines": []}, "BField.pressure": {"executed_lines": [314, 315, 316, 317, 318], "summary": {"covered_lines": 5, "num_statements": 5, "percent_covered": 100.0, "percent_covered_display": "100", "missing_lines": 0, "excluded_lines": 0}, "missing_lines": [], "excluded_lines": []}, "BField.pb": {"executed_lines": [329], "summary": {"covered_lines": 1, "num_statements": 1, "percent_covered": 100.0, "percent_covered_display": "100", "missing_lines": 0, "excluded_lines": 0}, "missing_lines": [], "excluded_lines": []}, "": {"executed_lines": [2, 8, 9, 10, 12, 15, 16, 24, 34, 49, 73, 74, 87, 88, 98, 99, 112, 113, 123, 124, 136, 137, 147, 148, 160, 161, 173, 174, 184, 185, 197, 198, 208, 209, 221, 222, 232, 267, 295, 296, 298, 299, 320, 321], "summary": {"covered_lines": 41, "num_statements": 41, "percent_covered": 100.0, "percent_covered_display": "100", "missing_lines": 0, "excluded_lines": 0}, "missing_lines": [], "excluded_lines": []}}, "classes": {"Vector": {"executed_lines": [32, 62, 63, 64, 71, 82, 83, 84, 85, 96, 107, 108, 109, 110, 121, 132, 133, 134, 169, 170, 171, 182, 193, 194, 195, 206, 217, 218, 219, 230, 250, 251, 253, 257, 258, 259, 265, 285, 286, 292], "summary": {"covered_lines": 40, "num_statements": 47, "percent_covered": 85.1063829787234, "percent_covered_display": "85", "missing_lines": 7, "excluded_lines": 0}, "missing_lines": [47, 68, 145, 156, 157, 158, 288], "excluded_lines": []}, "BField": {"executed_lines": [314, 315, 316, 317, 318, 329], "summary": {"covered_lines": 6, "num_statements": 6, "percent_covered": 100.0, "percent_covered_display": "100", "missing_lines": 0, "excluded_lines": 0}, "missing_lines": [], "excluded_lines": []}, "": {"executed_lines": [2, 8, 9, 10, 12, 15, 16, 24, 34, 49, 73, 74, 87, 88, 98, 99, 112, 113, 123, 124, 136, 137, 147, 148, 160, 161, 173, 174, 184, 185, 197, 198, 208, 209, 221, 222, 232, 267, 295, 296, 298, 299, 320, 321], "summary": {"covered_lines": 41, "num_statements": 41, "percent_covered": 100.0, "percent_covered_display": "100", "missing_lines": 0, "excluded_lines": 0}, "missing_lines": [], "excluded_lines": []}}}, "solarwindpy/fitfunctions/__init__.py": {"executed_lines": [1, 4, 5, 6, 7, 8, 9, 12, 14, 15, 16, 17, 18, 19, 21], "summary": {"covered_lines": 14, "num_statements": 14, "percent_covered": 100.0, "percent_covered_display": "100", "missing_lines": 0, "excluded_lines": 0}, "missing_lines": [], "excluded_lines": [], "functions": {"": {"executed_lines": [1, 4, 5, 6, 7, 8, 9, 12, 14, 15, 16, 17, 18, 19, 21], "summary": {"covered_lines": 14, "num_statements": 14, "percent_covered": 100.0, "percent_covered_display": "100", "missing_lines": 0, "excluded_lines": 0}, "missing_lines": [], "excluded_lines": []}}, "classes": {"": {"executed_lines": [1, 4, 5, 6, 7, 8, 9, 12, 14, 15, 16, 17, 18, 19, 21], "summary": {"covered_lines": 14, "num_statements": 14, "percent_covered": 100.0, "percent_covered_display": "100", "missing_lines": 0, "excluded_lines": 0}, "missing_lines": [], "excluded_lines": []}}}, "solarwindpy/fitfunctions/core.py": {"executed_lines": [2, 10, 11, 12, 13, 15, 16, 17, 20, 22, 23, 34, 35, 37, 38, 40, 41, 42, 43, 44, 63, 64, 74, 112, 113, 115, 116, 117, 119, 135, 136, 138, 149, 150, 156, 162, 164, 165, 166, 168, 171, 172, 174, 175, 184, 185, 191, 192, 196, 197, 201, 203, 204, 206, 208, 209, 223, 224, 228, 229, 231, 233, 234, 235, 237, 238, 241, 242, 243, 247, 248, 256, 258, 259, 261, 263, 264, 265, 267, 268, 270, 275, 276, 278, 280, 281, 282, 284, 285, 286, 288, 289, 292, 293, 294, 300, 302, 303, 308, 310, 311, 316, 317, 318, 319, 320, 321, 323, 325, 326, 330, 331, 332, 333, 335, 337, 338, 340, 345, 351, 352, 353, 354, 356, 357, 363, 370, 372, 375, 377, 378, 379, 381, 382, 383, 385, 387, 390, 391, 393, 394, 395, 396, 397, 399, 401, 408, 409, 411, 412, 413, 414, 418, 419, 426, 434, 435, 437, 441, 442, 446, 447, 451, 459, 460, 462, 480, 504, 508, 509, 510, 511, 513, 514, 515, 517, 519, 521, 522, 524, 525, 526, 527, 528, 530, 531, 532, 533, 535, 538, 539, 540, 541, 542, 543, 544, 549, 558, 559, 561, 568, 569, 572, 573, 577, 578, 579, 583, 584, 588, 589, 601, 604, 606, 609, 621, 624, 625, 626, 627, 630, 632, 635, 636, 637, 641, 642, 643, 646, 647, 648, 649, 650, 651, 652, 655, 656, 657, 658, 659, 661, 662, 664, 665, 667, 668, 669, 671, 672, 677, 682, 684, 686, 713, 714, 715, 717, 719, 720, 723, 724, 725, 728, 729, 731, 733, 735, 736, 737, 738, 739, 741, 742], "summary": {"covered_lines": 271, "num_statements": 306, "percent_covered": 88.56209150326798, "percent_covered_display": "89", "missing_lines": 35, "excluded_lines": 2}, "missing_lines": [182, 189, 194, 225, 226, 244, 245, 364, 415, 416, 443, 444, 448, 449, 472, 475, 476, 478, 551, 553, 554, 555, 556, 564, 565, 570, 592, 593, 595, 596, 597, 599, 607, 622, 721], "excluded_lines": [28, 29], "functions": {"FitFunction.__init__": {"executed_lines": [112, 113, 115, 116, 117, 119], "summary": {"covered_lines": 6, "num_statements": 6, "percent_covered": 100.0, "percent_covered_display": "100", "missing_lines": 0, "excluded_lines": 0}, "missing_lines": [], "excluded_lines": []}, "FitFunction.__str__": {"executed_lines": [136], "summary": {"covered_lines": 1, "num_statements": 1, "percent_covered": 100.0, "percent_covered_display": "100", "missing_lines": 0, "excluded_lines": 0}, "missing_lines": [], "excluded_lines": []}, "FitFunction.__call__": {"executed_lines": [149, 150, 156, 162], "summary": {"covered_lines": 4, "num_statements": 4, "percent_covered": 100.0, "percent_covered_display": "100", "missing_lines": 0, "excluded_lines": 0}, "missing_lines": [], "excluded_lines": []}, "FitFunction.logger": {"executed_lines": [166], "summary": {"covered_lines": 1, "num_statements": 1, "percent_covered": 100.0, "percent_covered_display": "100", "missing_lines": 0, "excluded_lines": 0}, "missing_lines": [], "excluded_lines": []}, "FitFunction._init_logger": {"executed_lines": [171, 172], "summary": {"covered_lines": 2, "num_statements": 2, "percent_covered": 100.0, "percent_covered_display": "100", "missing_lines": 0, "excluded_lines": 0}, "missing_lines": [], "excluded_lines": []}, "FitFunction.function": {"executed_lines": [], "summary": {"covered_lines": 0, "num_statements": 1, "percent_covered": 0.0, "percent_covered_display": "0", "missing_lines": 1, "excluded_lines": 0}, "missing_lines": [182], "excluded_lines": []}, "FitFunction.p0": {"executed_lines": [], "summary": {"covered_lines": 0, "num_statements": 1, "percent_covered": 0.0, "percent_covered_display": "0", "missing_lines": 1, "excluded_lines": 0}, "missing_lines": [189], "excluded_lines": []}, "FitFunction.TeX_function": {"executed_lines": [], "summary": {"covered_lines": 0, "num_statements": 1, "percent_covered": 0.0, "percent_covered_display": "0", "missing_lines": 1, "excluded_lines": 0}, "missing_lines": [194], "excluded_lines": []}, "FitFunction.argnames": {"executed_lines": [201], "summary": {"covered_lines": 1, "num_statements": 1, "percent_covered": 100.0, "percent_covered_display": "100", "missing_lines": 0, "excluded_lines": 0}, "missing_lines": [], "excluded_lines": []}, "FitFunction.fit_bounds": {"executed_lines": [206], "summary": {"covered_lines": 1, "num_statements": 1, "percent_covered": 100.0, "percent_covered_display": "100", "missing_lines": 0, "excluded_lines": 0}, "missing_lines": [], "excluded_lines": []}, "FitFunction.chisq_dof": {"executed_lines": [223, 224], "summary": {"covered_lines": 2, "num_statements": 4, "percent_covered": 50.0, "percent_covered_display": "50", "missing_lines": 2, "excluded_lines": 0}, "missing_lines": [225, 226], "excluded_lines": []}, "FitFunction.dof": {"executed_lines": [231], "summary": {"covered_lines": 1, "num_statements": 1, "percent_covered": 100.0, "percent_covered_display": "100", "missing_lines": 0, "excluded_lines": 0}, "missing_lines": [], "excluded_lines": []}, "FitFunction.fit_result": {"executed_lines": [235], "summary": {"covered_lines": 1, "num_statements": 1, "percent_covered": 100.0, "percent_covered_display": "100", "missing_lines": 0, "excluded_lines": 0}, "missing_lines": [], "excluded_lines": []}, "FitFunction.initial_guess_info": {"executed_lines": [241, 242, 243, 247, 248, 256], "summary": {"covered_lines": 6, "num_statements": 8, "percent_covered": 75.0, "percent_covered_display": "75", "missing_lines": 2, "excluded_lines": 0}, "missing_lines": [244, 245], "excluded_lines": []}, "FitFunction.nobs": {"executed_lines": [261], "summary": {"covered_lines": 1, "num_statements": 1, "percent_covered": 100.0, "percent_covered_display": "100", "missing_lines": 0, "excluded_lines": 0}, "missing_lines": [], "excluded_lines": []}, "FitFunction.observations": {"executed_lines": [265], "summary": {"covered_lines": 1, "num_statements": 1, "percent_covered": 100.0, "percent_covered_display": "100", "missing_lines": 0, "excluded_lines": 0}, "missing_lines": [], "excluded_lines": []}, "FitFunction.plotter": {"executed_lines": [270], "summary": {"covered_lines": 1, "num_statements": 1, "percent_covered": 100.0, "percent_covered_display": "100", "missing_lines": 0, "excluded_lines": 0}, "missing_lines": [], "excluded_lines": []}, "FitFunction.popt": {"executed_lines": [278], "summary": {"covered_lines": 1, "num_statements": 1, "percent_covered": 100.0, "percent_covered_display": "100", "missing_lines": 0, "excluded_lines": 0}, "missing_lines": [], "excluded_lines": []}, "FitFunction.psigma": {"executed_lines": [282], "summary": {"covered_lines": 1, "num_statements": 1, "percent_covered": 100.0, "percent_covered_display": "100", "missing_lines": 0, "excluded_lines": 0}, "missing_lines": [], "excluded_lines": []}, "FitFunction.psigma_relative": {"executed_lines": [286], "summary": {"c
[...]
asses": {"LISIRD_ID": {"executed_lines": [83, 87, 91, 103], "summary": {"covered_lines": 4, "num_statements": 4, "percent_covered": 100.0, "percent_covered_display": "100", "missing_lines": 0, "excluded_lines": 0}, "missing_lines": [], "excluded_lines": []}, "LISIRDLoader": {"executed_lines": [], "summary": {"covered_lines": 0, "num_statements": 63, "percent_covered": 0.0, "percent_covered_display": "0", "missing_lines": 63, "excluded_lines": 0}, "missing_lines": [109, 113, 116, 117, 118, 119, 121, 122, 123, 124, 125, 128, 132, 134, 137, 138, 139, 141, 142, 144, 145, 150, 151, 153, 154, 157, 158, 159, 161, 162, 164, 165, 167, 168, 169, 170, 171, 172, 173, 175, 176, 178, 179, 181, 182, 183, 185, 186, 187, 188, 189, 190, 191, 192, 193, 194, 197, 202, 203, 207, 208, 210, 211], "excluded_lines": []}, "LISIRD": {"executed_lines": [], "summary": {"covered_lines": 0, "num_statements": 16, "percent_covered": 0.0, "percent_covered_display": "0", "missing_lines": 16, "excluded_lines": 0}, "missing_lines": [225, 226, 227, 228, 231, 235, 239, 242, 287, 288, 289, 292, 301, 302, 303, 304], "excluded_lines": []}, "LISIRDExtrema": {"executed_lines": [], "summary": {"covered_lines": 0, "num_statements": 5, "percent_covered": 0.0, "percent_covered_display": "0", "missing_lines": 5, "excluded_lines": 0}, "missing_lines": [311, 315, 316, 317, 318], "excluded_lines": []}, "": {"executed_lines": [2, 7, 8, 9, 10, 11, 13, 17, 23, 25, 43, 44, 85, 86, 89, 90, 106, 107, 108, 111, 112, 115, 136, 156, 196, 214, 215, 217, 230, 233, 234, 237, 238, 241, 284, 286, 291, 307, 308, 309, 313], "summary": {"covered_lines": 39, "num_statements": 39, "percent_covered": 100.0, "percent_covered_display": "100", "missing_lines": 0, "excluded_lines": 0}, "missing_lines": [], "excluded_lines": []}}}, "solarwindpy/solar_activity/plots.py": {"executed_lines": [1, 3, 4, 10, 12, 17, 18, 20, 34, 35, 36, 37, 38, 40, 41, 42, 43, 45, 46, 48, 50, 51, 52, 54, 55, 56, 58, 59, 60, 62, 63, 64, 65, 66, 67, 69, 86, 87, 88, 89, 91, 92, 93, 95, 96, 97, 99, 102, 103, 105, 109, 110, 111], "summary": {"covered_lines": 50, "num_statements": 65, "percent_covered": 76.92307692307692, "percent_covered_display": "77", "missing_lines": 15, "excluded_lines": 0}, "missing_lines": [30, 31, 32, 70, 72, 73, 76, 77, 79, 80, 81, 82, 84, 106, 107], "excluded_lines": [], "functions": {"IndicatorPlot.__init__": {"executed_lines": [], "summary": {"covered_lines": 0, "num_statements": 3, "percent_covered": 0.0, "percent_covered_display": "0", "missing_lines": 3, "excluded_lines": 0}, "missing_lines": [30, 31, 32], "excluded_lines": []}, "IndicatorPlot._format_axis": {"executed_lines": [36, 37, 38, 40, 41, 42, 43, 45, 46, 48], "summary": {"covered_lines": 10, "num_statements": 10, "percent_covered": 100.0, "percent_covered_display": "100", "missing_lines": 0, "excluded_lines": 0}, "missing_lines": [], "excluded_lines": []}, "IndicatorPlot.indicator": {"executed_lines": [52], "summary": {"covered_lines": 1, "num_statements": 1, "percent_covered": 100.0, "percent_covered_display": "100", "missing_lines": 0, "excluded_lines": 0}, "missing_lines": [], "excluded_lines": []}, "IndicatorPlot.plasma_index": {"executed_lines": [56], "summary": {"covered_lines": 1, "num_statements": 1, "percent_covered": 100.0, "percent_covered_display": "100", "missing_lines": 0, "excluded_lines": 0}, "missing_lines": [], "excluded_lines": []}, "IndicatorPlot.ykey": {"executed_lines": [60], "summary": {"covered_lines": 1, "num_statements": 1, "percent_covered": 100.0, "percent_covered_display": "100", "missing_lines": 0, "excluded_lines": 0}, "missing_lines": [], "excluded_lines": []}, "IndicatorPlot.plot_data": {"executed_lines": [64, 65, 66, 67], "summary": {"covered_lines": 4, "num_statements": 4, "percent_covered": 100.0, "percent_covered_display": "100", "missing_lines": 0, "excluded_lines": 0}, "missing_lines": [], "excluded_lines": []}, "IndicatorPlot.set_path": {"executed_lines": [], "summary": {"covered_lines": 0, "num_statements": 10, "percent_covered": 0.0, "percent_covered_display": "0", "missing_lines": 10, "excluded_lines": 0}, "missing_lines": [70, 72, 73, 76, 77, 79, 80, 81, 82, 84], "excluded_lines": []}, "IndicatorPlot.set_data": {"executed_lines": [87, 88, 89], "summary": {"covered_lines": 3, "num_statements": 3, "percent_covered": 100.0, "percent_covered_display": "100", "missing_lines": 0, "excluded_lines": 0}, "missing_lines": [], "excluded_lines": []}, "IndicatorPlot.make_plot": {"executed_lines": [92, 93, 95, 96, 97, 99], "summary": {"covered_lines": 6, "num_statements": 6, "percent_covered": 100.0, "percent_covered_display": "100", "missing_lines": 0, "excluded_lines": 0}, "missing_lines": [], "excluded_lines": []}, "SSNPlot.__init__": {"executed_lines": [], "summary": {"covered_lines": 0, "num_statements": 2, "percent_covered": 0.0, "percent_covered_display": "0", "missing_lines": 2, "excluded_lines": 0}, "missing_lines": [106, 107], "excluded_lines": []}, "SSNPlot._format_axis": {"executed_lines": [110, 111], "summary": {"covered_lines": 2, "num_statements": 2, "percent_covered": 100.0, "percent_covered_display": "100", "missing_lines": 0, "excluded_lines": 0}, "missing_lines": [], "excluded_lines": []}, "": {"executed_lines": [1, 3, 4, 10, 12, 17, 18, 20, 34, 35, 50, 51, 54, 55, 58, 59, 62, 63, 69, 86, 91, 102, 103, 105, 109], "summary": {"covered_lines": 22, "num_statements": 22, "percent_covered": 100.0, "percent_covered_display": "100", "missing_lines": 0, "excluded_lines": 0}, "missing_lines": [], "excluded_lines": []}}, "classes": {"IndicatorPlot": {"executed_lines": [36, 37, 38, 40, 41, 42, 43, 45, 46, 48, 52, 56, 60, 64, 65, 66, 67, 87, 88, 89, 92, 93, 95, 96, 97, 99], "summary": {"covered_lines": 26, "num_statements": 39, "percent_covered": 66.66666666666667, "percent_covered_display": "67", "missing_lines": 13, "excluded_lines": 0}, "missing_lines": [30, 31, 32, 70, 72, 73, 76, 77, 79, 80, 81, 82, 84], "excluded_lines": []}, "SSNPlot": {"executed_lines": [110, 111], "summary": {"covered_lines": 2, "num_statements": 4, "percent_covered": 50.0, "percent_covered_display": "50", "missing_lines": 2, "excluded_lines": 0}, "missing_lines": [106, 107], "excluded_lines": []}, "": {"executed_lines": [1, 3, 4, 10, 12, 17, 18, 20, 34, 35, 50, 51, 54, 55, 58, 59, 62, 63, 69, 86, 91, 102, 103, 105, 109], "summary": {"covered_lines": 22, "num_statements": 22, "percent_covered": 100.0, "percent_covered_display": "100", "missing_lines": 0, "excluded_lines": 0}, "missing_lines": [], "excluded_lines": []}}}, "solarwindpy/solar_activity/sunspot_number/__init__.py": {"executed_lines": [1, 3], "summary": {"covered_lines": 1, "num_statements": 1, "percent_covered": 100.0, "percent_covered_display": "100", "missing_lines": 0, "excluded_lines": 0}, "missing_lines": [], "excluded_lines": [], "functions": {"": {"executed_lines": [1, 3], "summary": {"covered_lines": 1, "num_statements": 1, "percent_covered": 100.0, "percent_covered_display": "100", "missing_lines": 0, "excluded_lines": 0}, "missing_lines": [], "excluded_lines": []}}, "classes": {"": {"executed_lines": [1, 3], "summary": {"covered_lines": 1, "num_statements": 1, "percent_covered": 100.0, "percent_covered_display": "100", "missing_lines": 0, "excluded_lines": 0}, "missing_lines": [], "excluded_lines": []}}}, "solarwindpy/solar_activity/sunspot_number/sidc.py": {"executed_lines": [2, 4, 5, 6, 7, 9, 10, 12, 14, 15, 16, 17, 18, 19, 23, 26, 31, 36, 41, 48, 81, 114, 150, 152, 163, 164, 182, 184, 185, 186, 188, 189, 190, 199, 202, 203, 204, 205, 207, 208, 210, 214, 215, 217, 218, 219, 220, 224, 225, 227, 228, 229, 230, 247, 262, 265, 266, 268, 269, 271, 272, 273, 274, 275, 276, 277, 279, 280, 282, 284, 285, 286, 287, 291, 292, 294, 297, 298, 300, 307, 308, 309, 310, 311, 312, 318, 319, 320, 322, 323, 324, 326, 327, 328, 329, 331, 332, 334, 335, 338, 339, 341, 351, 352, 353, 354, 355, 356, 357, 358, 360, 361, 362, 363, 365, 367, 369, 373, 374, 376, 377, 378, 379, 380, 382, 383, 384, 386, 388, 393, 394, 401, 402, 403, 406, 408, 409, 410, 411, 412, 413, 415, 417, 418, 419, 421, 423, 424, 426, 428, 429, 436, 437, 439, 440, 442, 443, 447, 448, 450, 452, 454, 457, 458, 459, 461, 462, 493, 546, 547, 548, 549, 553, 554, 555, 556, 557], "summary": {"covered_lines": 175, "num_statements": 248, "percent_covered": 70.56451612903226, "percent_covered_display": "71", "missing_lines": 73, "excluded_lines": 0}, "missing_lines": [232, 233, 234, 236, 237, 239, 240, 243, 248, 249, 251, 254, 255, 257, 259, 395, 397, 398, 399, 431, 433, 434, 444, 445, 464, 465, 466, 467, 468, 469, 473, 474, 476, 477, 478, 479, 480, 484, 486, 488, 489, 490, 491, 497, 499, 500, 503, 504, 506, 508, 510, 511, 515, 516, 517, 518, 519, 523, 524, 525, 526, 527, 530, 531, 532, 533, 537, 538, 539, 540, 541, 542, 543], "excluded_lines": [], "functions": {"SIDC_ID.__init__": {"executed_lines": [182], "summary": {"covered_lines": 1, "num_statements": 1, "percent_covered": 100.0, "percent_covered_display": "100", "missing_lines": 0, "excluded_lines": 0}, "missing_lines": [], "excluded_lines": []}, "SIDC_ID._url_base": {"executed_lines": [186], "summary": {"covered_lines": 1, "num_statements": 1, "percent_covered": 100.0, "percent_covered_display": "100", "missing_lines": 0, "excluded_lines": 0}, "missing_lines": [], "excluded_lines": []}, "SIDC_ID._trans_url": {"executed_lines": [190, 199], "summary": {"covered_lines": 2, "num_statements": 2, "percent_covered": 100.0, "percent_covered_display": "100", "missing_lines": 0, "excluded_lines": 0}, "missing_lines": [], "excluded_lines": []}, "SIDCLoader.data_path": {"executed_lines": [205], "summary": {"covered_lines": 1, "num_statements": 1, "percent_covered": 100.0, "percent_covered_display": "100", "missing_lines": 0, "excluded_lines": 0}, "missing_lines": [], "excluded_lines": []}, "SIDCLoader.convert_nans": {"executed_lines": [208], "summary": {"covered_lines": 1, "num_statements": 1, "percent_covered": 100.0, "percent_covered_display": "100", "missing_lines": 0, "excluded_lines": 0}, "missing_lines": [], "excluded_lines": []}, "SIDCLoader.download_data": {"executed_lines": [214, 215, 217, 218, 219, 220, 224, 225, 227, 228, 229, 230, 247, 262, 265, 266, 268, 269, 271, 272, 273, 274, 275, 276, 277], "summary": {"covered_lines": 25, "num_statements": 40, "percent_covered": 62.5, "percent_covered_display": "62", "missing_lines": 15, "excluded_lines": 0}, "missing_lines": [232, 233, 234, 236, 237, 239, 240, 243, 248, 249, 251, 254, 255, 257, 259], "excluded_lines": []}, "SIDCLoader.load_data": {"executed_lines": [280, 282, 284, 285, 286, 287, 291, 292, 294], "summary": {"covered_lines": 9, "num_statements": 9, "percent_covered": 100.0, "percent_covered_display": "100", "missing_lines": 0, "excluded_lines": 0}, "missing_lines": [], "excluded_lines": []}, "SIDC.__init__": {"executed_lines": [307, 308, 309, 310, 311, 312], "summary": {"covered_lines": 6, "num_statements": 6, "percent_covered": 100.0, "percent_covered_display": "100", "missing_lines": 0, "excluded_lines": 0}, "missing_lines": [], "excluded_lines": []}, "SIDC.spec_by_ssn_band": {"executed_lines": [320], "summary": {"covered_lines": 1, "num_statements": 1, "percent_covered": 100.0, "percent_covered_display": "100", "missing_lines": 0, "excluded_lines": 0}, "missing_lines": [], "excluded_lines": []}, "SIDC.ssn_band_intervals": {"executed_lines": [324], "summary": {"covered_lines": 1, "num_statements": 1, "percent_covered": 100.0, "percent_covered_display": "100", "missing_lines": 0, "excluded_lines": 0}, "missing_lines": [], "excluded_lines": []}, "SIDC.load_data": {"executed_lines": [327, 328, 329], "summary": {"covered_lines": 3, "num_statements": 3, "percent_covered": 100.0, "percent_covered_display": "100", "missing_lines": 0, "excluded_lines": 0}, "missing_lines": [], "excluded_lines": []}, "SIDC.set_extrema": {"executed_lines": [332], "summary": {"covered_lines": 1, "num_statements": 1, "percent_covered": 100.0, "percent_covered_display": "100", "missing_lines": 0, "excluded_lines": 0}, "missing_lines": [], "excluded_lines": []}, "SIDC.interpolate_data": {"executed_lines": [335, 338, 339], "summary": {"covered_lines": 3, "num_statements": 3, "percent_covered": 100.0, "percent_covered_display": "100", "missing_lines": 0, "excluded_lines": 0}, "missing_lines": [], "excluded_lines": []}, "SIDC.calculate_extrema_kind": {"executed_lines": [351, 352, 353, 354, 355, 356, 357, 358, 360, 361, 362, 363, 365, 367], "summary": {"covered_lines": 14, "num_statements": 14, "percent_covered": 100.0, "percent_covered_display": "100", "missing_lines": 0, "excluded_lines": 0}, "missing_lines": [], "excluded_lines": []}, "SIDC.calculate_edge": {"executed_lines": [373, 374, 376, 377, 378, 379, 380, 382, 383, 384, 386, 388], "summary": {"covered_lines": 12, "num_statements": 12, "percent_covered": 100.0, "percent_covered_display": "100", "missing_lines": 0, "excluded_lines": 0}, "missing_lines": [], "excluded_lines": []}, "SIDC.normalized": {"executed_lines": [], "summary": {"covered_lines": 0, "num_statements": 4, "percent_covered": 0.0, "percent_covered_display": "0", "missing_lines": 4, "excluded_lines": 0}, "missing_lines": [395, 397, 398, 399], "excluded_lines": []}, "SIDC._run_normalization": {"executed_lines": [402, 403, 406, 408, 409, 410, 411, 412, 413], "summary": {"covered_lines": 9, "num_statements": 9, "percent_covered": 100.0, "percent_covered_display": "100", "missing_lines": 0, "excluded_lines": 0}, "missing_lines": [], "excluded_lines": []}, "SIDC.run_normalization": {"executed_lines": [417, 418, 419, 421, 423, 426, 428, 429, 436, 437, 439, 440, 442, 443, 447, 448, 450], "summary": {"covered_lines": 17, "num_statements": 22, "percent_covered": 77.27272727272727, "percent_covered_display": "77", "missing_lines": 5, "excluded_lines": 0}, "missing_lines": [431, 433, 434, 444, 445], "excluded_lines": []}, "SIDC.run_normalization.norm_fcn": {"executed_lines": [424], "summary": {"covered_lines": 1, "num_statements": 1, "percent_covered": 100.0, "percent_covered_display": "100", "missing_lines": 0, "excluded_lines": 0}, "missing_lines": [], "excluded_lines": []}, "SIDC.cut_spec_by_ssn_band": {"executed_lines": [457, 458, 459, 461, 462], "summary": {"covered_lines": 5, "num_statements": 24, "percent_covered": 20.833333333333332, "percent_covered_display": "21", "missing_lines": 19, "excluded_lines": 0}, "missing_lines": [464, 465, 466, 467, 468, 469, 473, 474, 476, 477, 478, 479, 480, 484, 486, 488, 489, 490, 491], "excluded_lines": []}, "SIDC.plot_on_colorbar": {"executed_lines": [], "summary": {"covered_lines": 0, "num_statements": 30, "percent_covered": 0.0, "percent_covered_display": "0", "missing_lines": 30, "excluded_lines": 0}, "missing_lines": [497, 499, 500, 503, 504, 506, 508, 510, 511, 515, 516, 517, 518, 519, 523, 524, 525, 526, 527, 530, 531, 532, 533, 537, 538, 539, 540, 541, 542, 543], "excluded_lines": []}, "SSNExtrema.load_or_set_data": {"executed_lines": [548, 549, 553, 554, 555, 556, 557], "summary": {"covered_lines": 7, "num_statements": 7, "percent_covered": 100.0, "percent_covered_display": "100", "missing_lines": 0, "excluded_lines": 0}, "missing_lines": [], "excluded_lines": []}, "": {"executed_lines": [2, 4, 5, 6, 7, 9, 10, 12, 14, 15, 16, 17, 18, 19, 23, 26, 31, 36, 41, 48, 81, 114, 150, 152, 163, 164, 184, 185, 188, 189, 202, 203, 204, 207, 210, 279, 297, 298, 300, 318, 319, 322, 323, 326, 331, 334, 341, 369, 393, 394, 401, 415, 452, 454, 493, 546, 547], "summary": {"covered_lines": 55, "num_statements": 55, "percent_covered": 100.0, "percent_covered_display": "100", "missing_lines": 0, "excluded_lines": 0}, "missing_lines": [], "excluded_lines": []}}, "classes": {"SIDC_ID": {"executed_lines": [182, 186, 190, 199], "summary": {"covered_lines": 4, "num_statements": 4, "percent_covered": 100.0, "percent_covered_display": "100", "missing_lines": 0, "excluded_lines": 0}, "missing_lines": [], "excluded_lines": []}, "SIDCLoader": {"executed_lines": [205, 208, 214, 215, 217, 218, 219, 220, 224, 225, 227, 228, 229, 230, 247, 262, 265, 266, 268, 269, 271, 272, 273, 274, 275, 276, 277, 280, 282, 284, 285, 286, 287, 291, 292, 294], "summary": {"covered_lines": 36, "num_statements": 51, "percent_covered": 70.58823529411765, "percent_covered_display": "71", "missing_lines": 15, "excluded_lines": 0}, "missing_lines": [232, 233, 234, 236, 237, 239, 240, 243, 248, 249, 251, 254, 255, 257, 259], "excluded_lines": []}, "SIDC": {"executed_lines": [307, 308, 309, 310, 311, 312, 320, 324, 327, 328, 329, 332, 335, 338, 339, 351, 352, 353, 354, 355, 356, 357, 358, 360, 361, 362, 363, 365, 367, 373, 374, 376, 377, 378, 379, 380, 382, 383, 384, 386, 388, 402, 403, 406, 408, 409, 410, 411, 412, 413, 417, 418, 419, 421, 423, 424, 426, 428, 429, 436, 437, 439, 440, 442, 443, 447, 448, 450, 457, 458, 459, 461, 462], "summary": {"covered_lines": 73, "num_statements": 131, "percent_covered": 55.725190839694655, "percent_covered_display": "56", "missing_lines": 58, "excluded_lines": 0}, "missing_lines": [395, 397, 398, 399, 431, 433, 434, 444, 445, 464, 465, 466, 467, 468, 469, 473, 474, 476, 477, 478, 479, 480, 484, 486, 488, 489, 490, 491, 497, 499, 500, 503, 504, 506, 508, 510, 511, 515, 516, 517, 518, 519, 523, 524, 525, 526, 527, 530, 531, 532, 533, 537, 538, 539, 540, 541, 542, 543], "excluded_lines": []}, "SSNExtrema": {"executed_lines": [548, 549, 553, 554, 555, 556, 557], "summary": {"covered_lines": 7, "num_statements": 7, "percent_covered": 100.0, "percent_covered_display": "100", "missing_lines": 0, "excluded_lines": 0}, "missing_lines": [], "excluded_lines": []}, "": {"executed_lines": [2, 4, 5, 6, 7, 9, 10, 12, 14, 15, 16, 17, 18, 19, 23, 26, 31, 36, 41, 48, 81, 114, 150, 152, 163, 164, 184, 185, 188, 189, 202, 203, 204, 207, 210, 279, 297, 298, 300, 318, 319, 322, 323, 326, 331, 334, 341, 369, 393, 394, 401, 415, 452, 454, 493, 546, 547], "summary": {"covered_lines": 55, "num_statements": 55, "percent_covered": 100.0, "percent_covered_display": "100", "missing_lines": 0, "excluded_lines": 0}, "missing_lines": [], "excluded_lines": []}}}, "solarwindpy/tools/__init__.py": {"executed_lines": [2, 23, 24, 25, 26, 29, 101], "summary": {"covered_lines": 6, "num_statements": 40, "percent_covered": 15.0, "percent_covered_display": "15", "missing_lines": 34, "excluded_lines": 0}, "missing_lines": [53, 54, 56, 57, 59, 60, 62, 63, 65, 67, 69, 75, 79, 82, 84, 85, 86, 87, 89, 90, 92, 93, 96, 98, 132, 133, 134, 135, 137, 138, 139, 140, 141, 143], "excluded_lines": [], "functions": {"swap_protons": {"executed_lines": [], "summary": {"covered_lines": 0, "num_statements": 24, "percent_covered": 0.0, "percent_covered_display": "0", "missing_lines": 24, "excluded_lines": 0}, "missing_lines": [53, 54, 56, 57, 59, 60, 62, 63, 65, 67, 69, 75, 79, 82, 84, 85, 86, 87, 89, 90, 92, 93, 96, 98], "excluded_lines": []}, "normal_parameters": {"executed_lines": [], "summary": {"covered_lines": 0, "num_statements": 10, "percent_covered": 0.0, "percent_covered_display": "0", "missing_lines": 10, "excluded_lines": 0}, "missing_lines": [132, 133, 134, 135, 137, 138, 139, 140, 141, 143], "excluded_lines": []}, "": {"executed_lines": [2, 23, 24, 25, 26, 29, 101], "summary": {"covered_lines": 6, "num_statements": 6, "percent_covered": 100.0, "percent_covered_display": "100", "missing_lines": 0, "excluded_lines": 0}, "missing_lines": [], "excluded_lines": []}}, "classes": {"": {"executed_lines": [2, 23, 24, 25, 26, 29, 101], "summary": {"covered_lines": 6, "num_statements": 40, "percent_covered": 15.0, "percent_covered_display": "15", "missing_lines": 34, "excluded_lines": 0}, "missing_lines": [53, 54, 56, 57, 59, 60, 62, 63, 65, 67, 69, 75, 79, 82, 84, 85, 86, 87, 89, 90, 92, 93, 96, 98, 132, 133, 134, 135, 137, 138, 139, 140, 141, 143], "excluded_lines": []}}}}, "totals": {"covered_lines": 5372, "num_statements": 6966, "percent_covered": 77.11742750502441, "percent_covered_display": "77", "missing_lines": 1594, "excluded_lines": 6}}